#
# A fatal error has been detected by the Java Runtime Environment:
#
#  EXCEPTION_ACCESS_VIOLATION (0xc0000005) at pc=0x000000005862a406, pid=124, tid=0x0000000000001ff4
#
# JRE version: Java(TM) SE Runtime Environment (8.0_111-b14) (build 1.8.0_111-b14)
# Java VM: Java HotSpot(TM) 64-Bit Server VM (25.111-b14 mixed mode windows-amd64 compressed oops)
# Problematic frame:
# C  [zip.dll+0xa406]
#
# Failed to write core dump. Minidumps are not enabled by default on client versions of Windows
#
# If you would like to submit a bug report, please visit:
#   http://bugreport.java.com/bugreport/crash.jsp
# The crash happened outside the Java Virtual Machine in native code.
# See problematic frame for where to report the bug.
#

---------------  T H R E A D  ---------------

Current thread (0x00000000035a6000):  JavaThread "main" [_thread_in_native, id=8180, stack(0x0000000003260000,0x0000000003360000)]

siginfo: ExceptionCode=0xc0000005, reading address 0x00000000215ec440

Registers:
RAX=0x000000001e2ec0d0, RBX=0x000000001e26c420, RCX=0x0000000000000007, RDX=0x000000000000003f
RSP=0x0000000003359cb0, RBP=0x00000000215ec440, RSI=0x000000008152381e, RDI=0x0000000000000000
R8 =0x0000000000000000, R9 =0x0000000003359d30, R10=0x0000000000330002, R11=0x0000000003359d30
R12=0x0000000003359d30, R13=0x000000000000002d, R14=0x000000000000002d, R15=0x00000000035a6000
RIP=0x000000005862a406, EFLAGS=0x0000000000010202

Top of Stack: (sp=0x0000000003359cb0)
0x0000000003359cb0:   000000001c2e42e8 0000000003359db0
0x0000000003359cc0:   000000008152381e 00000000567e5452
0x0000000003359cd0:   00000000035a6000 000000000335a1d8
0x0000000003359ce0:   00000006c1f09101 000000001e26c420
0x0000000003359cf0:   00000000035a61f8 000000005862203b
0x0000000003359d00:   0000000003359d30 000000000335a1b0
0x0000000003359d10:   000000000000002c 00000000035a61f8
0x0000000003359d20:   0000000003359d30 0000000000000002
0x0000000003359d30:   697270732f67726f 77656d617266676e
0x0000000003359d40:   696c67632f6b726f 2f79786f72702f62
0x0000000003359d50:   632e3124704f6f4e 0000002f7373616c
0x0000000003359d60:   0000000003359f30 0000000000000000
0x0000000003359d70:   00000000035a6000 000000001f88abe0
0x0000000003359d80:   00000000035a38b0 00000000568bd2e2
0x0000000003359d90:   00000000035a6000 0000000003a33a5f
0x0000000003359da0:   0000000000000000 0000000003359f28 

Instructions: (pc=0x000000005862a406)
0x000000005862a3e6:   83 c4 20 41 5f 41 5e 41 5d 41 5c 5f c3 33 ff 41
0x000000005862a3f6:   83 fa ff 74 60 49 63 ea 48 c1 e5 04 48 03 6b 58
0x000000005862a406:   39 75 00 0f 85 a5 00 00 00 45 33 c0 48 8b d5 48
0x000000005862a416:   8b cb e8 83 f6 ff ff 48 8b f8 48 85 c0 0f 84 89 


Register to memory mapping:

RAX=0x000000001e2ec0d0 is an unknown value
RBX=0x000000001e26c420 is an unknown value
RCX=0x0000000000000007 is an unknown value
RDX=0x000000000000003f is an unknown value
RSP=0x0000000003359cb0 is pointing into the stack for thread: 0x00000000035a6000
RBP=0x00000000215ec440 is an unknown value
RSI=0x000000008152381e is an unknown value
RDI=0x0000000000000000 is an unknown value
R8 =0x0000000000000000 is an unknown value
R9 =0x0000000003359d30 is pointing into the stack for thread: 0x00000000035a6000
R10=0x0000000000330002 is an unknown value
R11=0x0000000003359d30 is pointing into the stack for thread: 0x00000000035a6000
R12=0x0000000003359d30 is pointing into the stack for thread: 0x00000000035a6000
R13=0x000000000000002d is an unknown value
R14=0x000000000000002d is an unknown value
R15=0x00000000035a6000 is a thread


Stack: [0x0000000003260000,0x0000000003360000],  sp=0x0000000003359cb0,  free space=999k
Native frames: (J=compiled Java code, j=interpreted, Vv=VM code, C=native code)
C  [zip.dll+0xa406]
C  [zip.dll+0x203b]
C  0x000000000385ae18

Java frames: (J=compiled Java code, j=interpreted, Vv=VM code)
J 332  java.util.zip.ZipFile.getEntry(J[BZ)J (0 bytes) @ 0x000000000385ad9a [0x000000000385ad40+0x5a]
J 564 C2 sun.misc.URLClassPath$JarLoader.getResource(Ljava/lang/String;Z)Lsun/misc/Resource; (85 bytes) @ 0x00000000038fa394 [0x00000000038f9ec0+0x4d4]
J 959 C2 sun.misc.URLClassPath.getResource(Ljava/lang/String;Z)Lsun/misc/Resource; (83 bytes) @ 0x0000000003a3a820 [0x0000000003a3a680+0x1a0]
J 1825 C2 java.net.URLClassLoader$1.run()Ljava/lang/Object; (5 bytes) @ 0x0000000003cca588 [0x0000000003cca0a0+0x4e8]
v  ~StubRoutines::call_stub
J 722  java.security.AccessController.doPrivileged(Ljava/security/PrivilegedExceptionAction;Ljava/security/AccessControlContext;)Ljava/lang/Object; (0 bytes) @ 0x000000000393a366 [0x000000000393a300+0x66]
J 1660 C2 java.lang.ClassLoader.loadClass(Ljava/lang/String;Z)Ljava/lang/Class; (122 bytes) @ 0x0000000003c365e4 [0x0000000003c35a60+0xb84]
J 656 C1 sun.misc.Launcher$AppClassLoader.loadClass(Ljava/lang/String;Z)Ljava/lang/Class; (85 bytes) @ 0x000000000391a7cc [0x0000000003919e00+0x9cc]
J 495 C1 java.lang.ClassLoader.loadClass(Ljava/lang/String;)Ljava/lang/Class; (7 bytes) @ 0x00000000038b260c [0x00000000038b2500+0x10c]
v  ~StubRoutines::call_stub
j  org.springframework.cglib.proxy.NoOp.<clinit>()V+0
v  ~StubRoutines::call_stub
j  org.springframework.context.annotation.ConfigurationClassEnhancer.<clinit>()V+28
v  ~StubRoutines::call_stub
j  org.springframework.context.annotation.ConfigurationClassPostProcessor.enhanceConfigurationClasses(Lorg/springframework/beans/factory/config/ConfigurableListableBeanFactory;)V+301
j  org.springframework.context.annotation.ConfigurationClassPostProcessor.postProcessBeanFactory(Lorg/springframework/beans/factory/config/ConfigurableListableBeanFactory;)V+88
j  org.springframework.context.support.PostProcessorRegistrationDelegate.invokeBeanFactoryPostProcessors(Ljava/util/Collection;Lorg/springframework/beans/factory/config/ConfigurableListableBeanFactory;)V+28
j  org.springframework.context.support.PostProcessorRegistrationDelegate.invokeBeanFactoryPostProcessors(Lorg/springframework/beans/factory/config/ConfigurableListableBeanFactory;Ljava/util/List;)V+494
j  org.springframework.context.support.AbstractApplicationContext.invokeBeanFactoryPostProcessors(Lorg/springframework/beans/factory/config/ConfigurableListableBeanFactory;)V+5
j  org.springframework.context.support.AbstractApplicationContext.refresh()V+28
j  org.springframework.boot.SpringApplication.refresh(Lorg/springframework/context/ApplicationContext;)V+10
j  org.springframework.boot.SpringApplication.refreshContext(Lorg/springframework/context/ConfigurableApplicationContext;)V+2
j  org.springframework.boot.SpringApplication.run([Ljava/lang/String;)Lorg/springframework/context/ConfigurableApplicationContext;+118
j  org.springframework.boot.test.context.SpringBootContextLoader.loadContext(Lorg/springframework/test/context/MergedContextConfiguration;)Lorg/springframework/context/ApplicationContext;+274
j  org.springframework.test.context.cache.DefaultCacheAwareContextLoaderDelegate.loadContextInternal(Lorg/springframework/test/context/MergedContextConfiguration;)Lorg/springframework/context/ApplicationContext;+27
j  org.springframework.test.context.cache.DefaultCacheAwareContextLoaderDelegate.loadContext(Lorg/springframework/test/context/MergedContextConfiguration;)Lorg/springframework/context/ApplicationContext;+24
j  org.springframework.test.context.support.DefaultTestContext.getApplicationContext()Lorg/springframework/context/ApplicationContext;+8
j  org.springframework.test.context.web.ServletTestExecutionListener.setUpRequestContextIfNecessary(Lorg/springframework/test/context/TestContext;)V+18
j  org.springframework.test.context.web.ServletTestExecutionListener.prepareTestInstance(Lorg/springframework/test/context/TestContext;)V+2
j  org.springframework.test.context.TestContextManager.prepareTestInstance(Ljava/lang/Object;)V+89
j  org.springframework.test.context.junit.jupiter.SpringExtension.postProcessTestInstance(Ljava/lang/Object;Lorg/junit/jupiter/api/extension/ExtensionContext;)V+5
j  org.junit.jupiter.engine.descriptor.ClassBasedTestDescriptor.lambda$invokeTestInstancePostProcessors$5(Lorg/junit/jupiter/api/extension/TestInstancePostProcessor;Ljava/lang/Object;Lorg/junit/jupiter/api/extension/ExtensionContext;)V+3
j  org.junit.jupiter.engine.descriptor.ClassBasedTestDescriptor$$Lambda$303.execute()V+12
j  org.junit.jupiter.engine.descriptor.ClassBasedTestDescriptor.executeAndMaskThrowable(Lorg/junit/jupiter/api/function/Executable;)V+1
j  org.junit.jupiter.engine.descriptor.ClassBasedTestDescriptor.lambda$invokeTestInstancePostProcessors$6(Ljava/lang/Object;Lorg/junit/jupiter/api/extension/ExtensionContext;Lorg/junit/jupiter/api/extension/TestInstancePostProcessor;)V+9
j  org.junit.jupiter.engine.descriptor.ClassBasedTestDescriptor$$Lambda$302.accept(Ljava/lang/Object;)V+16
j  java.util.stream.StreamSpliterators$WrappingSpliterator$$Lambda$200.accept(Ljava/lang/Object;)V+5
j  java.util.stream.ReferencePipeline$3$1.accept(Ljava/lang/Object;)V+17
j  java.util.stream.ReferencePipeline$2$1.accept(Ljava/lang/Object;)V+21
j  java.util.ArrayList$ArrayListSpliterator.forEachRemaining(Ljava/util/function/Consumer;)V+99
j  java.util.stream.AbstractPipeline.copyInto(Ljava/util/stream/Sink;Ljava/util/Spliterator;)V+32
j  java.util.stream.AbstractPipeline.wrapAndCopyInto(Ljava/util/stream/Sink;Ljava/util/Spliterator;)Ljava/util/stream/Sink;+13
j  java.util.stream.StreamSpliterators$WrappingSpliterator.forEachRemaining(Ljava/util/function/Consumer;)V+42
j  java.util.stream.Streams$ConcatSpliterator.forEachRemaining(Ljava/util/function/Consumer;)V+22
j  java.util.stream.Streams$ConcatSpliterator.forEachRemaining(Ljava/util/function/Consumer;)V+12
j  java.util.stream.ReferencePipeline$Head.forEach(Ljava/util/function/Consumer;)V+12
j  org.junit.jupiter.engine.descriptor.ClassBasedTestDescriptor.invokeTestInstancePostProcessors(Ljava/lang/Object;Lorg/junit/jupiter/engine/extension/ExtensionRegistry;Lorg/junit/jupiter/api/extension/ExtensionContext;)V+16
j  org.junit.jupiter.engine.descriptor.ClassBasedTestDescriptor.instantiateAndPostProcessTestInstance(Lorg/junit/jupiter/engine/execution/JupiterEngineExecutionContext;Lorg/junit/jupiter/api/extension/ExtensionContext;Lorg/junit/jupiter/engine/extension/ExtensionRegistry;Lorg/junit/jupiter/engine/extension/ExtensionRegistrar;)Lorg/junit/jupiter/api/extension/TestInstances;+21
j  org.junit.jupiter.engine.descriptor.ClassBasedTestDescriptor.lambda$testInstancesProvider$2(Lorg/junit/jupiter/engine/execution/JupiterEngineExecutionContext;Lorg/junit/jupiter/engine/descriptor/ClassExtensionContext;Lorg/junit/jupiter/engine/extension/ExtensionRegistry;Lorg/junit/jupiter/engine/extension/ExtensionRegistrar;)Lorg/junit/jupiter/api/extension/TestInstances;+6
j  org.junit.jupiter.engine.descriptor.ClassBasedTestDescriptor$$Lambda$296.get()Ljava/lang/Object;+20
j  java.util.Optional.orElseGet(Ljava/util/function/Supplier;)Ljava/lang/Object;+15
j  org.junit.jupiter.engine.descriptor.ClassBasedTestDescriptor.lambda$testInstancesProvider$3(Lorg/junit/jupiter/engine/descriptor/ClassExtensionContext;Lorg/junit/jupiter/engine/execution/JupiterEngineExecutionContext;Lorg/junit/jupiter/engine/extension/ExtensionRegistry;Lorg/junit/jupiter/engine/extension/ExtensionRegistrar;)Lorg/junit/jupiter/api/extension/TestInstances;+15
j  org.junit.jupiter.engine.descriptor.ClassBasedTestDescriptor$$Lambda$211.getTestInstances(Lorg/junit/jupiter/engine/extension/ExtensionRegistry;Lorg/junit/jupiter/engine/extension/ExtensionRegistrar;)Lorg/junit/jupiter/api/extension/TestInstances;+14
j  org.junit.jupiter.engine.execution.TestInstancesProvider.getTestInstances(Lorg/junit/jupiter/engine/extension/MutableExtensionRegistry;)Lorg/junit/jupiter/api/extension/TestInstances;+3
j  org.junit.jupiter.engine.descriptor.TestMethodTestDescriptor.lambda$prepare$0(Lorg/junit/jupiter/engine/execution/JupiterEngineExecutionContext;Lorg/junit/jupiter/engine/extension/MutableExtensionRegistry;Lorg/junit/jupiter/engine/descriptor/MethodExtensionContext;)V+5
j  org.junit.jupiter.engine.descriptor.TestMethodTestDescriptor$$Lambda$295.execute()V+12
j  org.junit.platform.engine.support.hierarchical.ThrowableCollector.execute(Lorg/junit/platform/engine/support/hierarchical/ThrowableCollector$Executable;)V+1
j  org.junit.jupiter.engine.descriptor.TestMethodTestDescriptor.prepare(Lorg/junit/jupiter/engine/execution/JupiterEngineExecutionContext;)Lorg/junit/jupiter/engine/execution/JupiterEngineExecutionContext;+43
j  org.junit.jupiter.engine.descriptor.TestMethodTestDescriptor.prepare(Lorg/junit/platform/engine/support/hierarchical/EngineExecutionContext;)Lorg/junit/platform/engine/support/hierarchical/EngineExecutionContext;+5
j  org.junit.platform.engine.support.hierarchical.NodeTestTask.lambda$prepare$1()V+9
j  org.junit.platform.engine.support.hierarchical.NodeTestTask$$Lambda$160.execute()V+4
j  org.junit.platform.engine.support.hierarchical.ThrowableCollector.execute(Lorg/junit/platform/engine/support/hierarchical/ThrowableCollector$Executable;)V+1
j  org.junit.platform.engine.support.hierarchical.NodeTestTask.prepare()V+10
j  org.junit.platform.engine.support.hierarchical.NodeTestTask.execute()V+17
j  org.junit.platform.engine.support.hierarchical.SameThreadHierarchicalTestExecutorService$$Lambda$178.accept(Ljava/lang/Object;)V+4
j  java.util.ArrayList.forEach(Ljava/util/function/Consumer;)V+47
j  org.junit.platform.engine.support.hierarchical.SameThreadHierarchicalTestExecutorService.invokeAll(Ljava/util/List;)V+6
j  org.junit.platform.engine.support.hierarchical.NodeTestTask.lambda$executeRecursively$5()V+116
j  org.junit.platform.engine.support.hierarchical.NodeTestTask$$Lambda$174.execute()V+4
j  org.junit.platform.engine.support.hierarchical.ThrowableCollector.execute(Lorg/junit/platform/engine/support/hierarchical/ThrowableCollector$Executable;)V+1
j  org.junit.platform.engine.support.hierarchical.NodeTestTask.lambda$executeRecursively$7(Lorg/junit/platform/engine/support/hierarchical/EngineExecutionContext;)V+15
j  org.junit.platform.engine.support.hierarchical.NodeTestTask$$Lambda$173.invoke(Lorg/junit/platform/engine/support/hierarchical/EngineExecutionContext;)V+5
j  org.junit.platform.engine.support.hierarchical.Node.around(Lorg/junit/platform/engine/support/hierarchical/EngineExecutionContext;Lorg/junit/platform/engine/support/hierarchical/Node$Invocation;)V+2
j  org.junit.platform.engine.support.hierarchical.NodeTestTask.lambda$executeRecursively$8()V+14
j  org.junit.platform.engine.support.hierarchical.NodeTestTask$$Lambda$172.execute()V+4
j  org.junit.platform.engine.support.hierarchical.ThrowableCollector.execute(Lorg/junit/platform/engine/support/hierarchical/ThrowableCollector$Executable;)V+1
j  org.junit.platform.engine.support.hierarchical.NodeTestTask.executeRecursively()V+31
j  org.junit.platform.engine.support.hierarchical.NodeTestTask.execute()V+55
j  org.junit.platform.engine.support.hierarchical.SameThreadHierarchicalTestExecutorService$$Lambda$178.accept(Ljava/lang/Object;)V+4
j  java.util.ArrayList.forEach(Ljava/util/function/Consumer;)V+47
j  org.junit.platform.engine.support.hierarchical.SameThreadHierarchicalTestExecutorService.invokeAll(Ljava/util/List;)V+6
j  org.junit.platform.engine.support.hierarchical.NodeTestTask.lambda$executeRecursively$5()V+116
j  org.junit.platform.engine.support.hierarchical.NodeTestTask$$Lambda$174.execute()V+4
j  org.junit.platform.engine.support.hierarchical.ThrowableCollector.execute(Lorg/junit/platform/engine/support/hierarchical/ThrowableCollector$Executable;)V+1
j  org.junit.platform.engine.support.hierarchical.NodeTestTask.lambda$executeRecursively$7(Lorg/junit/platform/engine/support/hierarchical/EngineExecutionContext;)V+15
j  org.junit.platform.engine.support.hierarchical.NodeTestTask$$Lambda$173.invoke(Lorg/junit/platform/engine/support/hierarchical/EngineExecutionContext;)V+5
j  org.junit.platform.engine.support.hierarchical.Node.around(Lorg/junit/platform/engine/support/hierarchical/EngineExecutionContext;Lorg/junit/platform/engine/support/hierarchical/Node$Invocation;)V+2
j  org.junit.platform.engine.support.hierarchical.NodeTestTask.lambda$executeRecursively$8()V+14
j  org.junit.platform.engine.support.hierarchical.NodeTestTask$$Lambda$172.execute()V+4
j  org.junit.platform.engine.support.hierarchical.ThrowableCollector.execute(Lorg/junit/platform/engine/support/hierarchical/ThrowableCollector$Executable;)V+1
j  org.junit.platform.engine.support.hierarchical.NodeTestTask.executeRecursively()V+31
j  org.junit.platform.engine.support.hierarchical.NodeTestTask.execute()V+55
j  org.junit.platform.engine.support.hierarchical.SameThreadHierarchicalTestExecutorService.submit(Lorg/junit/platform/engine/support/hierarchical/HierarchicalTestExecutorService$TestTask;)Ljava/util/concurrent/Future;+1
j  org.junit.platform.engine.support.hierarchical.HierarchicalTestExecutor.execute()Ljava/util/concurrent/Future;+74
j  org.junit.platform.engine.support.hierarchical.HierarchicalTestEngine.execute(Lorg/junit/platform/engine/ExecutionRequest;)V+31
j  org.junit.platform.launcher.core.DefaultLauncher.execute(Lorg/junit/platform/engine/TestEngine;Lorg/junit/platform/engine/ExecutionRequest;)V+2
j  org.junit.platform.launcher.core.DefaultLauncher.lambda$execute$6(Lorg/junit/platform/launcher/core/InternalTestPlan;Lorg/junit/platform/launcher/core/Root;Lorg/junit/platform/engine/ConfigurationParameters;Lorg/junit/platform/launcher/TestExecutionListener;)V+76
j  org.junit.platform.launcher.core.DefaultLauncher$$Lambda$143.accept(Ljava/lang/Object;)V+20
j  org.junit.platform.launcher.core.DefaultLauncher.withInterceptedStreams(Lorg/junit/platform/engine/ConfigurationParameters;Lorg/junit/platform/launcher/core/TestExecutionListenerRegistry;Ljava/util/function/Consumer;)V+43
j  org.junit.platform.launcher.core.DefaultLauncher.execute(Lorg/junit/platform/launcher/core/InternalTestPlan;[Lorg/junit/platform/launcher/TestExecutionListener;)V+33
j  org.junit.platform.launcher.core.DefaultLauncher.execute(Lorg/junit/platform/launcher/LauncherDiscoveryRequest;[Lorg/junit/platform/launcher/TestExecutionListener;)V+33
j  com.intellij.junit5.JUnit5IdeaTestRunner.startRunnerWithArgs([Ljava/lang/String;Ljava/lang/String;IZ)I+240
j  com.intellij.rt.execution.junit.IdeaTestRunner$Repeater.startRunnerWithArgs(Lcom/intellij/rt/execution/junit/IdeaTestRunner;[Ljava/lang/String;Ljava/util/ArrayList;Ljava/lang/String;IZ)I+22
j  com.intellij.rt.execution.junit.JUnitStarter.prepareStreamsAndStart([Ljava/lang/String;Ljava/lang/String;Ljava/util/ArrayList;Ljava/lang/String;)I+116
j  com.intellij.rt.execution.junit.JUnitStarter.main([Ljava/lang/String;)V+116
v  ~StubRoutines::call_stub

---------------  P R O C E S S  ---------------

Java Threads: ( => current thread )
  0x000000001e2bc000 JavaThread "Service Thread" daemon [_thread_blocked, id=11612, stack(0x000000001e9e0000,0x000000001eae0000)]
  0x000000001ccce000 JavaThread "C1 CompilerThread2" daemon [_thread_blocked, id=10156, stack(0x000000001e8e0000,0x000000001e9e0000)]
  0x000000001ccc8800 JavaThread "C2 CompilerThread1" daemon [_thread_blocked, id=9148, stack(0x000000001e7e0000,0x000000001e8e0000)]
  0x000000001e1f7000 JavaThread "C2 CompilerThread0" daemon [_thread_blocked, id=7852, stack(0x000000001e6e0000,0x000000001e7e0000)]
  0x000000001e1f5800 JavaThread "Monitor Ctrl-Break" daemon [_thread_in_native, id=10632, stack(0x000000001e5e0000,0x000000001e6e0000)]
  0x000000001ccb9000 JavaThread "Attach Listener" daemon [_thread_blocked, id=1108, stack(0x000000001e0e0000,0x000000001e1e0000)]
  0x000000001cca7000 JavaThread "Signal Dispatcher" daemon [_thread_blocked, id=7100, stack(0x000000001dfe0000,0x000000001e0e0000)]
  0x000000001cc81800 JavaThread "Finalizer" daemon [_thread_blocked, id=1412, stack(0x000000001dee0000,0x000000001dfe0000)]
  0x0000000003697000 JavaThread "Reference Handler" daemon [_thread_blocked, id=6492, stack(0x000000001dde0000,0x000000001dee0000)]
=>0x00000000035a6000 JavaThread "main" [_thread_in_native, id=8180, stack(0x0000000003260000,0x0000000003360000)]

Other Threads:
  0x000000001cc37800 VMThread [stack: 0x000000001dce0000,0x000000001dde0000] [id=12580]
  0x000000001e2e6800 WatcherThread [stack: 0x000000001eae0000,0x000000001ebe0000] [id=3856]

VM state:not at safepoint (normal execution)

VM Mutex/Monitor currently owned by a thread: None

Heap:
 PSYoungGen      total 76288K, used 15032K [0x000000076b400000, 0x0000000772180000, 0x00000007c0000000)
  eden space 65536K, 11% used [0x000000076b400000,0x000000076bb0ef98,0x000000076f400000)
  from space 10752K, 72% used [0x000000076f400000,0x000000076fb9f170,0x000000076fe80000)
  to   space 10752K, 0% used [0x0000000771700000,0x0000000771700000,0x0000000772180000)
 ParOldGen       total 111616K, used 9579K [0x00000006c1c00000, 0x00000006c8900000, 0x000000076b400000)
  object space 111616K, 8% used [0x00000006c1c00000,0x00000006c255ad38,0x00000006c8900000)
 Metaspace       used 25652K, capacity 27232K, committed 27392K, reserved 1073152K
  class space    used 3433K, capacity 3736K, committed 3840K, reserved 1048576K

Card table byte_map: [0x0000000012a60000,0x0000000013260000] byte_map_base: 0x000000000f452000

Marking Bits: (ParMarkBitMap*) 0x0000000056eba6c0
 Begin Bits: [0x0000000013bb0000, 0x0000000017b40000)
 End Bits:   [0x0000000017b40000, 0x000000001bad0000)

Polling page: 0x0000000001170000

CodeCache: size=245760Kb used=7720Kb max_used=7720Kb free=238039Kb
 bounds [0x00000000036a0000, 0x0000000003e40000, 0x00000000126a0000]
 total_blobs=2701 nmethods=2323 adapters=290
 compilation: enabled

Compilation events (10 events):
Event: 5.664 Thread 0x000000001ccce000 nmethod 2318 0x0000000003e2a650 code [0x0000000003e2a7c0, 0x0000000003e2aa28]
Event: 5.664 Thread 0x000000001ccce000 2319       3       java.util.HashMap$EntryIterator::<init> (11 bytes)
Event: 5.664 Thread 0x000000001ccce000 nmethod 2319 0x0000000003e2a290 code [0x0000000003e2a400, 0x0000000003e2a5a8]
Event: 5.664 Thread 0x000000001ccce000 2321       3       org.springframework.beans.factory.support.DefaultListableBeanFactory::getBeanDefinition (78 bytes)
Event: 5.666 Thread 0x000000001ccce000 nmethod 2321 0x0000000003e2c390 code [0x0000000003e2c600, 0x0000000003e2d5d8]
Event: 5.667 Thread 0x000000001e1f7000 nmethod 2320 0x0000000003e2f510 code [0x0000000003e2f660, 0x0000000003e2f828]
Event: 5.668 Thread 0x000000001ccce000 2322       3       org.springframework.core.annotation.AnnotationsScanner::processClassInheritedAnnotations (254 bytes)
Event: 5.670 Thread 0x000000001ccce000 nmethod 2322 0x0000000003e2fa10 code [0x0000000003e2fd20, 0x0000000003e31718]
Event: 5.670 Thread 0x000000001ccce000 2323       3       java.util.HashMap::entrySet (27 bytes)
Event: 5.670 Thread 0x000000001ccce000 nmethod 2323 0x0000000003e29b90 code [0x0000000003e29d20, 0x0000000003e2a0d0]

GC Heap History (8 events):
Event: 2.025 GC heap before
{Heap before GC invocations=1 (full 0):
 PSYoungGen      total 76288K, used 65536K [0x000000076b400000, 0x0000000770900000, 0x00000007c0000000)
  eden space 65536K, 100% used [0x000000076b400000,0x000000076f400000,0x000000076f400000)
  from space 10752K, 0% used [0x000000076fe80000,0x000000076fe80000,0x0000000770900000)
  to   space 10752K, 0% used [0x000000076f400000,0x000000076f400000,0x000000076fe80000)
 ParOldGen       total 175104K, used 0K [0x00000006c1c00000, 0x00000006cc700000, 0x000000076b400000)
  object space 175104K, 0% used [0x00000006c1c00000,0x00000006c1c00000,0x00000006cc700000)
 Metaspace       used 13641K, capacity 14664K, committed 14848K, reserved 1062912K
  class space    used 1737K, capacity 1954K, committed 2048K, reserved 1048576K
Event: 2.042 GC heap after
Heap after GC invocations=1 (full 0):
 PSYoungGen      total 76288K, used 8390K [0x000000076b400000, 0x0000000770900000, 0x00000007c0000000)
  eden space 65536K, 0% used [0x000000076b400000,0x000000076b400000,0x000000076f400000)
  from space 10752K, 78% used [0x000000076f400000,0x000000076fc318b8,0x000000076fe80000)
  to   space 10752K, 0% used [0x000000076fe80000,0x000000076fe80000,0x0000000770900000)
 ParOldGen       total 175104K, used 16K [0x00000006c1c00000, 0x00000006cc700000, 0x000000076b400000)
  object space 175104K, 0% used [0x00000006c1c00000,0x00000006c1c04000,0x00000006cc700000)
 Metaspace       used 13641K, capacity 14664K, committed 14848K, reserved 1062912K
  class space    used 1737K, capacity 1954K, committed 2048K, reserved 1048576K
}
Event: 3.450 GC heap before
{Heap before GC invocations=2 (full 0):
 PSYoungGen      total 76288K, used 73926K [0x000000076b400000, 0x0000000770900000, 0x00000007c0000000)
  eden space 65536K, 100% used [0x000000076b400000,0x000000076f400000,0x000000076f400000)
  from space 10752K, 78% used [0x000000076f400000,0x000000076fc318b8,0x000000076fe80000)
  to   space 10752K, 0% used [0x000000076fe80000,0x000000076fe80000,0x0000000770900000)
 ParOldGen       total 175104K, used 16K [0x00000006c1c00000, 0x00000006cc700000, 0x000000076b400000)
  object space 175104K, 0% used [0x00000006c1c00000,0x00000006c1c04000,0x00000006cc700000)
 Metaspace       used 19839K, capacity 21106K, committed 21248K, reserved 1067008K
  class space    used 2698K, capacity 2969K, committed 3072K, reserved 1048576K
Event: 3.472 GC heap after
Heap after GC invocations=2 (full 0):
 PSYoungGen      total 76288K, used 9915K [0x000000076b400000, 0x0000000774900000, 0x00000007c0000000)
  eden space 65536K, 0% used [0x000000076b400000,0x000000076b400000,0x000000076f400000)
  from space 10752K, 92% used [0x000000076fe80000,0x000000077082ed20,0x0000000770900000)
  to   space 10752K, 0% used [0x000000076f400000,0x000000076f400000,0x000000076fe80000)
 ParOldGen       total 175104K, used 24K [0x00000006c1c00000, 0x00000006cc700000, 0x000000076b400000)
  object space 175104K, 0% used [0x00000006c1c00000,0x00000006c1c06000,0x00000006cc700000)
 Metaspace       used 19839K, capacity 21106K, committed 21248K, reserved 1067008K
  class space    used 2698K, capacity 2969K, committed 3072K, reserved 1048576K
}
Event: 3.472 GC heap before
{Heap before GC invocations=3 (full 1):
 PSYoungGen      total 76288K, used 9915K [0x000000076b400000, 0x0000000774900000, 0x00000007c0000000)
  eden space 65536K, 0% used [0x000000076b400000,0x000000076b400000,0x000000076f400000)
  from space 10752K, 92% used [0x000000076fe80000,0x000000077082ed20,0x0000000770900000)
  to   space 10752K, 0% used [0x000000076f400000,0x000000076f400000,0x000000076fe80000)
 ParOldGen       total 175104K, used 24K [0x00000006c1c00000, 0x00000006cc700000, 0x000000076b400000)
  object space 175104K, 0% used [0x00000006c1c00000,0x00000006c1c06000,0x00000006cc700000)
 Metaspace       used 19839K, capacity 21106K, committed 21248K, reserved 1067008K
  class space    used 2698K, capacity 2969K, committed 3072K, reserved 1048576K
Event: 3.522 GC heap after
Heap after GC invocations=3 (full 1):
 PSYoungGen      total 76288K, used 0K [0x000000076b400000, 0x0000000774900000, 0x00000007c0000000)
  eden space 65536K, 0% used [0x000000076b400000,0x000000076b400000,0x000000076f400000)
  from space 10752K, 0% used [0x000000076fe80000,0x000000076fe80000,0x0000000770900000)
  to   space 10752K, 0% used [0x000000076f400000,0x000000076f400000,0x000000076fe80000)
 ParOldGen       total 111616K, used 9571K [0x00000006c1c00000, 0x00000006c8900000, 0x000000076b400000)
  object space 111616K, 8% used [0x00000006c1c00000,0x00000006c2558d38,0x00000006c8900000)
 Metaspace       used 19839K, capacity 21106K, committed 21248K, reserved 1067008K
  class space    used 2698K, capacity 2969K, committed 3072K, reserved 1048576K
}
Event: 5.573 GC heap before
{Heap before GC invocations=4 (full 1):
 PSYoungGen      total 76288K, used 65536K [0x000000076b400000, 0x0000000774900000, 0x00000007c0000000)
  eden space 65536K, 100% used [0x000000076b400000,0x000000076f400000,0x000000076f400000)
  from space 10752K, 0% used [0x000000076fe80000,0x000000076fe80000,0x0000000770900000)
  to   space 10752K, 0% used [0x000000076f400000,0x000000076f400000,0x000000076fe80000)
 ParOldGen       total 111616K, used 9571K [0x00000006c1c00000, 0x00000006c8900000, 0x000000076b400000)
  object space 111616K, 8% used [0x00000006c1c00000,0x00000006c2558d38,0x00000006c8900000)
 Metaspace       used 25274K, capacity 26784K, committed 27008K, reserved 1073152K
  class space    used 3376K, capacity 3700K, committed 3712K, reserved 1048576K
Event: 5.579 GC heap after
Heap after GC invocations=4 (full 1):
 PSYoungGen      total 76288K, used 7804K [0x000000076b400000, 0x0000000772180000, 0x00000007c0000000)
  eden space 65536K, 0% used [0x000000076b400000,0x000000076b400000,0x000000076f400000)
  from space 10752K, 72% used [0x000000076f400000,0x000000076fb9f170,0x000000076fe80000)
  to   space 10752K, 0% used [0x0000000771700000,0x0000000771700000,0x0000000772180000)
 ParOldGen       total 111616K, used 9579K [0x00000006c1c00000, 0x00000006c8900000, 0x000000076b400000)
  object space 111616K, 8% used [0x00000006c1c00000,0x00000006c255ad38,0x00000006c8900000)
 Metaspace       used 25274K, capacity 26784K, committed 27008K, reserved 1073152K
  class space    used 3376K, capacity 3700K, committed 3712K, reserved 1048576K
}

Deoptimization events (10 events):
Event: 1.887 Thread 0x00000000035a6000 Uncommon trap: reason=unstable_if action=reinterpret pc=0x0000000003a7c8bc method=jdk.internal.org.objectweb.asm.Item.isEqualTo(Ljdk/internal/org/objectweb/asm/Item;)Z @ 331
Event: 2.237 Thread 0x00000000035a6000 Uncommon trap: reason=unstable_if action=reinterpret pc=0x0000000003a1ffa8 method=java.util.HashMap.putVal(ILjava/lang/Object;Ljava/lang/Object;ZZ)Ljava/lang/Object; @ 236
Event: 2.962 Thread 0x00000000035a6000 Uncommon trap: reason=unstable_if action=reinterpret pc=0x0000000003b2bcbc method=java.net.URL.<init>(Ljava/net/URL;Ljava/lang/String;Ljava/net/URLStreamHandler;)V @ 347
Event: 3.148 Thread 0x00000000035a6000 Uncommon trap: reason=unstable_if action=reinterpret pc=0x00000000038b0628 method=java.util.HashMap.hash(Ljava/lang/Object;)I @ 1
Event: 3.389 Thread 0x00000000035a6000 Uncommon trap: reason=unstable_if action=reinterpret pc=0x0000000003b0eb84 method=java.util.concurrent.ConcurrentHashMap.putVal(Ljava/lang/Object;Ljava/lang/Object;Z)Ljava/lang/Object; @ 206
Event: 3.391 Thread 0x000000001fca9800 Uncommon trap: reason=bimorphic action=maybe_recompile pc=0x0000000003b6b1d4 method=java.util.HashMap.putVal(ILjava/lang/Object;Ljava/lang/Object;ZZ)Ljava/lang/Object; @ 203
Event: 3.395 Thread 0x000000001fca9800 Uncommon trap: reason=bimorphic action=maybe_recompile pc=0x0000000003b6b1d4 method=java.util.HashMap.putVal(ILjava/lang/Object;Ljava/lang/Object;ZZ)Ljava/lang/Object; @ 203
Event: 3.399 Thread 0x000000001fca9800 Uncommon trap: reason=bimorphic action=maybe_recompile pc=0x0000000003b6b1d4 method=java.util.HashMap.putVal(ILjava/lang/Object;Ljava/lang/Object;ZZ)Ljava/lang/Object; @ 203
Event: 5.008 Thread 0x00000000035a6000 Uncommon trap: reason=bimorphic action=maybe_recompile pc=0x0000000003b6b1d4 method=java.util.HashMap.putVal(ILjava/lang/Object;Ljava/lang/Object;ZZ)Ljava/lang/Object; @ 203
Event: 5.307 Thread 0x000000001fca9800 Uncommon trap: reason=unstable_if action=reinterpret pc=0x00000000039656b8 method=jdk.internal.org.objectweb.asm.Type.getArgumentsAndReturnSizes(Ljava/lang/String;)I @ 47

Internal exceptions (10 events):
Event: 3.541 Thread 0x00000000035a6000 Exception <a 'java/lang/ClassNotFoundException': org/springframework/context/ResourceLoaderAwareCustomizer> (0x000000076b634fe0) thrown at [C:\re\workspace\8-2-build-windows-amd64-cygwin\jdk8u111\7883\hotspot\src\share\vm\classfile\systemDictionary.cpp, l
Event: 3.541 Thread 0x00000000035a6000 Exception <a 'java/lang/ClassNotFoundException': org/springframework/beans/factory/AwareCustomizer> (0x000000076b64d648) thrown at [C:\re\workspace\8-2-build-windows-amd64-cygwin\jdk8u111\7883\hotspot\src\share\vm\classfile\systemDictionary.cpp, line 210]
Event: 3.542 Thread 0x00000000035a6000 Exception <a 'java/lang/ClassNotFoundException': org/springframework/beans/factory/BeanClassLoaderAwareCustomizer> (0x000000076b669880) thrown at [C:\re\workspace\8-2-build-windows-amd64-cygwin\jdk8u111\7883\hotspot\src\share\vm\classfile\systemDictionary
Event: 3.543 Thread 0x00000000035a6000 Exception <a 'java/lang/ClassNotFoundException': org/springframework/beans/factory/AwareCustomizer> (0x000000076b681f78) thrown at [C:\re\workspace\8-2-build-windows-amd64-cygwin\jdk8u111\7883\hotspot\src\share\vm\classfile\systemDictionary.cpp, line 210]
Event: 3.543 Thread 0x00000000035a6000 Exception <a 'java/lang/ClassNotFoundException': org/springframework/context/EnvironmentAwareCustomizer> (0x000000076b69ad80) thrown at [C:\re\workspace\8-2-build-windows-amd64-cygwin\jdk8u111\7883\hotspot\src\share\vm\classfile\systemDictionary.cpp, line
Event: 3.544 Thread 0x00000000035a6000 Exception <a 'java/lang/ClassNotFoundException': org/springframework/beans/factory/AwareCustomizer> (0x000000076b6b3358) thrown at [C:\re\workspace\8-2-build-windows-amd64-cygwin\jdk8u111\7883\hotspot\src\share\vm\classfile\systemDictionary.cpp, line 210]
Event: 3.766 Thread 0x00000000035a6000 Exception <a 'java/lang/IncompatibleClassChangeError': Found class java.lang.Object, but interface was expected> (0x000000076cd22fa8) thrown at [C:\re\workspace\8-2-build-windows-amd64-cygwin\jdk8u111\7883\hotspot\src\share\vm\interpreter\linkResolver.cpp
Event: 3.807 Thread 0x00000000035a6000 Exception <a 'java/lang/NoSuchMethodError': java.lang.Object.lambda$getAllAnnotationAttributes$0(Lorg/springframework/util/MultiValueMap;)Lorg/springframework/util/MultiValueMap;> (0x000000076cfba1e0) thrown at [C:\re\workspace\8-2-build-windows-amd64-cyg
Event: 3.807 Thread 0x00000000035a6000 Exception <a 'java/lang/NoSuchMethodError': java.lang.Object.lambda$identity$2(Ljava/lang/Object;)Ljava/lang/Object;> (0x000000076cfbdcf0) thrown at [C:\re\workspace\8-2-build-windows-amd64-cygwin\jdk8u111\7883\hotspot\src\share\vm\interpreter\linkResolve
Event: 5.314 Thread 0x000000001fca9800 Exception <a 'java/lang/IncompatibleClassChangeError': Found class java.lang.Object, but interface was expected> (0x000000076e2235d8) thrown at [C:\re\workspace\8-2-build-windows-amd64-cygwin\jdk8u111\7883\hotspot\src\share\vm\interpreter\linkResolver.cpp

Events (10 events):
Event: 5.672 loading class org/springframework/objenesis/ObjenesisException
Event: 5.672 loading class org/springframework/objenesis/ObjenesisException done
Event: 5.672 Executing VM operation: RevokeBias
Event: 5.672 Executing VM operation: RevokeBias done
Event: 5.672 loading class org/springframework/context/annotation/ConfigurationClassEnhancer$BeanFactoryAwareMethodInterceptor
Event: 5.672 loading class org/springframework/context/annotation/ConfigurationClassEnhancer$BeanFactoryAwareMethodInterceptor done
Event: 5.673 loading class org/springframework/cglib/proxy/NoOp
Event: 5.673 loading class org/springframework/cglib/proxy/NoOp done
Event: 5.673 loading class org/springframework/cglib/proxy/NoOp$1
Event: 5.673 loading class org/springframework/cglib/proxy/NoOp$1 done


Dynamic libraries:
0x00007ff7e4cc0000 - 0x00007ff7e4cf7000 	D:\Tool\jdk1.8.0_111\bin\java.exe
0x00007ffb69160000 - 0x00007ffb69350000 	C:\WINDOWS\SYSTEM32\ntdll.dll
0x00007ffb68850000 - 0x00007ffb68902000 	C:\WINDOWS\System32\KERNEL32.DLL
0x00007ffb66f30000 - 0x00007ffb671d3000 	C:\WINDOWS\System32\KERNELBASE.dll
0x00007ffb67f00000 - 0x00007ffb67fa3000 	C:\WINDOWS\System32\ADVAPI32.dll
0x00007ffb678d0000 - 0x00007ffb6796e000 	C:\WINDOWS\System32\msvcrt.dll
0x00007ffb68d20000 - 0x00007ffb68db7000 	C:\WINDOWS\System32\sechost.dll
0x00007ffb67b00000 - 0x00007ffb67c20000 	C:\WINDOWS\System32\RPCRT4.dll
0x00007ffb67680000 - 0x00007ffb67814000 	C:\WINDOWS\System32\USER32.dll
0x00007ffb671e0000 - 0x00007ffb67201000 	C:\WINDOWS\System32\win32u.dll
0x00007ffb679f0000 - 0x00007ffb67a16000 	C:\WINDOWS\System32\GDI32.dll
0x00007ffb66170000 - 0x00007ffb66304000 	C:\WINDOWS\System32\gdi32full.dll
0x00007ffb66be0000 - 0x00007ffb66c7e000 	C:\WINDOWS\System32\msvcp_win.dll
0x00007ffb66c80000 - 0x00007ffb66d7a000 	C:\WINDOWS\System32\ucrtbase.dll
0x00007ffb4ee10000 - 0x00007ffb4f095000 	C:\WINDOWS\WinSxS\amd64_microsoft.windows.common-controls_6595b64144ccf1df_6.0.18362.535_none_e6c3b34713100821\COMCTL32.dll
0x00007ffb68dc0000 - 0x00007ffb690f6000 	C:\WINDOWS\System32\combase.dll
0x00007ffb66d80000 - 0x00007ffb66e00000 	C:\WINDOWS\System32\bcryptPrimitives.dll
0x00007ffb67ed0000 - 0x00007ffb67efe000 	C:\WINDOWS\System32\IMM32.DLL
0x0000000058680000 - 0x0000000058752000 	D:\Tool\jdk1.8.0_111\jre\bin\msvcr100.dll
0x00000000566a0000 - 0x0000000056f3a000 	D:\Tool\jdk1.8.0_111\jre\bin\server\jvm.dll
0x00007ffb68b70000 - 0x00007ffb68b78000 	C:\WINDOWS\System32\PSAPI.DLL
0x00007ffb62de0000 - 0x00007ffb62de9000 	C:\WINDOWS\SYSTEM32\WSOCK32.dll
0x00007ffb67c20000 - 0x00007ffb67c8f000 	C:\WINDOWS\System32\WS2_32.dll
0x00007ffb61840000 - 0x00007ffb61864000 	C:\WINDOWS\SYSTEM32\WINMM.dll
0x00007ffb57bf0000 - 0x00007ffb57bfa000 	C:\WINDOWS\SYSTEM32\VERSION.dll
0x00007ffb61810000 - 0x00007ffb6183d000 	C:\WINDOWS\SYSTEM32\WINMMBASE.dll
0x00007ffb66ee0000 - 0x00007ffb66f2a000 	C:\WINDOWS\System32\cfgmgr32.dll
0x0000000058670000 - 0x000000005867f000 	D:\Tool\jdk1.8.0_111\jre\bin\verify.dll
0x0000000058640000 - 0x0000000058669000 	D:\Tool\jdk1.8.0_111\jre\bin\java.dll
0x0000000058570000 - 0x0000000058593000 	D:\Tool\jdk1.8.0_111\jre\bin\instrument.dll
0x0000000058620000 - 0x0000000058636000 	D:\Tool\jdk1.8.0_111\jre\bin\zip.dll
0x00007ffb67fc0000 - 0x00007ffb686a5000 	C:\WINDOWS\System32\SHELL32.dll
0x00007ffb67820000 - 0x00007ffb678c9000 	C:\WINDOWS\System32\shcore.dll
0x00007ffb66310000 - 0x00007ffb66a8f000 	C:\WINDOWS\System32\windows.storage.dll
0x00007ffb66060000 - 0x00007ffb6607f000 	C:\WINDOWS\System32\profapi.dll
0x00007ffb660a0000 - 0x00007ffb660ea000 	C:\WINDOWS\System32\powrprof.dll
0x00007ffb66030000 - 0x00007ffb66040000 	C:\WINDOWS\System32\UMPDC.dll
0x00007ffb67a20000 - 0x00007ffb67a72000 	C:\WINDOWS\System32\shlwapi.dll
0x00007ffb66080000 - 0x00007ffb66091000 	C:\WINDOWS\System32\kernel.appcore.dll
0x00007ffb660f0000 - 0x00007ffb66107000 	C:\WINDOWS\System32\cryptsp.dll
0x00007ffb5db90000 - 0x00007ffb5dbaa000 	C:\Program Files\JetBrains\IntelliJ IDEA 2018.3.5\bin\breakgen64.dll
0x00000000585d0000 - 0x00000000585ea000 	D:\Tool\jdk1.8.0_111\jre\bin\net.dll
0x00007ffb658a0000 - 0x00007ffb65907000 	C:\WINDOWS\system32\mswsock.dll
0x00000000585a0000 - 0x00000000585b1000 	D:\Tool\jdk1.8.0_111\jre\bin\nio.dll
0x0000000058610000 - 0x000000005861d000 	D:\Tool\jdk1.8.0_111\jre\bin\management.dll
0x00007ffb5da80000 - 0x00007ffb5da96000 	C:\WINDOWS\system32\napinsp.dll
0x00007ffb58440000 - 0x00007ffb5845a000 	C:\WINDOWS\system32\pnrpnsp.dll
0x00007ffb61b80000 - 0x00007ffb61b95000 	C:\WINDOWS\system32\wshbth.dll
0x00007ffb62c40000 - 0x00007ffb62c5c000 	C:\WINDOWS\system32\NLAapi.dll
0x00007ffb655b0000 - 0x00007ffb655ea000 	C:\WINDOWS\SYSTEM32\IPHLPAPI.DLL
0x00007ffb655f0000 - 0x00007ffb656ba000 	C:\WINDOWS\SYSTEM32\DNSAPI.dll
0x00007ffb67a80000 - 0x00007ffb67a88000 	C:\WINDOWS\System32\NSI.dll
0x00007ffb60a00000 - 0x00007ffb60a0e000 	C:\WINDOWS\System32\winrnr.dll
0x00007ffb59ab0000 - 0x00007ffb59aba000 	C:\Windows\System32\rasadhlp.dll
0x00007ffb5df00000 - 0x00007ffb5df77000 	C:\WINDOWS\System32\fwpuclnt.dll
0x00007ffb66eb0000 - 0x00007ffb66ed6000 	C:\WINDOWS\System32\bcrypt.dll
0x00007ffb492d0000 - 0x00007ffb494c4000 	C:\WINDOWS\SYSTEM32\dbghelp.dll

VM Arguments:
jvm_args: -ea -Didea.test.cyclic.buffer.size=1048576 -javaagent:C:\Program Files\JetBrains\IntelliJ IDEA 2018.3.5\lib\idea_rt.jar=52281:C:\Program Files\JetBrains\IntelliJ IDEA 2018.3.5\bin -Dfile.encoding=UTF-8 
java_command: com.intellij.rt.execution.junit.JUnitStarter -ideVersion5 -junit5 com.example.weixin.WeixinApplicationTests,testCar
java_class_path (initial): C:\Program Files\JetBrains\IntelliJ IDEA 2018.3.5\lib\idea_rt.jar;C:\Program Files\JetBrains\IntelliJ IDEA 2018.3.5\plugins\junit\lib\junit-rt.jar;C:\Program Files\JetBrains\IntelliJ IDEA 2018.3.5\plugins\junit\lib\junit5-rt.jar;C:\Users\wl\.m2\repository\org\junit\platform\junit-platform-launcher\1.5.2\junit-platform-launcher-1.5.2.jar;C:\Users\wl\.m2\repository\org\apiguardian\apiguardian-api\1.1.0\apiguardian-api-1.1.0.jar;C:\Users\wl\.m2\repository\org\junit\platform\junit-platform-engine\1.5.2\junit-platform-engine-1.5.2.jar;C:\Users\wl\.m2\repository\org\opentest4j\opentest4j\1.2.0\opentest4j-1.2.0.jar;C:\Users\wl\.m2\repository\org\junit\platform\junit-platform-commons\1.5.2\junit-platform-commons-1.5.2.jar;D:\Tool\jdk1.8.0_111\jre\lib\charsets.jar;D:\Tool\jdk1.8.0_111\jre\lib\deploy.jar;D:\Tool\jdk1.8.0_111\jre\lib\ext\access-bridge-64.jar;D:\Tool\jdk1.8.0_111\jre\lib\ext\cldrdata.jar;D:\Tool\jdk1.8.0_111\jre\lib\ext\dnsns.jar;D:\Tool\jdk1.8.0_111\jre\lib\ext\jaccess.jar;D:\Tool\jdk1.8.0_111\jre\lib\ext\jfxrt.jar;D:\Tool\jdk1.8.0_111\jre\lib\ext\localedata.jar;D:\Tool\jdk1.8.0_111\jre\lib\ext\nashorn.jar;D:\Tool\jdk1.8.0_111\jre\lib\ext\sunec.jar;D:\Tool\jdk1.8.0_111\jre\lib\ext\sunjce_provider.jar;D:\Tool\jdk1.8.0_111\jre\lib\ext\sunmscapi.jar;D:\Tool\jdk1.8.0_111\jre\lib\ext\sunpkcs11.jar;D:\Tool\jdk1.8.0_111\jre\lib\ext\zipfs.jar;D:\Tool\jdk1.8.0_111\jre\lib\javaws.jar;D:\Tool\jdk1.8.0_111\jre\lib\jce.jar;D:\Tool\jdk1.8.0_111\jre\lib\jfr.jar;D:\Tool\jdk1.8.0_111\jre\lib\jfxswt.jar;D:\Tool\jdk1.8.0_111\jre\lib\jsse.jar;D:\Tool\jdk1.8.0_111\jre\lib\management-agent.jar;D:\Tool\jdk1.8.0_111\jre\lib\plugin.jar;D:\Tool\jdk1.8.0_111\jre\lib\resources.jar;D:\Tool\jdk1.8.0_111\jre\lib\rt.jar;D:\weixin\target\test-classes;D:\weixin\target\classes;D:\Tool\apache-maven-3.5.4\maven-repository\org\springframework\boot\spring-boot-starter\2.2.2.RELEASE\spring-boot-starter-2.2.2.RELEASE.jar;D:\Tool\apache-maven-3.5.4\maven-repository\org\spr
Launcher Type: SUN_STANDARD

Environment Variables:
JAVA_HOME=D:\Tool\jdk1.8.0_111
PATH=D:\Tool\jdk1.8.0_111\bin;D:\Tool\apache-maven-3.5.0\bin;D:\Tool\apache-tomcat-8.5.50\bin;C:\ProgramData\Oracle\Java\javapath;C:\WINDOWS\system32;C:\WINDOWS;C:\WINDOWS\System32\Wbem;C:\WINDOWS\System32\WindowsPowerShell\v1.0\;C:\WINDOWS\System32\OpenSSH\;C:\Program Files\Git\cmd;C:\Program Files (x86)\Common Files\Thunder Network\KanKan\Codecs;D:\python\Scripts\;D:\python\;C:\Users\wl\AppData\Local\Microsoft\WindowsApps;C:\Program Files\Bandizip\7z;C:\Users\wl\AppData\Local\Programs\Microsoft VS Code\bin
USERNAME=wl
OS=Windows_NT
PROCESSOR_IDENTIFIER=Intel64 Family 6 Model 78 Stepping 3, GenuineIntel



---------------  S Y S T E M  ---------------

OS: Windows 10.0 , 64 bit Build 18362 (10.0.18362.329)

CPU:total 4 (2 cores per cpu, 2 threads per core) family 6 model 78 stepping 3, cmov, cx8, fxsr, mmx, sse, sse2, sse3, ssse3, sse4.1, sse4.2, popcnt, avx, avx2, aes, clmul, erms, 3dnowpref, lzcnt, ht, tsc, tscinvbit, bmi1, bmi2, adx

Memory: 4k page, physical 16657576k(10155036k free), swap 19147944k(11168728k free)

vm_info: Java HotSpot(TM) 64-Bit Server VM (25.111-b14) for windows-amd64 JRE (1.8.0_111-b14), built on Sep 22 2016 19:24:05 by "java_re" with MS VC++ 10.0 (VS2010)

time: Mon Jan 06 19:44:50 2020
elapsed time: 5 seconds (0d 0h 0m 5s)

