#
# A fatal error has been detected by the Java Runtime Environment:
#
#  EXCEPTION_ACCESS_VIOLATION (0xc0000005) at pc=0x0000000056b80f9d, pid=9280, tid=0x000000000000225c
#
# JRE version: Java(TM) SE Runtime Environment (8.0_111-b14) (build 1.8.0_111-b14)
# Java VM: Java HotSpot(TM) 64-Bit Server VM (25.111-b14 mixed mode windows-amd64 compressed oops)
# Problematic frame:
# V  [jvm.dll+0x4a0f9d]
#
# Failed to write core dump. Minidumps are not enabled by default on client versions of Windows
#
# If you would like to submit a bug report, please visit:
#   http://bugreport.java.com/bugreport/crash.jsp
#

---------------  T H R E A D  ---------------

Current thread (0x000000001c2dc000):  JavaThread "C2 CompilerThread0" daemon [_thread_in_native, id=8796, stack(0x000000001dcf0000,0x000000001ddf0000)]

siginfo: ExceptionCode=0xc0000005, writing address 0x0000000000000000

Registers:
RAX=0x000000001ddeee60, RBX=0x0000000000000000, RCX=0x0000000000000007, RDX=0x000000002350d640
RSP=0x000000001ddec650, RBP=0x0000000056efae00, RSI=0x0000000000000000, RDI=0x000000002025d690
R8 =0xfffffffffffffff8, R9 =0x000000001ddec6d0, R10=0x0000000056efae00, R11=0x00000000566e0000
R12=0x0000000000000000, R13=0x000000001d634f90, R14=0x000000001d635368, R15=0x0000000000000000
RIP=0x0000000056b80f9d, EFLAGS=0x0000000000010246

Top of Stack: (sp=0x000000001ddec650)
0x000000001ddec650:   000000001ddec800 00000000000000c9
0x000000001ddec660:   0000000000000648 0000000021edcd78
0x000000001ddec670:   000000002025d690 0000000056b9ae34
0x000000001ddec680:   0000000000000000 0000000000000000
0x000000001ddec690:   000000002022d1f0 0000000000000000
0x000000001ddec6a0:   fffffffffffffff8 000000001c256770
0x000000001ddec6b0:   000000001f1a1280 0000000000321ab0
0x000000001ddec6c0:   000000001f1a1b70 000000001f1a9268
0x000000001ddec6d0:   0000000056d55e88 000000001c256770
0x000000001ddec6e0:   0000000000000040 000000001f886890
0x000000001ddec6f0:   000000001ddec7c0 00000000000003d8
0x000000001ddec700:   000000001d635368 000000001d634f90
0x000000001ddec710:   0000000000000000 000000001d634f80
0x000000001ddec720:   000000001ddec840 000000001ddecab0
0x000000001ddec730:   0000000000000000 0000000056b48443
0x000000001ddec740:   0000000000000000 0000000000000001 

Instructions: (pc=0x0000000056b80f9d)
0x0000000056b80f7d:   f2 48 8b 1c f0 ff 15 68 a4 13 00 48 8b 90 d0 03
0x0000000056b80f8d:   00 00 48 8b 82 88 00 00 00 48 8b 90 f0 07 00 00
0x0000000056b80f9d:   48 89 13 8b 0d 82 f8 30 00 ff 15 44 a4 13 00 48
0x0000000056b80fad:   8b 88 d0 03 00 00 48 8b 81 88 00 00 00 48 8d 0d 


Register to memory mapping:

RAX=0x000000001ddeee60 is pointing into the stack for thread: 0x000000001c2dc000
RBX=0x0000000000000000 is an unknown value
RCX=0x0000000000000007 is an unknown value
RDX=0x000000002350d640 is an unknown value
RSP=0x000000001ddec650 is pointing into the stack for thread: 0x000000001c2dc000
RBP=0x0000000056efae00 is an unknown value
RSI=0x0000000000000000 is an unknown value
RDI=0x000000002025d690 is an unknown value
R8 =0xfffffffffffffff8 is an unknown value
R9 =0x000000001ddec6d0 is pointing into the stack for thread: 0x000000001c2dc000
R10=0x0000000056efae00 is an unknown value
R11=0x00000000566e0000 is an unknown value
R12=0x0000000000000000 is an unknown value
R13=0x000000001d634f90 is an unknown value
R14=0x000000001d635368 is an unknown value
R15=0x0000000000000000 is an unknown value


Stack: [0x000000001dcf0000,0x000000001ddf0000],  sp=0x000000001ddec650,  free space=1009k
Native frames: (J=compiled Java code, j=interpreted, Vv=VM code, C=native code)
V  [jvm.dll+0x4a0f9d]
V  [jvm.dll+0x4bae34]
V  [jvm.dll+0x468443]
V  [jvm.dll+0x47374b]
V  [jvm.dll+0x476057]
V  [jvm.dll+0x4589b2]
V  [jvm.dll+0xa5742]
V  [jvm.dll+0xa607f]
V  [jvm.dll+0x244b7f]
V  [jvm.dll+0x29c43a]
C  [msvcr100.dll+0x21d9f]
C  [msvcr100.dll+0x21e3b]
C  [KERNEL32.DLL+0x17bd4]
C  [ntdll.dll+0x6ced1]


Current CompileTask:
C2:   6255 1952   !   4       java.net.URLClassLoader$1::run (63 bytes)


---------------  P R O C E S S  ---------------

Java Threads: ( => current thread )
  0x000000001ed90000 JavaThread "background-preinit" [_thread_in_vm, id=10168, stack(0x0000000020110000,0x0000000020210000)]
  0x000000001d6b1800 JavaThread "Service Thread" daemon [_thread_blocked, id=1840, stack(0x000000001dff0000,0x000000001e0f0000)]
  0x000000001c2ee000 JavaThread "C1 CompilerThread2" daemon [_thread_blocked, id=1896, stack(0x000000001def0000,0x000000001dff0000)]
  0x000000001c2dd000 JavaThread "C2 CompilerThread1" daemon [_thread_in_native, id=14448, stack(0x000000001ddf0000,0x000000001def0000)]
=>0x000000001c2dc000 JavaThread "C2 CompilerThread0" daemon [_thread_in_native, id=8796, stack(0x000000001dcf0000,0x000000001ddf0000)]
  0x000000001c2e3800 JavaThread "Monitor Ctrl-Break" daemon [_thread_in_native, id=12680, stack(0x000000001dbf0000,0x000000001dcf0000)]
  0x000000001d632800 JavaThread "Attach Listener" daemon [_thread_blocked, id=13960, stack(0x000000001daf0000,0x000000001dbf0000)]
  0x000000001c2a6000 JavaThread "Signal Dispatcher" daemon [_thread_blocked, id=8640, stack(0x000000001d9f0000,0x000000001daf0000)]
  0x000000001c280000 JavaThread "Finalizer" daemon [_thread_blocked, id=10648, stack(0x000000001d4f0000,0x000000001d5f0000)]
  0x0000000002ad7800 JavaThread "Reference Handler" daemon [_thread_blocked, id=1396, stack(0x000000001d3f0000,0x000000001d4f0000)]
  0x00000000029e8800 JavaThread "main" [_thread_in_native, id=15612, stack(0x0000000002500000,0x0000000002600000)]

Other Threads:
  0x000000001c257800 VMThread [stack: 0x000000001d2f0000,0x000000001d3f0000] [id=3820]
  0x000000001d720800 WatcherThread [stack: 0x000000001e0f0000,0x000000001e1f0000] [id=8084]

VM state:not at safepoint (normal execution)

VM Mutex/Monitor currently owned by a thread: None

Heap:
 PSYoungGen      total 76288K, used 46521K [0x000000076b400000, 0x0000000774900000, 0x00000007c0000000)
  eden space 65536K, 70% used [0x000000076b400000,0x000000076e16e418,0x000000076f400000)
  from space 10752K, 0% used [0x000000076f400000,0x000000076f400000,0x000000076fe80000)
  to   space 10752K, 0% used [0x0000000773e80000,0x0000000773e80000,0x0000000774900000)
 ParOldGen       total 80384K, used 5355K [0x00000006c1c00000, 0x00000006c6a80000, 0x000000076b400000)
  object space 80384K, 6% used [0x00000006c1c00000,0x00000006c213ac50,0x00000006c6a80000)
 Metaspace       used 23432K, capacity 24856K, committed 25216K, reserved 1071104K
  class space    used 3113K, capacity 3408K, committed 3456K, reserved 1048576K

Card table byte_map: [0x0000000012080000,0x0000000012880000] byte_map_base: 0x000000000ea72000

Marking Bits: (ParMarkBitMap*) 0x0000000056efa6c0
 Begin Bits: [0x00000000131d0000, 0x0000000017160000)
 End Bits:   [0x0000000017160000, 0x000000001b0f0000)

Polling page: 0x00000000007b0000

CodeCache: size=245760Kb used=6643Kb max_used=6643Kb free=239116Kb
 bounds [0x0000000002cc0000, 0x0000000003350000, 0x0000000011cc0000]
 total_blobs=2327 nmethods=1951 adapters=288
 compilation: enabled

Compilation events (10 events):
Event: 5.208 Thread 0x000000001c2ee000 1948       3       org.springframework.core.annotation.AnnotationTypeMappings::forAnnotationType (8 bytes)
Event: 5.208 Thread 0x000000001c2ee000 nmethod 1948 0x000000000333ef50 code [0x000000000333f0c0, 0x000000000333f368]
Event: 5.208 Thread 0x000000001c2ee000 1949       3       org.springframework.core.annotation.AnnotationTypeMappings::forAnnotationType (9 bytes)
Event: 5.209 Thread 0x000000001c2ee000 nmethod 1949 0x000000000333f4d0 code [0x000000000333f640, 0x000000000333f868]
Event: 5.209 Thread 0x000000001c2ee000 1950       3       org.springframework.core.annotation.MergedAnnotationsCollection::isDirectlyPresent (7 bytes)
Event: 5.209 Thread 0x000000001c2ee000 nmethod 1950 0x000000000333f950 code [0x000000000333fac0, 0x000000000333fc48]
Event: 5.211 Thread 0x000000001c2ee000 1951       1       org.springframework.core.annotation.TypeMappedAnnotation::getAggregateIndex (5 bytes)
Event: 5.211 Thread 0x000000001c2ee000 nmethod 1951 0x000000000333fcd0 code [0x000000000333fe20, 0x000000000333ff30]
Event: 5.216 Thread 0x000000001c2dc000 1952   !   4       java.net.URLClassLoader$1::run (63 bytes)
Event: 5.219 Thread 0x000000001c2dd000 1953       4       java.net.URLClassLoader$1::run (5 bytes)

GC Heap History (8 events):
Event: 2.431 GC heap before
{Heap before GC invocations=1 (full 0):
 PSYoungGen      total 76288K, used 65536K [0x000000076b400000, 0x0000000770900000, 0x00000007c0000000)
  eden space 65536K, 100% used [0x000000076b400000,0x000000076f400000,0x000000076f400000)
  from space 10752K, 0% used [0x000000076fe80000,0x000000076fe80000,0x0000000770900000)
  to   space 10752K, 0% used [0x000000076f400000,0x000000076f400000,0x000000076fe80000)
 ParOldGen       total 175104K, used 0K [0x00000006c1c00000, 0x00000006cc700000, 0x000000076b400000)
  object space 175104K, 0% used [0x00000006c1c00000,0x00000006c1c00000,0x00000006cc700000)
 Metaspace       used 13569K, capacity 14606K, committed 14720K, reserved 1062912K
  class space    used 1716K, capacity 1913K, committed 1920K, reserved 1048576K
Event: 2.447 GC heap after
Heap after GC invocations=1 (full 0):
 PSYoungGen      total 76288K, used 8350K [0x000000076b400000, 0x0000000770900000, 0x00000007c0000000)
  eden space 65536K, 0% used [0x000000076b400000,0x000000076b400000,0x000000076f400000)
  from space 10752K, 77% used [0x000000076f400000,0x000000076fc27af8,0x000000076fe80000)
  to   space 10752K, 0% used [0x000000076fe80000,0x000000076fe80000,0x0000000770900000)
 ParOldGen       total 175104K, used 16K [0x00000006c1c00000, 0x00000006cc700000, 0x000000076b400000)
  object space 175104K, 0% used [0x00000006c1c00000,0x00000006c1c04000,0x00000006cc700000)
 Metaspace       used 13569K, capacity 14606K, committed 14720K, reserved 1062912K
  class space    used 1716K, capacity 1913K, committed 1920K, reserved 1048576K
}
Event: 4.333 GC heap before
{Heap before GC invocations=2 (full 0):
 PSYoungGen      total 76288K, used 73886K [0x000000076b400000, 0x0000000770900000, 0x00000007c0000000)
  eden space 65536K, 100% used [0x000000076b400000,0x000000076f400000,0x000000076f400000)
  from space 10752K, 77% used [0x000000076f400000,0x000000076fc27af8,0x000000076fe80000)
  to   space 10752K, 0% used [0x000000076fe80000,0x000000076fe80000,0x0000000770900000)
 ParOldGen       total 175104K, used 16K [0x00000006c1c00000, 0x00000006cc700000, 0x000000076b400000)
  object space 175104K, 0% used [0x00000006c1c00000,0x00000006c1c04000,0x00000006cc700000)
 Metaspace       used 19513K, capacity 20842K, committed 21120K, reserved 1067008K
  class space    used 2649K, capacity 2897K, committed 2944K, reserved 1048576K
Event: 4.357 GC heap after
Heap after GC invocations=2 (full 0):
 PSYoungGen      total 76288K, used 9867K [0x000000076b400000, 0x0000000770900000, 0x00000007c0000000)
  eden space 65536K, 0% used [0x000000076b400000,0x000000076b400000,0x000000076f400000)
  from space 10752K, 91% used [0x000000076fe80000,0x0000000770822c38,0x0000000770900000)
  to   space 10752K, 0% used [0x000000076f400000,0x000000076f400000,0x000000076fe80000)
 ParOldGen       total 175104K, used 24K [0x00000006c1c00000, 0x00000006cc700000, 0x000000076b400000)
  object space 175104K, 0% used [0x00000006c1c00000,0x00000006c1c06000,0x00000006cc700000)
 Metaspace       used 19513K, capacity 20842K, committed 21120K, reserved 1067008K
  class space    used 2649K, capacity 2897K, committed 2944K, reserved 1048576K
}
Event: 4.396 GC heap before
{Heap before GC invocations=3 (full 0):
 PSYoungGen      total 76288K, used 13507K [0x000000076b400000, 0x0000000770900000, 0x00000007c0000000)
  eden space 65536K, 5% used [0x000000076b400000,0x000000076b78e218,0x000000076f400000)
  from space 10752K, 91% used [0x000000076fe80000,0x0000000770822c38,0x0000000770900000)
  to   space 10752K, 0% used [0x000000076f400000,0x000000076f400000,0x000000076fe80000)
 ParOldGen       total 175104K, used 24K [0x00000006c1c00000, 0x00000006cc700000, 0x000000076b400000)
  object space 175104K, 0% used [0x00000006c1c00000,0x00000006c1c06000,0x00000006cc700000)
 Metaspace       used 19807K, capacity 21122K, committed 21248K, reserved 1067008K
  class space    used 2695K, capacity 2971K, committed 3072K, reserved 1048576K
Event: 4.411 GC heap after
Heap after GC invocations=3 (full 0):
 PSYoungGen      total 76288K, used 5452K [0x000000076b400000, 0x0000000774900000, 0x00000007c0000000)
  eden space 65536K, 0% used [0x000000076b400000,0x000000076b400000,0x000000076f400000)
  from space 10752K, 50% used [0x000000076f400000,0x000000076f953340,0x000000076fe80000)
  to   space 10752K, 0% used [0x0000000773e80000,0x0000000773e80000,0x0000000774900000)
 ParOldGen       total 175104K, used 32K [0x00000006c1c00000, 0x00000006cc700000, 0x000000076b400000)
  object space 175104K, 0% used [0x00000006c1c00000,0x00000006c1c08000,0x00000006cc700000)
 Metaspace       used 19807K, capacity 21122K, committed 21248K, reserved 1067008K
  class space    used 2695K, capacity 2971K, committed 3072K, reserved 1048576K
}
Event: 4.411 GC heap before
{Heap before GC invocations=4 (full 1):
 PSYoungGen      total 76288K, used 5452K [0x000000076b400000, 0x0000000774900000, 0x00000007c0000000)
  eden space 65536K, 0% used [0x000000076b400000,0x000000076b400000,0x000000076f400000)
  from space 10752K, 50% used [0x000000076f400000,0x000000076f953340,0x000000076fe80000)
  to   space 10752K, 0% used [0x0000000773e80000,0x0000000773e80000,0x0000000774900000)
 ParOldGen       total 175104K, used 32K [0x00000006c1c00000, 0x00000006cc700000, 0x000000076b400000)
  object space 175104K, 0% used [0x00000006c1c00000,0x00000006c1c08000,0x00000006cc700000)
 Metaspace       used 19807K, capacity 21122K, committed 21248K, reserved 1067008K
  class space    used 2695K, capacity 2971K, committed 3072K, reserved 1048576K
Event: 4.473 GC heap after
Heap after GC invocations=4 (full 1):
 PSYoungGen      total 76288K, used 0K [0x000000076b400000, 0x0000000774900000, 0x00000007c0000000)
  eden space 65536K, 0% used [0x000000076b400000,0x000000076b400000,0x000000076f400000)
  from space 10752K, 0% used [0x000000076f400000,0x000000076f400000,0x000000076fe80000)
  to   space 10752K, 0% used [0x0000000773e80000,0x0000000773e80000,0x0000000774900000)
 ParOldGen       total 80384K, used 5355K [0x00000006c1c00000, 0x00000006c6a80000, 0x000000076b400000)
  object space 80384K, 6% used [0x00000006c1c00000,0x00000006c213ac50,0x00000006c6a80000)
 Metaspace       used 19807K, capacity 21122K, committed 21248K, reserved 1067008K
  class space    used 2695K, capacity 2971K, committed 3072K, reserved 1048576K
}

Deoptimization events (10 events):
Event: 2.328 Thread 0x00000000029e8800 Uncommon trap: reason=unstable_if action=reinterpret pc=0x000000000309a87c method=jdk.internal.org.objectweb.asm.Item.isEqualTo(Ljdk/internal/org/objectweb/asm/Item;)Z @ 331
Event: 2.776 Thread 0x00000000029e8800 Uncommon trap: reason=unstable_if action=reinterpret pc=0x00000000030350b4 method=java.util.HashMap.putVal(ILjava/lang/Object;Ljava/lang/Object;ZZ)Ljava/lang/Object; @ 236
Event: 3.326 Thread 0x00000000029e8800 Uncommon trap: reason=unstable_if action=reinterpret pc=0x000000000316f0d4 method=java.io.WinNTFileSystem.isLetter(C)Z @ 15
Event: 3.722 Thread 0x00000000029e8800 Uncommon trap: reason=unstable_if action=reinterpret pc=0x0000000003154b48 method=java.net.URL.<init>(Ljava/net/URL;Ljava/lang/String;Ljava/net/URLStreamHandler;)V @ 347
Event: 4.047 Thread 0x00000000029e8800 Uncommon trap: reason=unstable_if action=reinterpret pc=0x0000000002ecf7e8 method=java.util.HashMap.hash(Ljava/lang/Object;)I @ 1
Event: 4.263 Thread 0x000000001ed90000 Uncommon trap: reason=bimorphic action=maybe_recompile pc=0x00000000031a6c30 method=java.util.HashMap.putVal(ILjava/lang/Object;Ljava/lang/Object;ZZ)Ljava/lang/Object; @ 203
Event: 4.268 Thread 0x000000001ed90000 Uncommon trap: reason=bimorphic action=maybe_recompile pc=0x00000000031a6c30 method=java.util.HashMap.putVal(ILjava/lang/Object;Ljava/lang/Object;ZZ)Ljava/lang/Object; @ 203
Event: 4.276 Thread 0x000000001ed90000 Uncommon trap: reason=bimorphic action=maybe_recompile pc=0x00000000031a6c30 method=java.util.HashMap.putVal(ILjava/lang/Object;Ljava/lang/Object;ZZ)Ljava/lang/Object; @ 203
Event: 4.304 Thread 0x000000001ed90000 Uncommon trap: reason=unstable_if action=reinterpret pc=0x0000000003107e94 method=java.util.jar.Manifest$FastInputStream.readLine([BII)I @ 87
Event: 4.319 Thread 0x00000000029e8800 Uncommon trap: reason=unstable_if action=reinterpret pc=0x000000000313c204 method=java.util.concurrent.ConcurrentHashMap.putVal(Ljava/lang/Object;Ljava/lang/Object;Z)Ljava/lang/Object; @ 206

Internal exceptions (10 events):
Event: 4.521 Thread 0x00000000029e8800 Exception <a 'java/lang/ClassNotFoundException': org/springframework/beans/factory/support/BeanDefinitionRegistryPostProcessorCustomizer> (0x000000076b719c10) thrown at [C:\re\workspace\8-2-build-windows-amd64-cygwin\jdk8u111\7883\hotspot\src\share\vm\cla
Event: 4.522 Thread 0x00000000029e8800 Exception <a 'java/lang/ClassNotFoundException': org/springframework/beans/factory/config/BeanFactoryPostProcessorCustomizer> (0x000000076b907e80) thrown at [C:\re\workspace\8-2-build-windows-amd64-cygwin\jdk8u111\7883\hotspot\src\share\vm\classfile\syste
Event: 4.523 Thread 0x00000000029e8800 Exception <a 'java/lang/ClassNotFoundException': org/springframework/core/PriorityOrderedCustomizer> (0x000000076b9230e0) thrown at [C:\re\workspace\8-2-build-windows-amd64-cygwin\jdk8u111\7883\hotspot\src\share\vm\classfile\systemDictionary.cpp, line 210
Event: 4.524 Thread 0x00000000029e8800 Exception <a 'java/lang/ClassNotFoundException': org/springframework/core/OrderedCustomizer> (0x000000076b93a888) thrown at [C:\re\workspace\8-2-build-windows-amd64-cygwin\jdk8u111\7883\hotspot\src\share\vm\classfile\systemDictionary.cpp, line 210]
Event: 4.526 Thread 0x00000000029e8800 Exception <a 'java/lang/ClassNotFoundException': org/springframework/context/ResourceLoaderAwareCustomizer> (0x000000076b958590) thrown at [C:\re\workspace\8-2-build-windows-amd64-cygwin\jdk8u111\7883\hotspot\src\share\vm\classfile\systemDictionary.cpp, l
Event: 4.528 Thread 0x00000000029e8800 Exception <a 'java/lang/ClassNotFoundException': org/springframework/beans/factory/AwareCustomizer> (0x000000076b973a58) thrown at [C:\re\workspace\8-2-build-windows-amd64-cygwin\jdk8u111\7883\hotspot\src\share\vm\classfile\systemDictionary.cpp, line 210]
Event: 4.529 Thread 0x00000000029e8800 Exception <a 'java/lang/ClassNotFoundException': org/springframework/beans/factory/BeanClassLoaderAwareCustomizer> (0x000000076b993630) thrown at [C:\re\workspace\8-2-build-windows-amd64-cygwin\jdk8u111\7883\hotspot\src\share\vm\classfile\systemDictionary
Event: 4.530 Thread 0x00000000029e8800 Exception <a 'java/lang/ClassNotFoundException': org/springframework/beans/factory/AwareCustomizer> (0x000000076b9aeb88) thrown at [C:\re\workspace\8-2-build-windows-amd64-cygwin\jdk8u111\7883\hotspot\src\share\vm\classfile\systemDictionary.cpp, line 210]
Event: 4.531 Thread 0x00000000029e8800 Exception <a 'java/lang/ClassNotFoundException': org/springframework/context/EnvironmentAwareCustomizer> (0x000000076b9cab90) thrown at [C:\re\workspace\8-2-build-windows-amd64-cygwin\jdk8u111\7883\hotspot\src\share\vm\classfile\systemDictionary.cpp, line
Event: 4.532 Thread 0x00000000029e8800 Exception <a 'java/lang/ClassNotFoundException': org/springframework/beans/factory/AwareCustomizer> (0x000000076b9e5fc8) thrown at [C:\re\workspace\8-2-build-windows-amd64-cygwin\jdk8u111\7883\hotspot\src\share\vm\classfile\systemDictionary.cpp, line 210]

Events (10 events):
Event: 6.204 loading class com/fasterxml/jackson/core/exc/StreamReadException
Event: 6.204 loading class com/fasterxml/jackson/core/exc/StreamReadException done
Event: 6.205 loading class com/fasterxml/jackson/core/exc/InputCoercionException
Event: 6.205 loading class com/fasterxml/jackson/core/exc/InputCoercionException done
Event: 6.206 loading class java/time/DateTimeException
Event: 6.206 loading class java/time/DateTimeException done
Event: 6.214 loading class com/fasterxml/jackson/datatype/jsr310/deser/InstantDeserializer$FromIntegerArguments
Event: 6.214 loading class com/fasterxml/jackson/datatype/jsr310/deser/InstantDeserializer$FromIntegerArguments done
Event: 6.214 loading class com/fasterxml/jackson/datatype/jsr310/deser/InstantDeserializer$FromIntegerArguments
Event: 6.214 loading class com/fasterxml/jackson/datatype/jsr310/deser/InstantDeserializer$FromIntegerArguments done


Dynamic libraries:
0x00007ff616900000 - 0x00007ff616937000 	D:\Tool\jdk1.8.0_111\bin\java.exe
0x00007ffb69160000 - 0x00007ffb69350000 	C:\WINDOWS\SYSTEM32\ntdll.dll
0x00007ffb68850000 - 0x00007ffb68902000 	C:\WINDOWS\System32\KERNEL32.DLL
0x00007ffb66f30000 - 0x00007ffb671d3000 	C:\WINDOWS\System32\KERNELBASE.dll
0x00007ffb67f00000 - 0x00007ffb67fa3000 	C:\WINDOWS\System32\ADVAPI32.dll
0x00007ffb678d0000 - 0x00007ffb6796e000 	C:\WINDOWS\System32\msvcrt.dll
0x00007ffb68d20000 - 0x00007ffb68db7000 	C:\WINDOWS\System32\sechost.dll
0x00007ffb67b00000 - 0x00007ffb67c20000 	C:\WINDOWS\System32\RPCRT4.dll
0x00007ffb67680000 - 0x00007ffb67814000 	C:\WINDOWS\System32\USER32.dll
0x00007ffb671e0000 - 0x00007ffb67201000 	C:\WINDOWS\System32\win32u.dll
0x00007ffb679f0000 - 0x00007ffb67a16000 	C:\WINDOWS\System32\GDI32.dll
0x00007ffb66170000 - 0x00007ffb66304000 	C:\WINDOWS\System32\gdi32full.dll
0x00007ffb66be0000 - 0x00007ffb66c7e000 	C:\WINDOWS\System32\msvcp_win.dll
0x00007ffb66c80000 - 0x00007ffb66d7a000 	C:\WINDOWS\System32\ucrtbase.dll
0x00007ffb4ee10000 - 0x00007ffb4f095000 	C:\WINDOWS\WinSxS\amd64_microsoft.windows.common-controls_6595b64144ccf1df_6.0.18362.535_none_e6c3b34713100821\COMCTL32.dll
0x00007ffb68dc0000 - 0x00007ffb690f6000 	C:\WINDOWS\System32\combase.dll
0x00007ffb66d80000 - 0x00007ffb66e00000 	C:\WINDOWS\System32\bcryptPrimitives.dll
0x00007ffb67ed0000 - 0x00007ffb67efe000 	C:\WINDOWS\System32\IMM32.DLL
0x00000000583a0000 - 0x0000000058472000 	D:\Tool\jdk1.8.0_111\jre\bin\msvcr100.dll
0x00000000566e0000 - 0x0000000056f7a000 	D:\Tool\jdk1.8.0_111\jre\bin\server\jvm.dll
0x00007ffb68b70000 - 0x00007ffb68b78000 	C:\WINDOWS\System32\PSAPI.DLL
0x00007ffb62de0000 - 0x00007ffb62de9000 	C:\WINDOWS\SYSTEM32\WSOCK32.dll
0x00007ffb67c20000 - 0x00007ffb67c8f000 	C:\WINDOWS\System32\WS2_32.dll
0x00007ffb61840000 - 0x00007ffb61864000 	C:\WINDOWS\SYSTEM32\WINMM.dll
0x00007ffb57bf0000 - 0x00007ffb57bfa000 	C:\WINDOWS\SYSTEM32\VERSION.dll
0x00007ffb61810000 - 0x00007ffb6183d000 	C:\WINDOWS\SYSTEM32\WINMMBASE.dll
0x00007ffb66ee0000 - 0x00007ffb66f2a000 	C:\WINDOWS\System32\cfgmgr32.dll
0x0000000058550000 - 0x000000005855f000 	D:\Tool\jdk1.8.0_111\jre\bin\verify.dll
0x0000000058370000 - 0x0000000058399000 	D:\Tool\jdk1.8.0_111\jre\bin\java.dll
0x0000000057fc0000 - 0x0000000057fe3000 	D:\Tool\jdk1.8.0_111\jre\bin\instrument.dll
0x0000000058350000 - 0x0000000058366000 	D:\Tool\jdk1.8.0_111\jre\bin\zip.dll
0x00007ffb67fc0000 - 0x00007ffb686a5000 	C:\WINDOWS\System32\SHELL32.dll
0x00007ffb67820000 - 0x00007ffb678c9000 	C:\WINDOWS\System32\shcore.dll
0x00007ffb66310000 - 0x00007ffb66a8f000 	C:\WINDOWS\System32\windows.storage.dll
0x00007ffb66060000 - 0x00007ffb6607f000 	C:\WINDOWS\System32\profapi.dll
0x00007ffb660a0000 - 0x00007ffb660ea000 	C:\WINDOWS\System32\powrprof.dll
0x00007ffb66030000 - 0x00007ffb66040000 	C:\WINDOWS\System32\UMPDC.dll
0x00007ffb67a20000 - 0x00007ffb67a72000 	C:\WINDOWS\System32\shlwapi.dll
0x00007ffb66080000 - 0x00007ffb66091000 	C:\WINDOWS\System32\kernel.appcore.dll
0x00007ffb660f0000 - 0x00007ffb66107000 	C:\WINDOWS\System32\cryptsp.dll
0x00007ffb4a680000 - 0x00007ffb4a69a000 	C:\Program Files\JetBrains\IntelliJ IDEA 2018.3.5\bin\breakgen64.dll
0x0000000058330000 - 0x000000005834a000 	D:\Tool\jdk1.8.0_111\jre\bin\net.dll
0x00007ffb658a0000 - 0x00007ffb65907000 	C:\WINDOWS\system32\mswsock.dll
0x0000000057ff0000 - 0x0000000058001000 	D:\Tool\jdk1.8.0_111\jre\bin\nio.dll
0x0000000058320000 - 0x000000005832d000 	D:\Tool\jdk1.8.0_111\jre\bin\management.dll
0x00007ffb4a410000 - 0x00007ffb4a426000 	C:\WINDOWS\system32\napinsp.dll
0x00007ffb4a3b0000 - 0x00007ffb4a3ca000 	C:\WINDOWS\system32\pnrpnsp.dll
0x00007ffb61b80000 - 0x00007ffb61b95000 	C:\WINDOWS\system32\wshbth.dll
0x00007ffb62c40000 - 0x00007ffb62c5c000 	C:\WINDOWS\system32\NLAapi.dll
0x00007ffb655b0000 - 0x00007ffb655ea000 	C:\WINDOWS\SYSTEM32\IPHLPAPI.DLL
0x00007ffb655f0000 - 0x00007ffb656ba000 	C:\WINDOWS\SYSTEM32\DNSAPI.dll
0x00007ffb67a80000 - 0x00007ffb67a88000 	C:\WINDOWS\System32\NSI.dll
0x00007ffb4ff40000 - 0x00007ffb4ff4e000 	C:\WINDOWS\System32\winrnr.dll
0x00007ffb59ab0000 - 0x00007ffb59aba000 	C:\Windows\System32\rasadhlp.dll
0x00007ffb5df00000 - 0x00007ffb5df77000 	C:\WINDOWS\System32\fwpuclnt.dll
0x00007ffb66eb0000 - 0x00007ffb66ed6000 	C:\WINDOWS\System32\bcrypt.dll
0x00007ffb492d0000 - 0x00007ffb494c4000 	C:\WINDOWS\SYSTEM32\dbghelp.dll

VM Arguments:
jvm_args: -ea -Didea.test.cyclic.buffer.size=1048576 -javaagent:C:\Program Files\JetBrains\IntelliJ IDEA 2018.3.5\lib\idea_rt.jar=50789:C:\Program Files\JetBrains\IntelliJ IDEA 2018.3.5\bin -Dfile.encoding=UTF-8 
java_command: com.intellij.rt.execution.junit.JUnitStarter -ideVersion5 -junit5 com.example.weixin.WeixinApplicationTests,testTagGet
java_class_path (initial): C:\Program Files\JetBrains\IntelliJ IDEA 2018.3.5\lib\idea_rt.jar;C:\Program Files\JetBrains\IntelliJ IDEA 2018.3.5\plugins\junit\lib\junit-rt.jar;C:\Program Files\JetBrains\IntelliJ IDEA 2018.3.5\plugins\junit\lib\junit5-rt.jar;C:\Users\wl\.m2\repository\org\junit\platform\junit-platform-launcher\1.5.2\junit-platform-launcher-1.5.2.jar;C:\Users\wl\.m2\repository\org\apiguardian\apiguardian-api\1.1.0\apiguardian-api-1.1.0.jar;C:\Users\wl\.m2\repository\org\junit\platform\junit-platform-engine\1.5.2\junit-platform-engine-1.5.2.jar;C:\Users\wl\.m2\repository\org\opentest4j\opentest4j\1.2.0\opentest4j-1.2.0.jar;C:\Users\wl\.m2\repository\org\junit\platform\junit-platform-commons\1.5.2\junit-platform-commons-1.5.2.jar;D:\Tool\jdk1.8.0_111\jre\lib\charsets.jar;D:\Tool\jdk1.8.0_111\jre\lib\deploy.jar;D:\Tool\jdk1.8.0_111\jre\lib\ext\access-bridge-64.jar;D:\Tool\jdk1.8.0_111\jre\lib\ext\cldrdata.jar;D:\Tool\jdk1.8.0_111\jre\lib\ext\dnsns.jar;D:\Tool\jdk1.8.0_111\jre\lib\ext\jaccess.jar;D:\Tool\jdk1.8.0_111\jre\lib\ext\jfxrt.jar;D:\Tool\jdk1.8.0_111\jre\lib\ext\localedata.jar;D:\Tool\jdk1.8.0_111\jre\lib\ext\nashorn.jar;D:\Tool\jdk1.8.0_111\jre\lib\ext\sunec.jar;D:\Tool\jdk1.8.0_111\jre\lib\ext\sunjce_provider.jar;D:\Tool\jdk1.8.0_111\jre\lib\ext\sunmscapi.jar;D:\Tool\jdk1.8.0_111\jre\lib\ext\sunpkcs11.jar;D:\Tool\jdk1.8.0_111\jre\lib\ext\zipfs.jar;D:\Tool\jdk1.8.0_111\jre\lib\javaws.jar;D:\Tool\jdk1.8.0_111\jre\lib\jce.jar;D:\Tool\jdk1.8.0_111\jre\lib\jfr.jar;D:\Tool\jdk1.8.0_111\jre\lib\jfxswt.jar;D:\Tool\jdk1.8.0_111\jre\lib\jsse.jar;D:\Tool\jdk1.8.0_111\jre\lib\management-agent.jar;D:\Tool\jdk1.8.0_111\jre\lib\plugin.jar;D:\Tool\jdk1.8.0_111\jre\lib\resources.jar;D:\Tool\jdk1.8.0_111\jre\lib\rt.jar;D:\weixin\target\test-classes;D:\weixin\target\classes;D:\Tool\apache-maven-3.5.4\maven-repository\org\springframework\boot\spring-boot-starter\2.2.2.RELEASE\spring-boot-starter-2.2.2.RELEASE.jar;D:\Tool\apache-maven-3.5.4\maven-repository\org\spr
Launcher Type: SUN_STANDARD

Environment Variables:
JAVA_HOME=D:\Tool\jdk1.8.0_111
PATH=D:\Tool\jdk1.8.0_111\bin;D:\Tool\apache-maven-3.5.0\bin;D:\Tool\apache-tomcat-8.5.50\bin;C:\ProgramData\Oracle\Java\javapath;C:\WINDOWS\system32;C:\WINDOWS;C:\WINDOWS\System32\Wbem;C:\WINDOWS\System32\WindowsPowerShell\v1.0\;C:\WINDOWS\System32\OpenSSH\;C:\Program Files\Git\cmd;C:\Program Files (x86)\Common Files\Thunder Network\KanKan\Codecs;D:\python\Scripts\;D:\python\;C:\Users\wl\AppData\Local\Microsoft\WindowsApps;C:\Program Files\Bandizip\7z;C:\Users\wl\AppData\Local\Programs\Microsoft VS Code\bin
USERNAME=wl
OS=Windows_NT
PROCESSOR_IDENTIFIER=Intel64 Family 6 Model 78 Stepping 3, GenuineIntel



---------------  S Y S T E M  ---------------

OS: Windows 10.0 , 64 bit Build 18362 (10.0.18362.329)

CPU:total 4 (2 cores per cpu, 2 threads per core) family 6 model 78 stepping 3, cmov, cx8, fxsr, mmx, sse, sse2, sse3, ssse3, sse4.1, sse4.2, popcnt, avx, avx2, aes, clmul, erms, 3dnowpref, lzcnt, ht, tsc, tscinvbit, bmi1, bmi2, adx

Memory: 4k page, physical 16657576k(8499808k free), swap 19147944k(8218024k free)

vm_info: Java HotSpot(TM) 64-Bit Server VM (25.111-b14) for windows-amd64 JRE (1.8.0_111-b14), built on Sep 22 2016 19:24:05 by "java_re" with MS VC++ 10.0 (VS2010)

time: Fri Jan 10 16:58:35 2020
elapsed time: 6 seconds (0d 0h 0m 6s)

