#
# A fatal error has been detected by the Java Runtime Environment:
#
#  Internal Error (machnode.cpp:42), pid=14824, tid=0x000000000000214c
#  Error: ShouldNotReachHere()
#
# JRE version: Java(TM) SE Runtime Environment (8.0_111-b14) (build 1.8.0_111-b14)
# Java VM: Java HotSpot(TM) 64-Bit Server VM (25.111-b14 mixed mode windows-amd64 compressed oops)
# Failed to write core dump. Minidumps are not enabled by default on client versions of Windows
#
# If you would like to submit a bug report, please visit:
#   http://bugreport.java.com/bugreport/crash.jsp
#

---------------  T H R E A D  ---------------

Current thread (0x000000001e98b800):  JavaThread "C2 CompilerThread0" daemon [_thread_in_native, id=8524, stack(0x000000001f0d0000,0x000000001f1d0000)]

Stack: [0x000000001f0d0000,0x000000001f1d0000]
[error occurred during error reporting (printing stack bounds), id 0xc0000005]

Native frames: (J=compiled Java code, j=interpreted, Vv=VM code, C=native code)


Current CompileTask:
C2:   8896 3535       4       java.lang.String::toUpperCase (439 bytes)


---------------  P R O C E S S  ---------------

Java Threads: ( => current thread )
  0x000000001e9cd000 JavaThread "Service Thread" daemon [_thread_blocked, id=14076, stack(0x000000001f3d0000,0x000000001f4d0000)]
  0x000000001e995800 JavaThread "C1 CompilerThread2" daemon [_thread_blocked, id=11544, stack(0x000000001f2d0000,0x000000001f3d0000)]
  0x000000001e990800 JavaThread "C2 CompilerThread1" daemon [_thread_blocked, id=12544, stack(0x000000001f1d0000,0x000000001f2d0000)]
=>0x000000001e98b800 JavaThread "C2 CompilerThread0" daemon [_thread_in_native, id=8524, stack(0x000000001f0d0000,0x000000001f1d0000)]
  0x000000001cc9f800 JavaThread "JDWP Command Reader" daemon [_thread_in_native, id=12076, stack(0x000000001e7d0000,0x000000001e8d0000)]
  0x000000001cc9c800 JavaThread "JDWP Event Helper Thread" daemon [_thread_blocked, id=3984, stack(0x000000001e6d0000,0x000000001e7d0000)]
  0x000000001cc91000 JavaThread "JDWP Transport Listener: dt_socket" daemon [_thread_blocked, id=14596, stack(0x000000001e5d0000,0x000000001e6d0000)]
  0x000000001cc75000 JavaThread "Attach Listener" daemon [_thread_blocked, id=13904, stack(0x000000001e4d0000,0x000000001e5d0000)]
  0x000000001cc74000 JavaThread "Signal Dispatcher" daemon [_thread_blocked, id=7564, stack(0x000000001e3d0000,0x000000001e4d0000)]
  0x000000001cc50000 JavaThread "Finalizer" daemon [_thread_blocked, id=15220, stack(0x000000001ded0000,0x000000001dfd0000)]
  0x0000000003497000 JavaThread "Reference Handler" daemon [_thread_blocked, id=4592, stack(0x000000001ddd0000,0x000000001ded0000)]
  0x00000000033a7000 JavaThread "main" [_thread_in_native, id=14732, stack(0x00000000032a0000,0x00000000033a0000)]

Other Threads:
  0x000000001cc27000 VMThread [stack: 0x000000001dcd0000,0x000000001ddd0000] [id=10564]
  0x000000001eac1800 WatcherThread [stack: 0x000000001f4d0000,0x000000001f5d0000] [id=8996]

VM state:not at safepoint (normal execution)

VM Mutex/Monitor currently owned by a thread: None

Heap:
 PSYoungGen      total 189440K, used 43250K [0x000000076b400000, 0x0000000779100000, 0x00000007c0000000)
  eden space 178176K, 24% used [0x000000076b400000,0x000000076de3c818,0x0000000776200000)
  from space 11264K, 0% used [0x0000000776c80000,0x0000000776c80000,0x0000000777780000)
  to   space 10752K, 0% used [0x0000000776200000,0x0000000776200000,0x0000000776c80000)
 ParOldGen       total 149504K, used 12373K [0x00000006c1c00000, 0x00000006cae00000, 0x000000076b400000)
  object space 149504K, 8% used [0x00000006c1c00000,0x00000006c2815658,0x00000006cae00000)
 Metaspace       used 37222K, capacity 39720K, committed 40024K, reserved 1083392K
  class space    used 5002K, capacity 5456K, committed 5464K, reserved 1048576K

Card table byte_map: [0x0000000012a50000,0x0000000013250000] byte_map_base: 0x000000000f442000

Marking Bits: (ParMarkBitMap*) 0x0000000056eba6c0
 Begin Bits: [0x0000000013ba0000, 0x0000000017b30000)
 End Bits:   [0x0000000017b30000, 0x000000001bac0000)

Polling page: 0x0000000001160000

CodeCache: size=245760Kb used=13181Kb max_used=13191Kb free=232578Kb
 bounds [0x0000000003690000, 0x0000000004380000, 0x0000000012690000]
 total_blobs=3987 nmethods=3550 adapters=355
 compilation: enabled

Compilation events (10 events):
Event: 8.817 Thread 0x000000001e995800 3538       3       sun.security.x509.AVAKeyword::getKeyword (247 bytes)
Event: 8.819 Thread 0x000000001e995800 nmethod 3538 0x0000000004364490 code [0x00000000043647e0, 0x0000000004366398]
Event: 8.821 Thread 0x000000001e995800 3541       3       sun.security.x509.X509CertInfo::getX500Name (66 bytes)
Event: 8.821 Thread 0x000000001e995800 nmethod 3541 0x0000000004351b50 code [0x0000000004351d20, 0x00000000043522a8]
Event: 8.825 Thread 0x000000001e990800 nmethod 3534 0x000000000436a950 code [0x000000000436ab00, 0x000000000436b658]
Event: 8.825 Thread 0x000000001e990800 3540       4       java.lang.Integer::parseInt (261 bytes)
Event: 8.826 Thread 0x000000001e995800 3542       3       sun.security.provider.SHA5::lf_S (11 bytes)
Event: 8.826 Thread 0x000000001e995800 nmethod 3542 0x000000000436a650 code [0x000000000436a7a0, 0x000000000436a8f0]
Event: 8.826 Thread 0x000000001e995800 3543       3       sun.security.provider.SHA5::lf_R (4 bytes)
Event: 8.826 Thread 0x000000001e995800 nmethod 3543 0x000000000436a350 code [0x000000000436a4a0, 0x000000000436a5d0]

GC Heap History (10 events):
Event: 4.199 GC heap before
{Heap before GC invocations=4 (full 1):
 PSYoungGen      total 76288K, used 6212K [0x000000076b400000, 0x0000000774900000, 0x00000007c0000000)
  eden space 65536K, 0% used [0x000000076b400000,0x000000076b400000,0x000000076f400000)
  from space 10752K, 57% used [0x000000076f400000,0x000000076fa112a8,0x000000076fe80000)
  to   space 10752K, 0% used [0x0000000773e80000,0x0000000773e80000,0x0000000774900000)
 ParOldGen       total 175104K, used 32K [0x00000006c1c00000, 0x00000006cc700000, 0x000000076b400000)
  object space 175104K, 0% used [0x00000006c1c00000,0x00000006c1c08000,0x00000006cc700000)
 Metaspace       used 19768K, capacity 21098K, committed 21248K, reserved 1067008K
  class space    used 2673K, capacity 2961K, committed 3072K, reserved 1048576K
Event: 4.250 GC heap after
Heap after GC invocations=4 (full 1):
 PSYoungGen      total 76288K, used 0K [0x000000076b400000, 0x0000000774900000, 0x00000007c0000000)
  eden space 65536K, 0% used [0x000000076b400000,0x000000076b400000,0x000000076f400000)
  from space 10752K, 0% used [0x000000076f400000,0x000000076f400000,0x000000076fe80000)
  to   space 10752K, 0% used [0x0000000773e80000,0x0000000773e80000,0x0000000774900000)
 ParOldGen       total 93696K, used 6110K [0x00000006c1c00000, 0x00000006c7780000, 0x000000076b400000)
  object space 93696K, 6% used [0x00000006c1c00000,0x00000006c21f7870,0x00000006c7780000)
 Metaspace       used 19768K, capacity 21098K, committed 21248K, reserved 1067008K
  class space    used 2673K, capacity 2961K, committed 3072K, reserved 1048576K
}
Event: 4.876 GC heap before
{Heap before GC invocations=5 (full 1):
 PSYoungGen      total 76288K, used 65536K [0x000000076b400000, 0x0000000774900000, 0x00000007c0000000)
  eden space 65536K, 100% used [0x000000076b400000,0x000000076f400000,0x000000076f400000)
  from space 10752K, 0% used [0x000000076f400000,0x000000076f400000,0x000000076fe80000)
  to   space 10752K, 0% used [0x0000000773e80000,0x0000000773e80000,0x0000000774900000)
 ParOldGen       total 93696K, used 6110K [0x00000006c1c00000, 0x00000006c7780000, 0x000000076b400000)
  object space 93696K, 6% used [0x00000006c1c00000,0x00000006c21f7870,0x00000006c7780000)
 Metaspace       used 24661K, capacity 26124K, committed 26368K, reserved 1073152K
  class space    used 3262K, capacity 3576K, committed 3584K, reserved 1048576K
Event: 4.890 GC heap after
Heap after GC invocations=5 (full 1):
 PSYoungGen      total 116224K, used 6891K [0x000000076b400000, 0x0000000774580000, 0x00000007c0000000)
  eden space 109056K, 0% used [0x000000076b400000,0x000000076b400000,0x0000000771e80000)
  from space 7168K, 96% used [0x0000000773e80000,0x000000077453ad90,0x0000000774580000)
  to   space 10752K, 0% used [0x0000000773080000,0x0000000773080000,0x0000000773b00000)
 ParOldGen       total 93696K, used 6118K [0x00000006c1c00000, 0x00000006c7780000, 0x000000076b400000)
  object space 93696K, 6% used [0x00000006c1c00000,0x00000006c21f9870,0x00000006c7780000)
 Metaspace       used 24661K, capacity 26124K, committed 26368K, reserved 1073152K
  class space    used 3262K, capacity 3576K, committed 3584K, reserved 1048576K
}
Event: 6.680 GC heap before
{Heap before GC invocations=6 (full 1):
 PSYoungGen      total 116224K, used 115947K [0x000000076b400000, 0x0000000774580000, 0x00000007c0000000)
  eden space 109056K, 100% used [0x000000076b400000,0x0000000771e80000,0x0000000771e80000)
  from space 7168K, 96% used [0x0000000773e80000,0x000000077453ad90,0x0000000774580000)
  to   space 10752K, 0% used [0x0000000773080000,0x0000000773080000,0x0000000773b00000)
 ParOldGen       total 93696K, used 6118K [0x00000006c1c00000, 0x00000006c7780000, 0x000000076b400000)
  object space 93696K, 6% used [0x00000006c1c00000,0x00000006c21f9870,0x00000006c7780000)
 Metaspace       used 30285K, capacity 32500K, committed 32640K, reserved 1077248K
  class space    used 4016K, capacity 4426K, committed 4480K, reserved 1048576K
Event: 6.698 GC heap after
Heap after GC invocations=6 (full 1):
 PSYoungGen      total 138240K, used 10370K [0x000000076b400000, 0x0000000777780000, 0x00000007c0000000)
  eden space 127488K, 0% used [0x000000076b400000,0x000000076b400000,0x0000000773080000)
  from space 10752K, 96% used [0x0000000773080000,0x0000000773aa0a10,0x0000000773b00000)
  to   space 11264K, 0% used [0x0000000776c80000,0x0000000776c80000,0x0000000777780000)
 ParOldGen       total 93696K, used 6126K [0x00000006c1c00000, 0x00000006c7780000, 0x000000076b400000)
  object space 93696K, 6% used [0x00000006c1c00000,0x00000006c21fb870,0x00000006c7780000)
 Metaspace       used 30285K, capacity 32500K, committed 32640K, reserved 1077248K
  class space    used 4016K, capacity 4426K, committed 4480K, reserved 1048576K
}
Event: 7.590 GC heap before
{Heap before GC invocations=7 (full 1):
 PSYoungGen      total 138240K, used 82419K [0x000000076b400000, 0x0000000777780000, 0x00000007c0000000)
  eden space 127488K, 56% used [0x000000076b400000,0x000000076fa5c340,0x0000000773080000)
  from space 10752K, 96% used [0x0000000773080000,0x0000000773aa0a10,0x0000000773b00000)
  to   space 11264K, 0% used [0x0000000776c80000,0x0000000776c80000,0x0000000777780000)
 ParOldGen       total 93696K, used 6126K [0x00000006c1c00000, 0x00000006c7780000, 0x000000076b400000)
  object space 93696K, 6% used [0x00000006c1c00000,0x00000006c21fb870,0x00000006c7780000)
 Metaspace       used 32946K, capacity 35344K, committed 35416K, reserved 1079296K
  class space    used 4472K, capacity 4890K, committed 4952K, reserved 1048576K
Event: 7.603 GC heap after
Heap after GC invocations=7 (full 1):
 PSYoungGen      total 189440K, used 8211K [0x000000076b400000, 0x0000000779100000, 0x00000007c0000000)
  eden space 178176K, 0% used [0x000000076b400000,0x000000076b400000,0x0000000776200000)
  from space 11264K, 72% used [0x0000000776c80000,0x0000000777484e58,0x0000000777780000)
  to   space 10752K, 0% used [0x0000000776200000,0x0000000776200000,0x0000000776c80000)
 ParOldGen       total 93696K, used 6134K [0x00000006c1c00000, 0x00000006c7780000, 0x000000076b400000)
  object space 93696K, 6% used [0x00000006c1c00000,0x00000006c21fd870,0x00000006c7780000)
 Metaspace       used 32946K, capacity 35344K, committed 35416K, reserved 1079296K
  class space    used 4472K, capacity 4890K, committed 4952K, reserved 1048576K
}
Event: 7.603 GC heap before
{Heap before GC invocations=8 (full 2):
 PSYoungGen      total 189440K, used 8211K [0x000000076b400000, 0x0000000779100000, 0x00000007c0000000)
  eden space 178176K, 0% used [0x000000076b400000,0x000000076b400000,0x0000000776200000)
  from space 11264K, 72% used [0x0000000776c80000,0x0000000777484e58,0x0000000777780000)
  to   space 10752K, 0% used [0x0000000776200000,0x0000000776200000,0x0000000776c80000)
 ParOldGen       total 93696K, used 6134K [0x00000006c1c00000, 0x00000006c7780000, 0x000000076b400000)
  object space 93696K, 6% used [0x00000006c1c00000,0x00000006c21fd870,0x00000006c7780000)
 Metaspace       used 32946K, capacity 35344K, committed 35416K, reserved 1079296K
  class space    used 4472K, capacity 4890K, committed 4952K, reserved 1048576K
Event: 7.722 GC heap after
Heap after GC invocations=8 (full 2):
 PSYoungGen      total 189440K, used 0K [0x000000076b400000, 0x0000000779100000, 0x00000007c0000000)
  eden space 178176K, 0% used [0x000000076b400000,0x000000076b400000,0x0000000776200000)
  from space 11264K, 0% used [0x0000000776c80000,0x0000000776c80000,0x0000000777780000)
  to   space 10752K, 0% used [0x0000000776200000,0x0000000776200000,0x0000000776c80000)
 ParOldGen       total 149504K, used 12373K [0x00000006c1c00000, 0x00000006cae00000, 0x000000076b400000)
  object space 149504K, 8% used [0x00000006c1c00000,0x00000006c2815658,0x00000006cae00000)
 Metaspace       used 32946K, capacity 35344K, committed 35416K, reserved 1079296K
  class space    used 4472K, capacity 4890K, committed 4952K, reserved 1048576K
}

Deoptimization events (10 events):
Event: 8.220 Thread 0x00000000033a7000 Uncommon trap: reason=unstable_if action=reinterpret pc=0x00000000041d6174 method=java.lang.CharacterDataLatin1.digit(II)I @ 82
Event: 8.242 Thread 0x00000000033a7000 Uncommon trap: reason=unstable_if action=reinterpret pc=0x00000000041bbbec method=java.lang.CharacterDataLatin1.digit(II)I @ 82
Event: 8.291 Thread 0x00000000033a7000 Uncommon trap: reason=unstable_if action=reinterpret pc=0x00000000040d7f84 method=java.util.jar.JarFile.maybeInstantiateVerifier()V @ 75
Event: 8.296 Thread 0x00000000033a7000 Uncommon trap: reason=unstable_if action=reinterpret pc=0x0000000004220988 method=java.io.ByteArrayInputStream.read()I @ 8
Event: 8.675 Thread 0x00000000033a7000 Uncommon trap: reason=bimorphic action=maybe_recompile pc=0x0000000003d291bc method=java.net.URL.<init>(Ljava/net/URL;Ljava/lang/String;Ljava/net/URLStreamHandler;)V @ 504
Event: 8.678 Thread 0x00000000033a7000 Uncommon trap: reason=unstable_if action=reinterpret pc=0x0000000003d2999c method=sun.net.www.protocol.jar.Handler.parseURL(Ljava/net/URL;Ljava/lang/String;II)V @ 94
Event: 8.684 Thread 0x00000000033a7000 Uncommon trap: reason=class_check action=maybe_recompile pc=0x000000000429df40 method=java.util.Properties$LineReader.readLine()I @ 410
Event: 8.760 Thread 0x00000000033a7000 Uncommon trap: reason=unstable_if action=reinterpret pc=0x00000000042f4a8c method=java.util.Arrays.equals([B[B)Z @ 12
Event: 8.768 Thread 0x00000000033a7000 Uncommon trap: reason=unstable_if action=reinterpret pc=0x00000000041d2978 method=java.util.regex.Pattern$BmpCharProperty.match(Ljava/util/regex/Matcher;ILjava/lang/CharSequence;)Z @ 34
Event: 8.823 Thread 0x00000000033a7000 Uncommon trap: reason=unstable_if action=reinterpret pc=0x00000000042f7510 method=java.util.ArrayList.toArray([Ljava/lang/Object;)[Ljava/lang/Object; @ 48

Internal exceptions (10 events):
Event: 7.254 Thread 0x00000000033a7000 Exception <a 'java/lang/ClassNotFoundException': org/springframework/web/context/ServletContextAwareCustomizer> (0x000000076df9fcc8) thrown at [C:\re\workspace\8-2-build-windows-amd64-cygwin\jdk8u111\7883\hotspot\src\share\vm\classfile\systemDictionary.cp
Event: 7.254 Thread 0x00000000033a7000 Exception <a 'java/lang/ClassNotFoundException': org/springframework/beans/factory/AwareCustomizer> (0x000000076dfb9610) thrown at [C:\re\workspace\8-2-build-windows-amd64-cygwin\jdk8u111\7883\hotspot\src\share\vm\classfile\systemDictionary.cpp, line 210]
Event: 7.255 Thread 0x00000000033a7000 Exception <a 'java/lang/ClassNotFoundException': org/springframework/beans/factory/InitializingBeanCustomizer> (0x000000076dfd5d90) thrown at [C:\re\workspace\8-2-build-windows-amd64-cygwin\jdk8u111\7883\hotspot\src\share\vm\classfile\systemDictionary.cpp
Event: 7.256 Thread 0x00000000033a7000 Exception <a 'java/lang/ClassNotFoundException': org/springframework/beans/factory/DisposableBeanCustomizer> (0x000000076dff17e8) thrown at [C:\re\workspace\8-2-build-windows-amd64-cygwin\jdk8u111\7883\hotspot\src\share\vm\classfile\systemDictionary.cpp, 
Event: 7.259 Thread 0x00000000033a7000 Exception <a 'java/lang/ClassNotFoundException': java/lang/ObjectCustomizer> (0x000000076e00bcf8) thrown at [C:\re\workspace\8-2-build-windows-amd64-cygwin\jdk8u111\7883\hotspot\src\share\vm\classfile\systemDictionary.cpp, line 210]
Event: 7.259 Thread 0x00000000033a7000 Exception <a 'java/lang/ClassNotFoundException': org/springframework/web/multipart/support/StandardServletMultipartResolverCustomizer> (0x000000076e033930) thrown at [C:\re\workspace\8-2-build-windows-amd64-cygwin\jdk8u111\7883\hotspot\src\share\vm\classf
Event: 7.260 Thread 0x00000000033a7000 Exception <a 'java/lang/ClassNotFoundException': org/springframework/web/multipart/MultipartResolverCustomizer> (0x000000076e0554a8) thrown at [C:\re\workspace\8-2-build-windows-amd64-cygwin\jdk8u111\7883\hotspot\src\share\vm\classfile\systemDictionary.cp
Event: 7.320 Thread 0x00000000033a7000 Exception <a 'java/lang/ClassNotFoundException': java/lang/ObjectCustomizer> (0x000000076e301e58) thrown at [C:\re\workspace\8-2-build-windows-amd64-cygwin\jdk8u111\7883\hotspot\src\share\vm\classfile\systemDictionary.cpp, line 210]
Event: 7.321 Thread 0x00000000033a7000 Exception <a 'java/lang/ClassNotFoundException': com/example/weixin/WeixinApplicationTestsCustomizer> (0x000000076e31eb80) thrown at [C:\re\workspace\8-2-build-windows-amd64-cygwin\jdk8u111\7883\hotspot\src\share\vm\classfile\systemDictionary.cpp, line 21
Event: 8.760 Thread 0x00000000033a7000 Implicit null exception at 0x00000000042f491d to 0x00000000042f4a79

Events (10 events):
Event: 8.825 loading class java/security/spec/ECPublicKeySpec
Event: 8.825 loading class java/security/spec/ECPublicKeySpec done
Event: 8.825 loading class sun/security/rsa/RSASignature$SHA512withRSA
Event: 8.825 loading class sun/security/rsa/RSASignature$SHA512withRSA done
Event: 8.826 loading class sun/security/provider/SHA5$SHA512
Event: 8.826 loading class sun/security/provider/SHA5
Event: 8.826 loading class sun/security/provider/SHA5 done
Event: 8.826 loading class sun/security/provider/SHA5$SHA512 done
Event: 8.827 loading class sun/security/ssl/ECDHCrypt
Event: 8.827 loading class sun/security/ssl/ECDHCrypt done


Dynamic libraries:
0x00007ff7e4cc0000 - 0x00007ff7e4cf7000 	D:\Tool\jdk1.8.0_111\bin\java.exe
0x00007ffb69160000 - 0x00007ffb69350000 	C:\WINDOWS\SYSTEM32\ntdll.dll
0x00007ffb68850000 - 0x00007ffb68902000 	C:\WINDOWS\System32\KERNEL32.DLL
0x00007ffb66f30000 - 0x00007ffb671d3000 	C:\WINDOWS\System32\KERNELBASE.dll
0x00007ffb67f00000 - 0x00007ffb67fa3000 	C:\WINDOWS\System32\ADVAPI32.dll
0x00007ffb678d0000 - 0x00007ffb6796e000 	C:\WINDOWS\System32\msvcrt.dll
0x00007ffb68d20000 - 0x00007ffb68db7000 	C:\WINDOWS\System32\sechost.dll
0x00007ffb67b00000 - 0x00007ffb67c20000 	C:\WINDOWS\System32\RPCRT4.dll
0x00007ffb67680000 - 0x00007ffb67814000 	C:\WINDOWS\System32\USER32.dll
0x00007ffb671e0000 - 0x00007ffb67201000 	C:\WINDOWS\System32\win32u.dll
0x00007ffb679f0000 - 0x00007ffb67a16000 	C:\WINDOWS\System32\GDI32.dll
0x00007ffb66170000 - 0x00007ffb66304000 	C:\WINDOWS\System32\gdi32full.dll
0x00007ffb66be0000 - 0x00007ffb66c7e000 	C:\WINDOWS\System32\msvcp_win.dll
0x00007ffb66c80000 - 0x00007ffb66d7a000 	C:\WINDOWS\System32\ucrtbase.dll
0x00007ffb4ee10000 - 0x00007ffb4f095000 	C:\WINDOWS\WinSxS\amd64_microsoft.windows.common-controls_6595b64144ccf1df_6.0.18362.535_none_e6c3b34713100821\COMCTL32.dll
0x00007ffb68dc0000 - 0x00007ffb690f6000 	C:\WINDOWS\System32\combase.dll
0x00007ffb66d80000 - 0x00007ffb66e00000 	C:\WINDOWS\System32\bcryptPrimitives.dll
0x00007ffb67ed0000 - 0x00007ffb67efe000 	C:\WINDOWS\System32\IMM32.DLL
0x0000000058680000 - 0x0000000058752000 	D:\Tool\jdk1.8.0_111\jre\bin\msvcr100.dll
0x00000000566a0000 - 0x0000000056f3a000 	D:\Tool\jdk1.8.0_111\jre\bin\server\jvm.dll
0x00007ffb68b70000 - 0x00007ffb68b78000 	C:\WINDOWS\System32\PSAPI.DLL
0x00007ffb62de0000 - 0x00007ffb62de9000 	C:\WINDOWS\SYSTEM32\WSOCK32.dll
0x00007ffb67c20000 - 0x00007ffb67c8f000 	C:\WINDOWS\System32\WS2_32.dll
0x00007ffb61840000 - 0x00007ffb61864000 	C:\WINDOWS\SYSTEM32\WINMM.dll
0x00007ffb57bf0000 - 0x00007ffb57bfa000 	C:\WINDOWS\SYSTEM32\VERSION.dll
0x00007ffb61810000 - 0x00007ffb6183d000 	C:\WINDOWS\SYSTEM32\WINMMBASE.dll
0x00007ffb66ee0000 - 0x00007ffb66f2a000 	C:\WINDOWS\System32\cfgmgr32.dll
0x0000000058670000 - 0x000000005867f000 	D:\Tool\jdk1.8.0_111\jre\bin\verify.dll
0x0000000058640000 - 0x0000000058669000 	D:\Tool\jdk1.8.0_111\jre\bin\java.dll
0x0000000058560000 - 0x0000000058595000 	D:\Tool\jdk1.8.0_111\jre\bin\jdwp.dll
0x0000000058600000 - 0x0000000058608000 	D:\Tool\jdk1.8.0_111\jre\bin\npt.dll
0x0000000058530000 - 0x0000000058553000 	D:\Tool\jdk1.8.0_111\jre\bin\instrument.dll
0x0000000058620000 - 0x0000000058636000 	D:\Tool\jdk1.8.0_111\jre\bin\zip.dll
0x00007ffb67fc0000 - 0x00007ffb686a5000 	C:\WINDOWS\System32\SHELL32.dll
0x00007ffb67820000 - 0x00007ffb678c9000 	C:\WINDOWS\System32\shcore.dll
0x00007ffb66310000 - 0x00007ffb66a8f000 	C:\WINDOWS\System32\windows.storage.dll
0x00007ffb66060000 - 0x00007ffb6607f000 	C:\WINDOWS\System32\profapi.dll
0x00007ffb660a0000 - 0x00007ffb660ea000 	C:\WINDOWS\System32\powrprof.dll
0x00007ffb66030000 - 0x00007ffb66040000 	C:\WINDOWS\System32\UMPDC.dll
0x00007ffb67a20000 - 0x00007ffb67a72000 	C:\WINDOWS\System32\shlwapi.dll
0x00007ffb66080000 - 0x00007ffb66091000 	C:\WINDOWS\System32\kernel.appcore.dll
0x00007ffb660f0000 - 0x00007ffb66107000 	C:\WINDOWS\System32\cryptsp.dll
0x00000000585f0000 - 0x00000000585f9000 	D:\Tool\jdk1.8.0_111\jre\bin\dt_socket.dll
0x00007ffb658a0000 - 0x00007ffb65907000 	C:\WINDOWS\system32\mswsock.dll
0x00007ffb65410000 - 0x00007ffb65443000 	C:\WINDOWS\system32\rsaenh.dll
0x00007ffb66eb0000 - 0x00007ffb66ed6000 	C:\WINDOWS\System32\bcrypt.dll
0x00007ffb65f50000 - 0x00007ffb65f75000 	C:\WINDOWS\SYSTEM32\USERENV.dll
0x00007ffb65a70000 - 0x00007ffb65a7c000 	C:\WINDOWS\SYSTEM32\CRYPTBASE.dll
0x00000000585d0000 - 0x00000000585ea000 	D:\Tool\jdk1.8.0_111\jre\bin\net.dll
0x00007ffb655b0000 - 0x00007ffb655ea000 	C:\WINDOWS\SYSTEM32\IPHLPAPI.DLL
0x00007ffb67a80000 - 0x00007ffb67a88000 	C:\WINDOWS\System32\NSI.dll
0x00007ffb5fa40000 - 0x00007ffb5fa56000 	C:\WINDOWS\SYSTEM32\dhcpcsvc6.DLL
0x00007ffb5fa20000 - 0x00007ffb5fa3c000 	C:\WINDOWS\SYSTEM32\dhcpcsvc.DLL
0x00007ffb655f0000 - 0x00007ffb656ba000 	C:\WINDOWS\SYSTEM32\DNSAPI.dll
0x00000000585a0000 - 0x00000000585b1000 	D:\Tool\jdk1.8.0_111\jre\bin\nio.dll
0x0000000058610000 - 0x000000005861d000 	D:\Tool\jdk1.8.0_111\jre\bin\management.dll
0x00007ffb58830000 - 0x00007ffb58846000 	C:\WINDOWS\system32\napinsp.dll
0x00007ffb58510000 - 0x00007ffb5852a000 	C:\WINDOWS\system32\pnrpnsp.dll
0x00007ffb61b80000 - 0x00007ffb61b95000 	C:\WINDOWS\system32\wshbth.dll
0x00007ffb62c40000 - 0x00007ffb62c5c000 	C:\WINDOWS\system32\NLAapi.dll
0x00007ffb60a00000 - 0x00007ffb60a0e000 	C:\WINDOWS\System32\winrnr.dll
0x00007ffb59ab0000 - 0x00007ffb59aba000 	C:\Windows\System32\rasadhlp.dll
0x00007ffb5df00000 - 0x00007ffb5df77000 	C:\WINDOWS\System32\fwpuclnt.dll
0x0000000180000000 - 0x0000000180282000 	D:\Tool\apache-tomcat-8.5.50\bin\tcnative-1.dll
0x00007ffb66a90000 - 0x00007ffb66bd9000 	C:\WINDOWS\System32\CRYPT32.dll
0x00007ffb66040000 - 0x00007ffb66052000 	C:\WINDOWS\System32\MSASN1.dll
0x0000000058500000 - 0x0000000058524000 	D:\Tool\jdk1.8.0_111\jre\bin\sunec.dll
0x00000000585c0000 - 0x00000000585cb000 	D:\Tool\jdk1.8.0_111\jre\bin\sunmscapi.dll

VM Arguments:
jvm_args: -agentlib:jdwp=transport=dt_socket,address=127.0.0.1:59683,suspend=y,server=n -ea -Didea.test.cyclic.buffer.size=1048576 -javaagent:C:\Users\wl\.IntelliJIdea2018.3\system\captureAgent\debugger-agent.jar -Dfile.encoding=UTF-8 
java_command: com.intellij.rt.execution.junit.JUnitStarter -ideVersion5 -junit5 com.example.weixin.WeixinApplicationTests,testUpload
java_class_path (initial): C:\Program Files\JetBrains\IntelliJ IDEA 2018.3.5\lib\idea_rt.jar;C:\Program Files\JetBrains\IntelliJ IDEA 2018.3.5\plugins\junit\lib\junit-rt.jar;C:\Program Files\JetBrains\IntelliJ IDEA 2018.3.5\plugins\junit\lib\junit5-rt.jar;C:\Users\wl\.m2\repository\org\junit\platform\junit-platform-launcher\1.5.2\junit-platform-launcher-1.5.2.jar;C:\Users\wl\.m2\repository\org\apiguardian\apiguardian-api\1.1.0\apiguardian-api-1.1.0.jar;C:\Users\wl\.m2\repository\org\junit\platform\junit-platform-engine\1.5.2\junit-platform-engine-1.5.2.jar;C:\Users\wl\.m2\repository\org\opentest4j\opentest4j\1.2.0\opentest4j-1.2.0.jar;C:\Users\wl\.m2\repository\org\junit\platform\junit-platform-commons\1.5.2\junit-platform-commons-1.5.2.jar;D:\Tool\jdk1.8.0_111\jre\lib\charsets.jar;D:\Tool\jdk1.8.0_111\jre\lib\deploy.jar;D:\Tool\jdk1.8.0_111\jre\lib\ext\access-bridge-64.jar;D:\Tool\jdk1.8.0_111\jre\lib\ext\cldrdata.jar;D:\Tool\jdk1.8.0_111\jre\lib\ext\dnsns.jar;D:\Tool\jdk1.8.0_111\jre\lib\ext\jaccess.jar;D:\Tool\jdk1.8.0_111\jre\lib\ext\jfxrt.jar;D:\Tool\jdk1.8.0_111\jre\lib\ext\localedata.jar;D:\Tool\jdk1.8.0_111\jre\lib\ext\nashorn.jar;D:\Tool\jdk1.8.0_111\jre\lib\ext\sunec.jar;D:\Tool\jdk1.8.0_111\jre\lib\ext\sunjce_provider.jar;D:\Tool\jdk1.8.0_111\jre\lib\ext\sunmscapi.jar;D:\Tool\jdk1.8.0_111\jre\lib\ext\sunpkcs11.jar;D:\Tool\jdk1.8.0_111\jre\lib\ext\zipfs.jar;D:\Tool\jdk1.8.0_111\jre\lib\javaws.jar;D:\Tool\jdk1.8.0_111\jre\lib\jce.jar;D:\Tool\jdk1.8.0_111\jre\lib\jfr.jar;D:\Tool\jdk1.8.0_111\jre\lib\jfxswt.jar;D:\Tool\jdk1.8.0_111\jre\lib\jsse.jar;D:\Tool\jdk1.8.0_111\jre\lib\management-agent.jar;D:\Tool\jdk1.8.0_111\jre\lib\plugin.jar;D:\Tool\jdk1.8.0_111\jre\lib\resources.jar;D:\Tool\jdk1.8.0_111\jre\lib\rt.jar;D:\weixin\target\test-classes;D:\weixin\target\classes;D:\Tool\apache-maven-3.5.4\maven-repository\org\springframework\boot\spring-boot-starter\2.2.2.RELEASE\spring-boot-starter-2.2.2.RELEASE.jar;D:\Tool\apache-maven-3.5.4\maven-repository\org\spr
Launcher Type: SUN_STANDARD

Environment Variables:
JAVA_HOME=D:\Tool\jdk1.8.0_111
PATH=D:\Tool\jdk1.8.0_111\bin;D:\Tool\apache-maven-3.5.0\bin;D:\Tool\apache-tomcat-8.5.50\bin;C:\ProgramData\Oracle\Java\javapath;C:\WINDOWS\system32;C:\WINDOWS;C:\WINDOWS\System32\Wbem;C:\WINDOWS\System32\WindowsPowerShell\v1.0\;C:\WINDOWS\System32\OpenSSH\;C:\Program Files\Git\cmd;C:\Program Files (x86)\Common Files\Thunder Network\KanKan\Codecs;D:\python\Scripts\;D:\python\;C:\Users\wl\AppData\Local\Microsoft\WindowsApps;C:\Program Files\Bandizip\7z;C:\Users\wl\AppData\Local\Programs\Microsoft VS Code\bin
USERNAME=wl
OS=Windows_NT
PROCESSOR_IDENTIFIER=Intel64 Family 6 Model 78 Stepping 3, GenuineIntel



---------------  S Y S T E M  ---------------

OS: Windows 10.0 , 64 bit Build 18362 (10.0.18362.329)

CPU:total 4 (2 cores per cpu, 2 threads per core) family 6 model 78 stepping 3, cmov, cx8, fxsr, mmx, sse, sse2, sse3, ssse3, sse4.1, sse4.2, popcnt, avx, avx2, aes, clmul, erms, 3dnowpref, lzcnt, ht, tsc, tscinvbit, bmi1, bmi2, adx

Memory: 4k page, physical 16657576k(9254328k free), swap 19147944k(9872488k free)

vm_info: Java HotSpot(TM) 64-Bit Server VM (25.111-b14) for windows-amd64 JRE (1.8.0_111-b14), built on Sep 22 2016 19:24:05 by "java_re" with MS VC++ 10.0 (VS2010)

time: Tue Jan 07 16:27:37 2020
elapsed time: 8 seconds (0d 0h 0m 8s)

