#
# A fatal error has been detected by the Java Runtime Environment:
#
#  EXCEPTION_ACCESS_VIOLATION (0xc0000005) at pc=0x0000000066004d5d, pid=7848, tid=0x0000000000000478
#
# JRE version: Java(TM) SE Runtime Environment (8.0_111-b14) (build 1.8.0_111-b14)
# Java VM: Java HotSpot(TM) 64-Bit Server VM (25.111-b14 mixed mode windows-amd64 compressed oops)
# Problematic frame:
# V  [jvm.dll+0x204d5d]
#
# Failed to write core dump. Minidumps are not enabled by default on client versions of Windows
#
# If you would like to submit a bug report, please visit:
#   http://bugreport.java.com/bugreport/crash.jsp
#

---------------  T H R E A D  ---------------

Current thread (0x0000000002cc4000):  JavaThread "main" [_thread_in_vm, id=1144, stack(0x0000000002a90000,0x0000000002b90000)]

siginfo: ExceptionCode=0xc0000005, reading address 0x00000000000008a1

Registers:
RAX=0x0000000002b8dcd4, RBX=0x0000000000000001, RCX=0x0000000000000800, RDX=0x0000000000000000
RSP=0x0000000002b8dc40, RBP=0x000000000266ef00, RSI=0x0000000000000800, RDI=0x0000000000000000
R8 =0x0000000000000001, R9 =0x0000000000000000, R10=0x0000000002d098c0, R11=0x00000000030bd0e0
R12=0x0000000002cc48f0, R13=0x0000000000000000, R14=0x0000000002cc4cd8, R15=0x00000000000003d8
RIP=0x0000000066004d5d, EFLAGS=0x0000000000010202

Top of Stack: (sp=0x0000000002b8dc40)
0x0000000002b8dc40:   0000000000000000 800000000000001c
0x0000000002b8dc50:   0000000000000000 0000000000000000
0x0000000002b8dc60:   00000000000003d8 0000000002cc4cd8
0x0000000002b8dc70:   0000000002cc4900 0000000002cc48f0
0x0000000002b8dc80:   0000000000000800 0000000066004fa8
0x0000000002b8dc90:   0000000002b8dd08 0000000000000001
0x0000000002b8dca0:   000000000266ef00 0000000065fb6d51
0x0000000002b8dcb0:   0000000002b8dcd4 0000000002b8dcd0
0x0000000002b8dcc0:   0000000002b8dd28 0000000000000000
0x0000000002b8dcd0:   000000076bada558 0000000065f8d0a5
0x0000000002b8dce0:   0000000002cc4000 0000000002b8de90
0x0000000002b8dcf0:   0000000000000001 0000000002cc4000
0x0000000002b8dd00:   0000000002cc3120 0000000065eb8ba4
0x0000000002b8dd10:   0000000002b8dd80 0000000000000001
0x0000000002b8dd20:   0000000000000000 0000000000000000
0x0000000002b8dd30:   0000000002b8de70 0000000002b8de30 

Instructions: (pc=0x0000000066004d5d)
0x0000000066004d3d:   cc cc cc 48 89 5c 24 10 48 89 6c 24 18 56 41 54
0x0000000066004d4d:   41 55 41 56 41 57 48 83 ec 20 49 63 d8 44 8b ea
0x0000000066004d5d:   0f b6 b4 0b a0 00 00 00 ff c6 44 0f b6 d6 41 ff
0x0000000066004d6d:   ca 83 fb 14 73 23 40 84 f6 74 0a 40 88 b4 0b a0 


Register to memory mapping:

RAX=0x0000000002b8dcd4 is pointing into the stack for thread: 0x0000000002cc4000
RBX=0x0000000000000001 is an unknown value
RCX=0x0000000000000800 is an unknown value
RDX=0x0000000000000000 is an unknown value
RSP=0x0000000002b8dc40 is pointing into the stack for thread: 0x0000000002cc4000
RBP=0x000000000266ef00 is an unknown value
RSI=0x0000000000000800 is an unknown value
RDI=0x0000000000000000 is an unknown value
R8 =0x0000000000000001 is an unknown value
R9 =0x0000000000000000 is an unknown value
R10=0x0000000002d098c0 is an unknown value
R11=0x00000000030bd0e0 is at entry_point+0 in (nmethod*)0x00000000030bcf90
R12=0x0000000002cc48f0 is an unknown value
R13=0x0000000000000000 is an unknown value
R14=0x0000000002cc4cd8 is an unknown value
R15=0x00000000000003d8 is an unknown value


Stack: [0x0000000002a90000,0x0000000002b90000],  sp=0x0000000002b8dc40,  free space=1015k
Native frames: (J=compiled Java code, j=interpreted, Vv=VM code, C=native code)
V  [jvm.dll+0x204d5d]
V  [jvm.dll+0x204fa8]
V  [jvm.dll+0xb8ba4]
V  [jvm.dll+0xb8c9a]
V  [jvm.dll+0xb8dc2]
C  0x0000000002dd30c9

Java frames: (J=compiled Java code, j=interpreted, Vv=VM code)
j  sun.reflect.DelegatingMethodAccessorImpl.invoke(Ljava/lang/Object;[Ljava/lang/Object;)Ljava/lang/Object;+0
j  java.lang.reflect.Method.invoke(Ljava/lang/Object;[Ljava/lang/Object;)Ljava/lang/Object;+56
j  org.springframework.core.annotation.AttributeMethods.isValid(Ljava/lang/annotation/Annotation;)Z+33
J 1432 C1 org.springframework.core.annotation.AnnotationsScanner.getDeclaredAnnotations(Ljava/lang/reflect/AnnotatedElement;Z)[Ljava/lang/annotation/Annotation; (166 bytes) @ 0x00000000030e9944 [0x00000000030e9720+0x224]
J 1466 C1 org.springframework.core.annotation.AnnotationsScanner.getDeclaredAnnotation(Ljava/lang/reflect/AnnotatedElement;Ljava/lang/Class;)Ljava/lang/annotation/Annotation; (55 bytes) @ 0x00000000030f305c [0x00000000030f3040+0x1c]
j  org.springframework.core.annotation.AnnotationTypeMapping.resolveAliasedForTargets()Ljava/util/Map;+33
j  org.springframework.core.annotation.AnnotationTypeMapping.<init>(Lorg/springframework/core/annotation/AnnotationTypeMapping;Ljava/lang/Class;Ljava/lang/annotation/Annotation;)V+162
j  org.springframework.core.annotation.AnnotationTypeMappings.addIfPossible(Ljava/util/Deque;Lorg/springframework/core/annotation/AnnotationTypeMapping;Ljava/lang/Class;Ljava/lang/annotation/Annotation;)V+9
j  org.springframework.core.annotation.AnnotationTypeMappings.addAllMappings(Ljava/lang/Class;)V+13
j  org.springframework.core.annotation.AnnotationTypeMappings.<init>(Lorg/springframework/core/annotation/RepeatableContainers;Lorg/springframework/core/annotation/AnnotationFilter;Ljava/lang/Class;)V+27
j  org.springframework.core.annotation.AnnotationTypeMappings.<init>(Lorg/springframework/core/annotation/RepeatableContainers;Lorg/springframework/core/annotation/AnnotationFilter;Ljava/lang/Class;Lorg/springframework/core/annotation/AnnotationTypeMappings$1;)V+4
j  org.springframework.core.annotation.AnnotationTypeMappings$Cache.createMappings(Ljava/lang/Class;)Lorg/springframework/core/annotation/AnnotationTypeMappings;+14
j  org.springframework.core.annotation.AnnotationTypeMappings$Cache$$Lambda$9.apply(Ljava/lang/Object;)Ljava/lang/Object;+8
J 1447 C1 java.util.concurrent.ConcurrentMap.computeIfAbsent(Ljava/lang/Object;Ljava/util/function/Function;)Ljava/lang/Object; (51 bytes) @ 0x00000000030ee62c [0x00000000030ee5a0+0x8c]
j  org.springframework.core.annotation.AnnotationTypeMappings$Cache.get(Ljava/lang/Class;)Lorg/springframework/core/annotation/AnnotationTypeMappings;+11
j  org.springframework.core.annotation.AnnotationTypeMappings.forAnnotationType(Ljava/lang/Class;Lorg/springframework/core/annotation/RepeatableContainers;Lorg/springframework/core/annotation/AnnotationFilter;)Lorg/springframework/core/annotation/AnnotationTypeMappings;+26
j  org.springframework.core.annotation.AnnotationTypeMappings.forAnnotationType(Ljava/lang/Class;Lorg/springframework/core/annotation/AnnotationFilter;)Lorg/springframework/core/annotation/AnnotationTypeMappings;+5
j  org.springframework.core.annotation.AnnotationTypeMappings.forAnnotationType(Ljava/lang/Class;)Lorg/springframework/core/annotation/AnnotationTypeMappings;+4
j  org.springframework.core.annotation.TypeMappedAnnotation.of(Ljava/lang/ClassLoader;Ljava/lang/Object;Ljava/lang/Class;Ljava/util/Map;)Lorg/springframework/core/annotation/MergedAnnotation;+7
j  org.springframework.core.annotation.MergedAnnotation.of(Ljava/lang/ClassLoader;Ljava/lang/Object;Ljava/lang/Class;Ljava/util/Map;)Lorg/springframework/core/annotation/MergedAnnotation;+4
j  org.springframework.core.type.classreading.MergedAnnotationReadingVisitor.visitEnd()V+16
j  org.springframework.asm.ClassReader.readElementValues(Lorg/springframework/asm/AnnotationVisitor;IZ[C)I+82
j  org.springframework.asm.ClassReader.readMethod(Lorg/springframework/asm/ClassVisitor;Lorg/springframework/asm/Context;I)I+729
j  org.springframework.asm.ClassReader.accept(Lorg/springframework/asm/ClassVisitor;[Lorg/springframework/asm/Attribute;I)V+1237
j  org.springframework.asm.ClassReader.accept(Lorg/springframework/asm/ClassVisitor;I)V+7
j  org.springframework.core.type.classreading.SimpleMetadataReader.<init>(Lorg/springframework/core/io/Resource;Ljava/lang/ClassLoader;)V+20
j  org.springframework.core.type.classreading.SimpleMetadataReaderFactory.getMetadataReader(Lorg/springframework/core/io/Resource;)Lorg/springframework/core/type/classreading/MetadataReader;+14
j  org.springframework.boot.type.classreading.ConcurrentReferenceCachingMetadataReaderFactory.createMetadataReader(Lorg/springframework/core/io/Resource;)Lorg/springframework/core/type/classreading/MetadataReader;+2
j  org.springframework.boot.type.classreading.ConcurrentReferenceCachingMetadataReaderFactory.getMetadataReader(Lorg/springframework/core/io/Resource;)Lorg/springframework/core/type/classreading/MetadataReader;+20
j  org.springframework.core.type.classreading.SimpleMetadataReaderFactory.getMetadataReader(Ljava/lang/String;)Lorg/springframework/core/type/classreading/MetadataReader;+41
j  org.springframework.context.annotation.ConfigurationClassParser.asSourceClass(Ljava/lang/String;)Lorg/springframework/context/annotation/ConfigurationClassParser$SourceClass;+93
j  org.springframework.context.annotation.ConfigurationClassParser.asSourceClasses([Ljava/lang/String;)Ljava/util/Collection;+36
j  org.springframework.context.annotation.ConfigurationClassParser.access$800(Lorg/springframework/context/annotation/ConfigurationClassParser;[Ljava/lang/String;)Ljava/util/Collection;+2
j  org.springframework.context.annotation.ConfigurationClassParser$DeferredImportSelectorGroupingHandler.lambda$processGroupImports$1(Lorg/springframework/context/annotation/DeferredImportSelector$Group$Entry;)V+45
j  org.springframework.context.annotation.ConfigurationClassParser$DeferredImportSelectorGroupingHandler$$Lambda$200.accept(Ljava/lang/Object;)V+8
j  java.util.ArrayList.forEach(Ljava/util/function/Consumer;)V+47
j  org.springframework.context.annotation.ConfigurationClassParser$DeferredImportSelectorGroupingHandler.processGroupImports()V+44
j  org.springframework.context.annotation.ConfigurationClassParser$DeferredImportSelectorHandler.process()V+54
j  org.springframework.context.annotation.ConfigurationClassParser.parse(Ljava/util/Set;)V+171
j  org.springframework.context.annotation.ConfigurationClassPostProcessor.processConfigBeanDefinitions(Lorg/springframework/beans/factory/support/BeanDefinitionRegistry;)V+295
j  org.springframework.context.annotation.ConfigurationClassPostProcessor.postProcessBeanDefinitionRegistry(Lorg/springframework/beans/factory/support/BeanDefinitionRegistry;)V+107
j  org.springframework.context.support.PostProcessorRegistrationDelegate.invokeBeanDefinitionRegistryPostProcessors(Ljava/util/Collection;Lorg/springframework/beans/factory/support/BeanDefinitionRegistry;)V+28
j  org.springframework.context.support.PostProcessorRegistrationDelegate.invokeBeanFactoryPostProcessors(Lorg/springframework/beans/factory/config/ConfigurableListableBeanFactory;Ljava/util/List;)V+229
j  org.springframework.context.support.AbstractApplicationContext.invokeBeanFactoryPostProcessors(Lorg/springframework/beans/factory/config/ConfigurableListableBeanFactory;)V+5
j  org.springframework.context.support.AbstractApplicationContext.refresh()V+28
j  org.springframework.boot.web.servlet.context.ServletWebServerApplicationContext.refresh()V+1
j  org.springframework.boot.SpringApplication.refresh(Lorg/springframework/context/ApplicationContext;)V+10
j  org.springframework.boot.SpringApplication.refreshContext(Lorg/springframework/context/ConfigurableApplicationContext;)V+2
j  org.springframework.boot.SpringApplication.run([Ljava/lang/String;)Lorg/springframework/context/ConfigurableApplicationContext;+118
j  org.springframework.boot.SpringApplication.run([Ljava/lang/Class;[Ljava/lang/String;)Lorg/springframework/context/ConfigurableApplicationContext;+9
j  org.springframework.boot.SpringApplication.run(Ljava/lang/Class;[Ljava/lang/String;)Lorg/springframework/context/ConfigurableApplicationContext;+9
j  com.example.weixin.WeixinApplication.main([Ljava/lang/String;)V+3
v  ~StubRoutines::call_stub

---------------  P R O C E S S  ---------------

Java Threads: ( => current thread )
  0x000000001e5d3000 JavaThread "RMI Scheduler(0)" daemon [_thread_blocked, id=1932, stack(0x000000001f1f0000,0x000000001f2f0000)]
  0x000000001e5b0800 JavaThread "RMI TCP Connection(1)-192.168.154.1" daemon [_thread_in_native, id=3632, stack(0x000000001f0f0000,0x000000001f1f0000)]
  0x000000001dacc000 JavaThread "RMI TCP Accept-0" daemon [_thread_in_native, id=372, stack(0x000000001e9f0000,0x000000001eaf0000)]
  0x000000001d9b3000 JavaThread "Service Thread" daemon [_thread_blocked, id=7660, stack(0x000000001e0f0000,0x000000001e1f0000)]
  0x000000001d988800 JavaThread "C1 CompilerThread2" daemon [_thread_blocked, id=5728, stack(0x000000001dff0000,0x000000001e0f0000)]
  0x000000001d92e800 JavaThread "C2 CompilerThread1" daemon [_thread_blocked, id=1424, stack(0x000000001def0000,0x000000001dff0000)]
  0x000000001d92a800 JavaThread "C2 CompilerThread0" daemon [_thread_blocked, id=1752, stack(0x000000001ddf0000,0x000000001def0000)]
  0x000000001d929000 JavaThread "Monitor Ctrl-Break" daemon [_thread_in_native, id=4056, stack(0x000000001dcf0000,0x000000001ddf0000)]
  0x000000001c3a0000 JavaThread "Attach Listener" daemon [_thread_blocked, id=3824, stack(0x000000001dbf0000,0x000000001dcf0000)]
  0x000000001d700800 JavaThread "Signal Dispatcher" daemon [_thread_blocked, id=3640, stack(0x000000001daf0000,0x000000001dbf0000)]
  0x000000001c379000 JavaThread "Finalizer" daemon [_thread_blocked, id=10440, stack(0x000000001d5f0000,0x000000001d6f0000)]
  0x0000000002db4000 JavaThread "Reference Handler" daemon [_thread_blocked, id=6020, stack(0x000000001d4f0000,0x000000001d5f0000)]
=>0x0000000002cc4000 JavaThread "main" [_thread_in_vm, id=1144, stack(0x0000000002a90000,0x0000000002b90000)]

Other Threads:
  0x000000001c356800 VMThread [stack: 0x000000001d3f0000,0x000000001d4f0000] [id=3636]
  0x000000001dacd800 WatcherThread [stack: 0x000000001eaf0000,0x000000001ebf0000] [id=11080]

VM state:not at safepoint (normal execution)

VM Mutex/Monitor currently owned by a thread: None

Heap:
 PSYoungGen      total 76288K, used 7049K [0x000000076b400000, 0x0000000774900000, 0x00000007c0000000)
  eden space 65536K, 10% used [0x000000076b400000,0x000000076bae2778,0x000000076f400000)
  from space 10752K, 0% used [0x000000076fe80000,0x000000076fe80000,0x0000000770900000)
  to   space 10752K, 0% used [0x000000076f400000,0x000000076f400000,0x000000076fe80000)
 ParOldGen       total 107008K, used 10149K [0x00000006c1c00000, 0x00000006c8480000, 0x000000076b400000)
  object space 107008K, 9% used [0x00000006c1c00000,0x00000006c25e9660,0x00000006c8480000)
 Metaspace       used 20913K, capacity 21744K, committed 22016K, reserved 1069056K
  class space    used 2817K, capacity 3024K, committed 3072K, reserved 1048576K

Card table byte_map: [0x0000000012180000,0x0000000012980000] byte_map_base: 0x000000000eb72000

Marking Bits: (ParMarkBitMap*) 0x000000006661a6c0
 Begin Bits: [0x00000000132d0000, 0x0000000017260000)
 End Bits:   [0x0000000017260000, 0x000000001b1f0000)

Polling page: 0x0000000000d20000

CodeCache: size=245760Kb used=3440Kb max_used=3440Kb free=242319Kb
 bounds [0x0000000002dc0000, 0x0000000003120000, 0x0000000011dc0000]
 total_blobs=1969 nmethods=1571 adapters=310
 compilation: enabled

Compilation events (10 events):
Event: 3.734 Thread 0x000000001d988800 1567       1       org.springframework.util.Assert::isTrue (14 bytes)
Event: 3.734 Thread 0x000000001d988800 nmethod 1567 0x000000000311afd0 code [0x000000000311b140, 0x000000000311b2a8]
Event: 3.734 Thread 0x000000001d988800 1568       1       org.springframework.core.type.classreading.SimpleAnnotationMetadata::getAnnotations (5 bytes)
Event: 3.734 Thread 0x000000001d988800 nmethod 1568 0x000000000311b350 code [0x000000000311b4a0, 0x000000000311b5b0]
Event: 3.734 Thread 0x000000001d988800 1569       1       org.springframework.core.annotation.TypeMappedAnnotation::isPresent (2 bytes)
Event: 3.734 Thread 0x000000001d988800 nmethod 1569 0x000000000311b610 code [0x000000000311b760, 0x000000000311b870]
Event: 3.735 Thread 0x000000001d988800 1570       1       org.springframework.asm.ClassReader::readInt (52 bytes)
Event: 3.736 Thread 0x000000001d988800 nmethod 1570 0x000000000311b8d0 code [0x000000000311ba20, 0x000000000311bbf0]
Event: 3.736 Thread 0x000000001d988800 1571       1       java.util.LinkedList::linkBefore (63 bytes)
Event: 3.736 Thread 0x000000001d988800 nmethod 1571 0x000000000311bd10 code [0x000000000311be60, 0x000000000311c090]

GC Heap History (6 events):
Event: 2.922 GC heap before
{Heap before GC invocations=1 (full 0):
 PSYoungGen      total 76288K, used 65536K [0x000000076b400000, 0x0000000770900000, 0x00000007c0000000)
  eden space 65536K, 100% used [0x000000076b400000,0x000000076f400000,0x000000076f400000)
  from space 10752K, 0% used [0x000000076fe80000,0x000000076fe80000,0x0000000770900000)
  to   space 10752K, 0% used [0x000000076f400000,0x000000076f400000,0x000000076fe80000)
 ParOldGen       total 175104K, used 0K [0x00000006c1c00000, 0x00000006cc700000, 0x000000076b400000)
  object space 175104K, 0% used [0x00000006c1c00000,0x00000006c1c00000,0x00000006cc700000)
 Metaspace       used 15108K, capacity 15648K, committed 15744K, reserved 1062912K
  class space    used 1990K, capacity 2120K, committed 2176K, reserved 1048576K
Event: 2.935 GC heap after
Heap after GC invocations=1 (full 0):
 PSYoungGen      total 76288K, used 8520K [0x000000076b400000, 0x0000000770900000, 0x00000007c0000000)
  eden space 65536K, 0% used [0x000000076b400000,0x000000076b400000,0x000000076f400000)
  from space 10752K, 79% used [0x000000076f400000,0x000000076fc520f0,0x000000076fe80000)
  to   space 10752K, 0% used [0x000000076fe80000,0x000000076fe80000,0x0000000770900000)
 ParOldGen       total 175104K, used 16K [0x00000006c1c00000, 0x00000006cc700000, 0x000000076b400000)
  object space 175104K, 0% used [0x00000006c1c00000,0x00000006c1c04000,0x00000006cc700000)
 Metaspace       used 15108K, capacity 15648K, committed 15744K, reserved 1062912K
  class space    used 1990K, capacity 2120K, committed 2176K, reserved 1048576K
}
Event: 3.485 GC heap before
{Heap before GC invocations=2 (full 0):
 PSYoungGen      total 76288K, used 63588K [0x000000076b400000, 0x0000000770900000, 0x00000007c0000000)
  eden space 65536K, 84% used [0x000000076b400000,0x000000076e9c7170,0x000000076f400000)
  from space 10752K, 79% used [0x000000076f400000,0x000000076fc520f0,0x000000076fe80000)
  to   space 10752K, 0% used [0x000000076fe80000,0x000000076fe80000,0x0000000770900000)
 ParOldGen       total 175104K, used 16K [0x00000006c1c00000, 0x00000006cc700000, 0x000000076b400000)
  object space 175104K, 0% used [0x00000006c1c00000,0x00000006c1c04000,0x00000006cc700000)
 Metaspace       used 20528K, capacity 21266K, committed 21296K, reserved 1067008K
  class space    used 2742K, capacity 2931K, committed 2944K, reserved 1048576K
Event: 3.503 GC heap after
Heap after GC invocations=2 (full 0):
 PSYoungGen      total 76288K, used 10580K [0x000000076b400000, 0x0000000774900000, 0x00000007c0000000)
  eden space 65536K, 0% used [0x000000076b400000,0x000000076b400000,0x000000076f400000)
  from space 10752K, 98% used [0x000000076fe80000,0x00000007708d5318,0x0000000770900000)
  to   space 10752K, 0% used [0x000000076f400000,0x000000076f400000,0x000000076fe80000)
 ParOldGen       total 175104K, used 24K [0x00000006c1c00000, 0x00000006cc700000, 0x000000076b400000)
  object space 175104K, 0% used [0x00000006c1c00000,0x00000006c1c06000,0x00000006cc700000)
 Metaspace       used 20528K, capacity 21266K, committed 21296K, reserved 1067008K
  class space    used 2742K, capacity 2931K, committed 2944K, reserved 1048576K
}
Event: 3.503 GC heap before
{Heap before GC invocations=3 (full 1):
 PSYoungGen      total 76288K, used 10580K [0x000000076b400000, 0x0000000774900000, 0x00000007c0000000)
  eden space 65536K, 0% used [0x000000076b400000,0x000000076b400000,0x000000076f400000)
  from space 10752K, 98% used [0x000000076fe80000,0x00000007708d5318,0x0000000770900000)
  to   space 10752K, 0% used [0x000000076f400000,0x000000076f400000,0x000000076fe80000)
 ParOldGen       total 175104K, used 24K [0x00000006c1c00000, 0x00000006cc700000, 0x000000076b400000)
  object space 175104K, 0% used [0x00000006c1c00000,0x00000006c1c06000,0x00000006cc700000)
 Metaspace       used 20528K, capacity 21266K, committed 21296K, reserved 1067008K
  class space    used 2742K, capacity 2931K, committed 2944K, reserved 1048576K
Event: 3.556 GC heap after
Heap after GC invocations=3 (full 1):
 PSYoungGen      total 76288K, used 0K [0x000000076b400000, 0x0000000774900000, 0x00000007c0000000)
  eden space 65536K, 0% used [0x000000076b400000,0x000000076b400000,0x000000076f400000)
  from space 10752K, 0% used [0x000000076fe80000,0x000000076fe80000,0x0000000770900000)
  to   space 10752K, 0% used [0x000000076f400000,0x000000076f400000,0x000000076fe80000)
 ParOldGen       total 107008K, used 10149K [0x00000006c1c00000, 0x00000006c8480000, 0x000000076b400000)
  object space 107008K, 9% used [0x00000006c1c00000,0x00000006c25e9660,0x00000006c8480000)
 Metaspace       used 20526K, capacity 21260K, committed 21296K, reserved 1067008K
  class space    used 2741K, capacity 2930K, committed 2944K, reserved 1048576K
}

Deoptimization events (0 events):
No events

Internal exceptions (10 events):
Event: 3.285 Thread 0x0000000002cc4000 Exception <a 'java/lang/ClassNotFoundException': org/springframework/beans/factory/BeanClassLoaderAwareCustomizer> (0x000000076d5f9e40) thrown at [C:\re\workspace\8-2-build-windows-amd64-cygwin\jdk8u111\7883\hotspot\src\share\vm\classfile\systemDictionary
Event: 3.285 Thread 0x0000000002cc4000 Exception <a 'java/lang/ClassNotFoundException': org/springframework/beans/factory/AwareCustomizer> (0x000000076d608b48) thrown at [C:\re\workspace\8-2-build-windows-amd64-cygwin\jdk8u111\7883\hotspot\src\share\vm\classfile\systemDictionary.cpp, line 210]
Event: 3.286 Thread 0x0000000002cc4000 Exception <a 'java/lang/ClassNotFoundException': org/springframework/context/EnvironmentAwareCustomizer> (0x000000076d617530) thrown at [C:\re\workspace\8-2-build-windows-amd64-cygwin\jdk8u111\7883\hotspot\src\share\vm\classfile\systemDictionary.cpp, line
Event: 3.291 Thread 0x0000000002cc4000 Exception <a 'java/lang/ClassNotFoundException': org/springframework/beans/factory/AwareCustomizer> (0x000000076d626118) thrown at [C:\re\workspace\8-2-build-windows-amd64-cygwin\jdk8u111\7883\hotspot\src\share\vm\classfile\systemDictionary.cpp, line 210]
Event: 3.326 Thread 0x0000000002cc4000 Exception <a 'java/lang/NoSuchMethodError': java.lang.Object.lambda$comparing$77a9974f$1(Ljava/util/function/Function;Ljava/lang/Object;Ljava/lang/Object;)I> (0x000000076d87c040) thrown at [C:\re\workspace\8-2-build-windows-amd64-cygwin\jdk8u111\7883\hots
Event: 3.560 Thread 0x000000001e5b0800 Exception <a 'java/lang/reflect/InvocationTargetException'> (0x000000076b409a80) thrown at [C:\re\workspace\8-2-build-windows-amd64-cygwin\jdk8u111\7883\hotspot\src\share\vm\runtime\reflection.cpp, line 1092]
Event: 3.563 Thread 0x000000001e516800 Exception <a 'java/lang/IncompatibleClassChangeError': Found class java.lang.Object, but interface was expected> (0x000000076b4991f0) thrown at [C:\re\workspace\8-2-build-windows-amd64-cygwin\jdk8u111\7883\hotspot\src\share\vm\interpreter\linkResolver.cpp
Event: 3.655 Thread 0x0000000002cc4000 Exception <a 'java/lang/IncompatibleClassChangeError': Found class java.lang.Object, but interface was expected> (0x000000076b7fd718) thrown at [C:\re\workspace\8-2-build-windows-amd64-cygwin\jdk8u111\7883\hotspot\src\share\vm\interpreter\linkResolver.cpp
Event: 3.703 Thread 0x0000000002cc4000 Exception <a 'java/lang/NoSuchMethodError': java.lang.Object.lambda$getAllAnnotationAttributes$0(Lorg/springframework/util/MultiValueMap;)Lorg/springframework/util/MultiValueMap;> (0x000000076b970090) thrown at [C:\re\workspace\8-2-build-windows-amd64-cyg
Event: 3.704 Thread 0x0000000002cc4000 Exception <a 'java/lang/NoSuchMethodError': java.lang.Object.lambda$identity$2(Ljava/lang/Object;)Ljava/lang/Object;> (0x000000076b982348) thrown at [C:\re\workspace\8-2-build-windows-amd64-cygwin\jdk8u111\7883\hotspot\src\share\vm\interpreter\linkResolve

Events (10 events):
Event: 3.722 loading class org/eclipse/jetty/websocket/jsr356/server/deploy/WebSocketServerContainerInitializer
Event: 3.723 loading class org/eclipse/jetty/websocket/jsr356/server/deploy/WebSocketServerContainerInitializer done
Event: 3.723 loading class org/apache/catalina/startup/Tomcat
Event: 3.723 loading class org/apache/catalina/startup/Tomcat done
Event: 3.731 loading class org/apache/tomcat/websocket/server/WsSci
Event: 3.731 loading class org/apache/tomcat/websocket/server/WsSci done
Event: 3.732 loading class javax/servlet/ServletContainerInitializer
Event: 3.732 loading class javax/servlet/ServletContainerInitializer done
Event: 3.737 loading class org/springframework/boot/autoconfigure/web/servlet/ConditionalOnMissingFilterBean
Event: 3.737 loading class org/springframework/boot/autoconfigure/web/servlet/ConditionalOnMissingFilterBean done


Dynamic libraries:
0x00007ff64def0000 - 0x00007ff64df27000 	D:\Tool\jdk1.8.0_111\bin\java.exe
0x00007ffca0440000 - 0x00007ffca0630000 	C:\WINDOWS\SYSTEM32\ntdll.dll
0x00007ffca0340000 - 0x00007ffca03f2000 	C:\WINDOWS\System32\KERNEL32.DLL
0x00007ffc9d5f0000 - 0x00007ffc9d893000 	C:\WINDOWS\System32\KERNELBASE.dll
0x00007ffca0290000 - 0x00007ffca0333000 	C:\WINDOWS\System32\ADVAPI32.dll
0x00007ffc9e6a0000 - 0x00007ffc9e73e000 	C:\WINDOWS\System32\msvcrt.dll
0x00007ffc9efe0000 - 0x00007ffc9f077000 	C:\WINDOWS\System32\sechost.dll
0x00007ffc9f130000 - 0x00007ffc9f250000 	C:\WINDOWS\System32\RPCRT4.dll
0x00007ffc9e9b0000 - 0x00007ffc9eb44000 	C:\WINDOWS\System32\USER32.dll
0x00007ffc9d8a0000 - 0x00007ffc9d8c1000 	C:\WINDOWS\System32\win32u.dll
0x00007ffc9eb50000 - 0x00007ffc9eb76000 	C:\WINDOWS\System32\GDI32.dll
0x00007ffc9db20000 - 0x00007ffc9dcb4000 	C:\WINDOWS\System32\gdi32full.dll
0x00007ffc9d4d0000 - 0x00007ffc9d56e000 	C:\WINDOWS\System32\msvcp_win.dll
0x00007ffc9d3d0000 - 0x00007ffc9d4ca000 	C:\WINDOWS\System32\ucrtbase.dll
0x00007ffc84840000 - 0x00007ffc84ac5000 	C:\WINDOWS\WinSxS\amd64_microsoft.windows.common-controls_6595b64144ccf1df_6.0.18362.535_none_e6c3b34713100821\COMCTL32.dll
0x00007ffc9f320000 - 0x00007ffc9f656000 	C:\WINDOWS\System32\combase.dll
0x00007ffc9d570000 - 0x00007ffc9d5f0000 	C:\WINDOWS\System32\bcryptPrimitives.dll
0x00007ffc9e650000 - 0x00007ffc9e67e000 	C:\WINDOWS\System32\IMM32.DLL
0x00000000666a0000 - 0x0000000066772000 	D:\Tool\jdk1.8.0_111\jre\bin\msvcr100.dll
0x0000000065e00000 - 0x000000006669a000 	D:\Tool\jdk1.8.0_111\jre\bin\server\jvm.dll
0x00007ffc9e5e0000 - 0x00007ffc9e5e8000 	C:\WINDOWS\System32\PSAPI.DLL
0x00007ffc99ec0000 - 0x00007ffc99ec9000 	C:\WINDOWS\SYSTEM32\WSOCK32.dll
0x00007ffc9ee80000 - 0x00007ffc9eeef000 	C:\WINDOWS\System32\WS2_32.dll
0x00007ffc99e70000 - 0x00007ffc99e94000 	C:\WINDOWS\SYSTEM32\WINMM.dll
0x00007ffc8f730000 - 0x00007ffc8f73a000 	C:\WINDOWS\SYSTEM32\VERSION.dll
0x00007ffc99df0000 - 0x00007ffc99e1d000 	C:\WINDOWS\SYSTEM32\WINMMBASE.dll
0x00007ffc9e440000 - 0x00007ffc9e48a000 	C:\WINDOWS\System32\cfgmgr32.dll
0x0000000065df0000 - 0x0000000065dff000 	D:\Tool\jdk1.8.0_111\jre\bin\verify.dll
0x0000000065dc0000 - 0x0000000065de9000 	D:\Tool\jdk1.8.0_111\jre\bin\java.dll
0x00000000678f0000 - 0x0000000067913000 	D:\Tool\jdk1.8.0_111\jre\bin\instrument.dll
0x0000000065da0000 - 0x0000000065db6000 	D:\Tool\jdk1.8.0_111\jre\bin\zip.dll
0x00007ffc9f660000 - 0x00007ffc9fd45000 	C:\WINDOWS\System32\SHELL32.dll
0x00007ffc9f080000 - 0x00007ffc9f129000 	C:\WINDOWS\System32\shcore.dll
0x00007ffc9dcc0000 - 0x00007ffc9e43f000 	C:\WINDOWS\System32\windows.storage.dll
0x00007ffc9d320000 - 0x00007ffc9d33f000 	C:\WINDOWS\System32\profapi.dll
0x00007ffc9d360000 - 0x00007ffc9d3aa000 	C:\WINDOWS\System32\powrprof.dll
0x00007ffc9d310000 - 0x00007ffc9d320000 	C:\WINDOWS\System32\UMPDC.dll
0x00007ffc9e740000 - 0x00007ffc9e792000 	C:\WINDOWS\System32\shlwapi.dll
0x00007ffc9d340000 - 0x00007ffc9d351000 	C:\WINDOWS\System32\kernel.appcore.dll
0x00007ffc9d8d0000 - 0x00007ffc9d8e7000 	C:\WINDOWS\System32\cryptsp.dll
0x00007ffc9a090000 - 0x00007ffc9a0aa000 	C:\Program Files\JetBrains\IntelliJ IDEA 2018.3.5\bin\breakgen64.dll
0x0000000065d80000 - 0x0000000065d9a000 	D:\Tool\jdk1.8.0_111\jre\bin\net.dll
0x00007ffc9cb80000 - 0x00007ffc9cbe7000 	C:\WINDOWS\system32\mswsock.dll
0x00007ffc9c8d0000 - 0x00007ffc9c99a000 	C:\WINDOWS\SYSTEM32\DNSAPI.dll
0x00007ffc9ef50000 - 0x00007ffc9ef58000 	C:\WINDOWS\System32\NSI.dll
0x00007ffc9c890000 - 0x00007ffc9c8ca000 	C:\WINDOWS\SYSTEM32\IPHLPAPI.DLL
0x00007ffc916b0000 - 0x00007ffc916ba000 	C:\Windows\System32\rasadhlp.dll
0x00007ffc91fd0000 - 0x00007ffc92047000 	C:\WINDOWS\System32\fwpuclnt.dll
0x00007ffc9d8f0000 - 0x00007ffc9d916000 	C:\WINDOWS\System32\bcrypt.dll
0x00000000678e0000 - 0x00000000678ed000 	D:\Tool\jdk1.8.0_111\jre\bin\management.dll
0x0000000065d60000 - 0x0000000065d71000 	D:\Tool\jdk1.8.0_111\jre\bin\nio.dll
0x00007ffc9c6f0000 - 0x00007ffc9c723000 	C:\WINDOWS\system32\rsaenh.dll
0x00007ffc9d200000 - 0x00007ffc9d225000 	C:\WINDOWS\SYSTEM32\USERENV.dll
0x00007ffc9cd50000 - 0x00007ffc9cd5c000 	C:\WINDOWS\SYSTEM32\CRYPTBASE.dll
0x00007ffc940a0000 - 0x00007ffc940b6000 	C:\WINDOWS\SYSTEM32\dhcpcsvc6.DLL
0x00007ffc94080000 - 0x00007ffc9409c000 	C:\WINDOWS\SYSTEM32\dhcpcsvc.DLL
0x00007ffc98a10000 - 0x00007ffc98a26000 	C:\WINDOWS\system32\napinsp.dll
0x00007ffc90990000 - 0x00007ffc909aa000 	C:\WINDOWS\system32\pnrpnsp.dll
0x00007ffc98f60000 - 0x00007ffc98f75000 	C:\WINDOWS\system32\wshbth.dll
0x00007ffc99ea0000 - 0x00007ffc99ebc000 	C:\WINDOWS\system32\NLAapi.dll
0x00007ffc90120000 - 0x00007ffc9012e000 	C:\WINDOWS\System32\winrnr.dll
0x00007ffc7ff60000 - 0x00007ffc80154000 	C:\WINDOWS\SYSTEM32\dbghelp.dll

VM Arguments:
jvm_args: -XX:TieredStopAtLevel=1 -Xverify:none -Dspring.output.ansi.enabled=always -Dcom.sun.management.jmxremote -Dspring.liveBeansView.mbeanDomain -Dspring.application.admin.enabled=true -javaagent:C:\Program Files\JetBrains\IntelliJ IDEA 2018.3.5\lib\idea_rt.jar=50678:C:\Program Files\JetBrains\IntelliJ IDEA 2018.3.5\bin -Dfile.encoding=UTF-8 
java_command: com.example.weixin.WeixinApplication
java_class_path (initial): D:\Tool\jdk1.8.0_111\jre\lib\charsets.jar;D:\Tool\jdk1.8.0_111\jre\lib\deploy.jar;D:\Tool\jdk1.8.0_111\jre\lib\ext\access-bridge-64.jar;D:\Tool\jdk1.8.0_111\jre\lib\ext\cldrdata.jar;D:\Tool\jdk1.8.0_111\jre\lib\ext\dnsns.jar;D:\Tool\jdk1.8.0_111\jre\lib\ext\jaccess.jar;D:\Tool\jdk1.8.0_111\jre\lib\ext\jfxrt.jar;D:\Tool\jdk1.8.0_111\jre\lib\ext\localedata.jar;D:\Tool\jdk1.8.0_111\jre\lib\ext\nashorn.jar;D:\Tool\jdk1.8.0_111\jre\lib\ext\sunec.jar;D:\Tool\jdk1.8.0_111\jre\lib\ext\sunjce_provider.jar;D:\Tool\jdk1.8.0_111\jre\lib\ext\sunmscapi.jar;D:\Tool\jdk1.8.0_111\jre\lib\ext\sunpkcs11.jar;D:\Tool\jdk1.8.0_111\jre\lib\ext\zipfs.jar;D:\Tool\jdk1.8.0_111\jre\lib\javaws.jar;D:\Tool\jdk1.8.0_111\jre\lib\jce.jar;D:\Tool\jdk1.8.0_111\jre\lib\jfr.jar;D:\Tool\jdk1.8.0_111\jre\lib\jfxswt.jar;D:\Tool\jdk1.8.0_111\jre\lib\jsse.jar;D:\Tool\jdk1.8.0_111\jre\lib\management-agent.jar;D:\Tool\jdk1.8.0_111\jre\lib\plugin.jar;D:\Tool\jdk1.8.0_111\jre\lib\resources.jar;D:\Tool\jdk1.8.0_111\jre\lib\rt.jar;D:\weixin\target\classes;D:\Tool\apache-maven-3.5.4\maven-repository\org\springframework\boot\spring-boot-starter\2.2.2.RELEASE\spring-boot-starter-2.2.2.RELEASE.jar;D:\Tool\apache-maven-3.5.4\maven-repository\org\springframework\boot\spring-boot\2.2.2.RELEASE\spring-boot-2.2.2.RELEASE.jar;D:\Tool\apache-maven-3.5.4\maven-repository\org\springframework\spring-context\5.2.2.RELEASE\spring-context-5.2.2.RELEASE.jar;D:\Tool\apache-maven-3.5.4\maven-repository\org\springframework\boot\spring-boot-autoconfigure\2.2.2.RELEASE\spring-boot-autoconfigure-2.2.2.RELEASE.jar;D:\Tool\apache-maven-3.5.4\maven-repository\org\springframework\boot\spring-boot-starter-logging\2.2.2.RELEASE\spring-boot-starter-logging-2.2.2.RELEASE.jar;D:\Tool\apache-maven-3.5.4\maven-repository\ch\qos\logback\logback-classic\1.2.3\logback-classic-1.2.3.jar;D:\Tool\apache-maven-3.5.4\maven-repository\ch\qos\logback\logback-core\1.2.3\logback-core-1.2.3.jar;D:\Tool\apache-maven-3.5.4\maven-rep
Launcher Type: SUN_STANDARD

Environment Variables:
JAVA_HOME=D:\Tool\jdk1.8.0_111
PATH=D:\Tool\jdk1.8.0_111\bin;D:\Tool\apache-maven-3.5.0\bin;D:\Tool\apache-tomcat-8.5.50\bin;C:\ProgramData\Oracle\Java\javapath;C:\WINDOWS\system32;C:\WINDOWS;C:\WINDOWS\System32\Wbem;C:\WINDOWS\System32\WindowsPowerShell\v1.0\;C:\WINDOWS\System32\OpenSSH\;C:\Program Files\Git\cmd;D:\python\Scripts\;D:\python\;C:\Users\wl\AppData\Local\Microsoft\WindowsApps;C:\Program Files\Bandizip\7z;C:\Users\wl\AppData\Local\Programs\Microsoft VS Code\bin
USERNAME=wl
OS=Windows_NT
PROCESSOR_IDENTIFIER=Intel64 Family 6 Model 78 Stepping 3, GenuineIntel



---------------  S Y S T E M  ---------------

OS: Windows 10.0 , 64 bit Build 18362 (10.0.18362.329)

CPU:total 4 (2 cores per cpu, 2 threads per core) family 6 model 78 stepping 3, cmov, cx8, fxsr, mmx, sse, sse2, sse3, ssse3, sse4.1, sse4.2, popcnt, avx, avx2, aes, clmul, erms, 3dnowpref, lzcnt, ht, tsc, tscinvbit, bmi1, bmi2, adx

Memory: 4k page, physical 16657576k(10336892k free), swap 19147944k(11299356k free)

vm_info: Java HotSpot(TM) 64-Bit Server VM (25.111-b14) for windows-amd64 JRE (1.8.0_111-b14), built on Sep 22 2016 19:24:05 by "java_re" with MS VC++ 10.0 (VS2010)

time: Fri Jan 03 10:48:17 2020
elapsed time: 3 seconds (0d 0h 0m 3s)

