#
# A fatal error has been detected by the Java Runtime Environment:
#
#  EXCEPTION_ACCESS_VIOLATION (0xc0000005) at pc=0x0000000056b1ff61, pid=3052, tid=0x0000000000001a00
#
# JRE version: Java(TM) SE Runtime Environment (8.0_111-b14) (build 1.8.0_111-b14)
# Java VM: Java HotSpot(TM) 64-Bit Server VM (25.111-b14 mixed mode windows-amd64 compressed oops)
# Problematic frame:
# V  [jvm.dll+0x47ff61]
#
# Failed to write core dump. Minidumps are not enabled by default on client versions of Windows
#
# If you would like to submit a bug report, please visit:
#   http://bugreport.java.com/bugreport/crash.jsp
#

---------------  T H R E A D  ---------------

Current thread (0x000000001be4d000):  JavaThread "C2 CompilerThread0" daemon [_thread_in_native, id=6656, stack(0x000000001d8c0000,0x000000001d9c0000)]

siginfo: ExceptionCode=0xc0000005, reading address 0x0000000000000010

Registers:
RAX=0x0000000000000000, RBX=0x000000001f23d740, RCX=0x000000001f5872c0, RDX=0x00000000200a7aa0
RSP=0x000000001d9bb840, RBP=0x000000001d9bb8b0, RSI=0x0000000000000006, RDI=0x000000001f5872c0
R8 =0x000000000000002a, R9 =0x0000000000200000, R10=0x0000000000000555, R11=0x0000000000000001
R12=0x00000000000001bc, R13=0x000000001d9bb928, R14=0x000000001d3bfaf8, R15=0x000000001d9bbe30
RIP=0x0000000056b1ff61, EFLAGS=0x0000000000010206

Top of Stack: (sp=0x000000001d9bb840)
0x000000001d9bb840:   000000001f23d740 000000002009efe0
0x000000001d9bb850:   000000001bdc7400 00007ffb66f9305d
0x000000001d9bb860:   000000000000000c 00000000200a7aa8
0x000000001d9bb870:   000001a400000052 0000000000000000
0x000000001d9bb880:   0000000000000007 000000001f2426c0
0x000000001d9bb890:   000000001e4e7fe0 000000001f23d740
0x000000001d9bb8a0:   000000001d9bbe30 0000000000000000
0x000000001d9bb8b0:   000000001bdc7400 000000002009efe0
0x000000001d9bb8c0:   000000001d9bbaa0 0000000056b20228
0x000000001d9bb8d0:   000000002009efe0 000000001d9bbe50
0x000000001d9bb8e0:   000000001d9bbe30 000000001f23d740
0x000000001d9bb8f0:   0000000000000000 000000001e4e7fe0
0x000000001d9bb900:   00000000000d2088 000000001e4ecf60
0x000000001d9bb910:   000000001f23d740 000000001e4effc8
0x000000001d9bb920:   000000001bdc7400 0000000056d15e88
0x000000001d9bb930:   000000001bdc7400 0000000000000100 

Instructions: (pc=0x0000000056b1ff61)
0x0000000056b1ff41:   8e 63 01 00 00 4c 8b 7d 30 66 0f 1f 44 00 00 49
0x0000000056b1ff51:   8b 46 10 48 ff ce 48 8b 3c f0 48 8b cf 48 8b 07
0x0000000056b1ff61:   ff 50 10 84 c0 0f 84 28 01 00 00 44 8b 57 28 45
0x0000000056b1ff71:   3b 57 28 0f 83 1a 01 00 00 49 8b 47 30 4a 83 3c 


Register to memory mapping:

RAX=0x0000000000000000 is an unknown value
RBX=0x000000001f23d740 is an unknown value
RCX=0x000000001f5872c0 is an unknown value
RDX=0x00000000200a7aa0 is an unknown value
RSP=0x000000001d9bb840 is pointing into the stack for thread: 0x000000001be4d000
RBP=0x000000001d9bb8b0 is pointing into the stack for thread: 0x000000001be4d000
RSI=0x0000000000000006 is an unknown value
RDI=0x000000001f5872c0 is an unknown value
R8 =0x000000000000002a is an unknown value
R9 =0x0000000000200000 is an unknown value
R10=0x0000000000000555 is an unknown value
R11=0x0000000000000001 is an unknown value
R12=0x00000000000001bc is an unknown value
R13=0x000000001d9bb928 is pointing into the stack for thread: 0x000000001be4d000
R14=0x000000001d3bfaf8 is an unknown value
R15=0x000000001d9bbe30 is pointing into the stack for thread: 0x000000001be4d000


Stack: [0x000000001d8c0000,0x000000001d9c0000],  sp=0x000000001d9bb840,  free space=1006k
Native frames: (J=compiled Java code, j=interpreted, Vv=VM code, C=native code)
V  [jvm.dll+0x47ff61]
V  [jvm.dll+0x480228]
V  [jvm.dll+0x4c404b]
V  [jvm.dll+0x475190]
V  [jvm.dll+0x475fc3]
V  [jvm.dll+0x4589b2]
V  [jvm.dll+0xa5742]
V  [jvm.dll+0xa607f]
V  [jvm.dll+0x244b7f]
V  [jvm.dll+0x29c43a]
C  [msvcr100.dll+0x21d9f]
C  [msvcr100.dll+0x21e3b]
C  [KERNEL32.DLL+0x17bd4]
C  [ntdll.dll+0x6ced1]


Current CompileTask:
C2:   3037 1533       4       java.net.URLStreamHandler::parseURL (1158 bytes)


---------------  P R O C E S S  ---------------

Java Threads: ( => current thread )
  0x000000001ec3a800 JavaThread "background-preinit" [_thread_in_Java, id=8208, stack(0x000000001fd80000,0x000000001fe80000)]
  0x000000001d27e000 JavaThread "Service Thread" daemon [_thread_blocked, id=9096, stack(0x000000001dbc0000,0x000000001dcc0000)]
  0x000000001d250800 JavaThread "C1 CompilerThread2" daemon [_thread_blocked, id=8312, stack(0x000000001dac0000,0x000000001dbc0000)]
  0x000000001be50800 JavaThread "C2 CompilerThread1" daemon [_thread_in_native, id=9224, stack(0x000000001d9c0000,0x000000001dac0000)]
=>0x000000001be4d000 JavaThread "C2 CompilerThread0" daemon [_thread_in_native, id=6656, stack(0x000000001d8c0000,0x000000001d9c0000)]
  0x000000001be34800 JavaThread "Monitor Ctrl-Break" daemon [_thread_in_native, id=7464, stack(0x000000001d7c0000,0x000000001d8c0000)]
  0x000000001be26800 JavaThread "Attach Listener" daemon [_thread_blocked, id=1600, stack(0x000000001d6c0000,0x000000001d7c0000)]
  0x000000001be14800 JavaThread "Signal Dispatcher" daemon [_thread_blocked, id=12660, stack(0x000000001d5c0000,0x000000001d6c0000)]
  0x000000001bdef800 JavaThread "Finalizer" daemon [_thread_blocked, id=3336, stack(0x000000001d060000,0x000000001d160000)]
  0x00000000027d6000 JavaThread "Reference Handler" daemon [_thread_blocked, id=10648, stack(0x000000001cf60000,0x000000001d060000)]
  0x00000000026e6000 JavaThread "main" [_thread_in_native, id=116, stack(0x00000000024b0000,0x00000000025b0000)]

Other Threads:
  0x000000001bdc7800 VMThread [stack: 0x000000001ce60000,0x000000001cf60000] [id=4016]
  0x000000001d2ee000 WatcherThread [stack: 0x000000001dcc0000,0x000000001ddc0000] [id=308]

VM state:not at safepoint (normal execution)

VM Mutex/Monitor currently owned by a thread: None

Heap:
 PSYoungGen      total 76288K, used 56861K [0x000000076b400000, 0x0000000770900000, 0x00000007c0000000)
  eden space 65536K, 73% used [0x000000076b400000,0x000000076e354558,0x000000076f400000)
  from space 10752K, 78% used [0x000000076f400000,0x000000076fc32ff8,0x000000076fe80000)
  to   space 10752K, 0% used [0x000000076fe80000,0x000000076fe80000,0x0000000770900000)
 ParOldGen       total 175104K, used 16K [0x00000006c1c00000, 0x00000006cc700000, 0x000000076b400000)
  object space 175104K, 0% used [0x00000006c1c00000,0x00000006c1c04000,0x00000006cc700000)
 Metaspace       used 18149K, capacity 19460K, committed 19712K, reserved 1067008K
  class space    used 2464K, capacity 2742K, committed 2816K, reserved 1048576K

Card table byte_map: [0x0000000011ba0000,0x00000000123a0000] byte_map_base: 0x000000000e592000

Marking Bits: (ParMarkBitMap*) 0x0000000056eba6c0
 Begin Bits: [0x0000000012cf0000, 0x0000000016c80000)
 End Bits:   [0x0000000016c80000, 0x000000001ac10000)

Polling page: 0x0000000000800000

CodeCache: size=245760Kb used=5179Kb max_used=5192Kb free=240580Kb
 bounds [0x00000000027e0000, 0x0000000002d00000, 0x00000000117e0000]
 total_blobs=1935 nmethods=1571 adapters=276
 compilation: enabled

Compilation events (10 events):
Event: 2.978 Thread 0x000000001d250800 nmethod 1557 0x0000000002cd4e50 code [0x0000000002cd4fc0, 0x0000000002cd5170]
Event: 2.980 Thread 0x000000001d250800 1558       3       org.springframework.boot.context.properties.source.SpringConfigurationPropertySources$SourcesIterator::hasNext (13 bytes)
Event: 2.980 Thread 0x000000001d250800 nmethod 1558 0x0000000002cd4a50 code [0x0000000002cd4bc0, 0x0000000002cd4da8]
Event: 2.989 Thread 0x000000001be50800 1559       4       java.util.HashMap::resize (359 bytes)
Event: 2.989 Thread 0x000000001d250800 1560       3       java.util.Arrays::asList (9 bytes)
Event: 2.990 Thread 0x000000001d250800 nmethod 1560 0x0000000002ce9e50 code [0x0000000002ce9fe0, 0x0000000002cea468]
Event: 2.990 Thread 0x000000001d250800 1561       3       java.util.Arrays$ArrayList::<init> (16 bytes)
Event: 2.990 Thread 0x000000001d250800 nmethod 1561 0x0000000002cea6d0 code [0x0000000002cea860, 0x0000000002ceac48]
Event: 2.998 Thread 0x000000001be50800 nmethod 1559 0x0000000002cebfd0 code [0x0000000002cec160, 0x0000000002cec6d8]
Event: 2.999 Thread 0x000000001be50800 1562 %     4       sun.nio.cs.UTF_8$Decoder::decode @ 20 (779 bytes)

GC Heap History (2 events):
Event: 2.172 GC heap before
{Heap before GC invocations=1 (full 0):
 PSYoungGen      total 76288K, used 65536K [0x000000076b400000, 0x0000000770900000, 0x00000007c0000000)
  eden space 65536K, 100% used [0x000000076b400000,0x000000076f400000,0x000000076f400000)
  from space 10752K, 0% used [0x000000076fe80000,0x000000076fe80000,0x0000000770900000)
  to   space 10752K, 0% used [0x000000076f400000,0x000000076f400000,0x000000076fe80000)
 ParOldGen       total 175104K, used 0K [0x00000006c1c00000, 0x00000006cc700000, 0x000000076b400000)
  object space 175104K, 0% used [0x00000006c1c00000,0x00000006c1c00000,0x00000006cc700000)
 Metaspace       used 13666K, capacity 14672K, committed 14848K, reserved 1062912K
  class space    used 1736K, capacity 1954K, committed 2048K, reserved 1048576K
Event: 2.188 GC heap after
Heap after GC invocations=1 (full 0):
 PSYoungGen      total 76288K, used 8395K [0x000000076b400000, 0x0000000770900000, 0x00000007c0000000)
  eden space 65536K, 0% used [0x000000076b400000,0x000000076b400000,0x000000076f400000)
  from space 10752K, 78% used [0x000000076f400000,0x000000076fc32ff8,0x000000076fe80000)
  to   space 10752K, 0% used [0x000000076fe80000,0x000000076fe80000,0x0000000770900000)
 ParOldGen       total 175104K, used 16K [0x00000006c1c00000, 0x00000006cc700000, 0x000000076b400000)
  object space 175104K, 0% used [0x00000006c1c00000,0x00000006c1c04000,0x00000006cc700000)
 Metaspace       used 13666K, capacity 14672K, committed 14848K, reserved 1062912K
  class space    used 1736K, capacity 1954K, committed 2048K, reserved 1048576K
}

Deoptimization events (10 events):
Event: 1.513 Thread 0x00000000026e6000 Uncommon trap: reason=class_check action=maybe_recompile pc=0x0000000002971958 method=java.lang.String.equals(Ljava/lang/Object;)Z @ 8
Event: 1.517 Thread 0x00000000026e6000 Uncommon trap: reason=class_check action=maybe_recompile pc=0x0000000002971958 method=java.lang.String.equals(Ljava/lang/Object;)Z @ 8
Event: 1.517 Thread 0x00000000026e6000 Uncommon trap: reason=class_check action=maybe_recompile pc=0x0000000002971958 method=java.lang.String.equals(Ljava/lang/Object;)Z @ 8
Event: 1.540 Thread 0x00000000026e6000 Uncommon trap: reason=class_check action=maybe_recompile pc=0x0000000002971958 method=java.lang.String.equals(Ljava/lang/Object;)Z @ 8
Event: 1.677 Thread 0x00000000026e6000 Uncommon trap: reason=unstable_if action=reinterpret pc=0x0000000002b33344 method=java.io.WinNTFileSystem.normalize(Ljava/lang/String;)Ljava/lang/String; @ 128
Event: 1.898 Thread 0x00000000026e6000 Uncommon trap: reason=range_check action=make_not_entrant pc=0x00000000029dc568 method=sun.reflect.generics.parser.SignatureParser.current()C @ 34
Event: 2.040 Thread 0x00000000026e6000 Uncommon trap: reason=unstable_if action=reinterpret pc=0x0000000002ba84fc method=jdk.internal.org.objectweb.asm.Item.isEqualTo(Ljdk/internal/org/objectweb/asm/Item;)Z @ 331
Event: 2.348 Thread 0x00000000026e6000 Uncommon trap: reason=unstable_if action=reinterpret pc=0x0000000002b65b28 method=java.util.HashMap.putVal(ILjava/lang/Object;Ljava/lang/Object;ZZ)Ljava/lang/Object; @ 236
Event: 2.606 Thread 0x00000000026e6000 Uncommon trap: reason=unstable_if action=reinterpret pc=0x0000000002c44e60 method=java.util.concurrent.ConcurrentHashMap.putVal(Ljava/lang/Object;Ljava/lang/Object;Z)Ljava/lang/Object; @ 113
Event: 2.874 Thread 0x00000000026e6000 Uncommon trap: reason=unstable_if action=reinterpret pc=0x0000000002c6d678 method=java.net.URL.<init>(Ljava/net/URL;Ljava/lang/String;Ljava/net/URLStreamHandler;)V @ 347

Internal exceptions (10 events):
Event: 1.884 Thread 0x00000000026e6000 Exception <a 'java/lang/NoSuchMethodError': java.lang.Object.lambda$static$0(Ljava/lang/Object;)Ljava/lang/Object;> (0x000000076e551378) thrown at [C:\re\workspace\8-2-build-windows-amd64-cygwin\jdk8u111\7883\hotspot\src\share\vm\interpreter\linkResolver.
Event: 1.898 Thread 0x00000000026e6000 Exception <a 'java/lang/ArrayIndexOutOfBoundsException': 18> (0x000000076e623c10) thrown at [C:\re\workspace\8-2-build-windows-amd64-cygwin\jdk8u111\7883\hotspot\src\share\vm\interpreter\interpreterRuntime.cpp, line 366]
Event: 1.899 Thread 0x00000000026e6000 Exception <a 'java/lang/ArrayIndexOutOfBoundsException': 182> (0x000000076e626360) thrown at [C:\re\workspace\8-2-build-windows-amd64-cygwin\jdk8u111\7883\hotspot\src\share\vm\interpreter\interpreterRuntime.cpp, line 366]
Event: 1.900 Thread 0x00000000026e6000 Exception <a 'java/lang/ArrayIndexOutOfBoundsException': 60> (0x000000076e6288c8) thrown at [C:\re\workspace\8-2-build-windows-amd64-cygwin\jdk8u111\7883\hotspot\src\share\vm\interpreter\interpreterRuntime.cpp, line 366]
Event: 2.079 Thread 0x00000000026e6000 Exception <a 'java/lang/NoClassDefFoundError': org/springframework/transaction/interceptor/TransactionAttributeSource> (0x000000076f142d90) thrown at [C:\re\workspace\8-2-build-windows-amd64-cygwin\jdk8u111\7883\hotspot\src\share\vm\classfile\systemDictio
Event: 2.081 Thread 0x00000000026e6000 Exception <a 'java/lang/NoClassDefFoundError': org/springframework/transaction/interceptor/TransactionAttribute> (0x000000076f15a890) thrown at [C:\re\workspace\8-2-build-windows-amd64-cygwin\jdk8u111\7883\hotspot\src\share\vm\classfile\systemDictionary.c
Event: 2.122 Thread 0x00000000026e6000 Exception <a 'java/lang/IncompatibleClassChangeError': Found class java.lang.Object, but interface was expected> (0x000000076f211448) thrown at [C:\re\workspace\8-2-build-windows-amd64-cygwin\jdk8u111\7883\hotspot\src\share\vm\interpreter\linkResolver.cpp
Event: 2.382 Thread 0x00000000026e6000 Exception <a 'java/lang/NoSuchMethodError': java.lang.Object.lambda$chars$0()Ljava/util/Spliterator$OfInt;> (0x000000076b9d75a8) thrown at [C:\re\workspace\8-2-build-windows-amd64-cygwin\jdk8u111\7883\hotspot\src\share\vm\interpreter\linkResolver.cpp, lin
Event: 2.962 Thread 0x00000000026e6000 Exception <a 'java/lang/NoClassDefFoundError': org/springframework/jdbc/CannotGetJdbcConnectionException> (0x000000076da82468) thrown at [C:\re\workspace\8-2-build-windows-amd64-cygwin\jdk8u111\7883\hotspot\src\share\vm\classfile\systemDictionary.cpp, lin
Event: 2.973 Thread 0x00000000026e6000 Exception <a 'java/io/FileNotFoundException'> (0x000000076db0de18) thrown at [C:\re\workspace\8-2-build-windows-amd64-cygwin\jdk8u111\7883\hotspot\src\share\vm\prims\jni.cpp, line 709]

Events (10 events):
Event: 2.999 loading class org/springframework/beans/factory/config/ConstructorArgumentValues
Event: 2.999 loading class org/springframework/beans/factory/config/ConstructorArgumentValues done
Event: 3.001 loading class com/fasterxml/classmate/ResolvedType
Event: 3.001 loading class com/fasterxml/classmate/ResolvedType done
Event: 3.001 loading class com/fasterxml/classmate/types/ResolvedArrayType
Event: 3.001 loading class com/fasterxml/classmate/types/ResolvedArrayType done
Event: 3.002 loading class org/springframework/beans/factory/config/RuntimeBeanReference
Event: 3.002 loading class org/springframework/beans/factory/config/RuntimeBeanReference done
Event: 3.002 loading class com/fasterxml/classmate/types/ResolvedRecursiveType
Event: 3.002 loading class com/fasterxml/classmate/types/ResolvedRecursiveType done


Dynamic libraries:
0x00007ff7e4cc0000 - 0x00007ff7e4cf7000 	D:\Tool\jdk1.8.0_111\bin\java.exe
0x00007ffb69160000 - 0x00007ffb69350000 	C:\WINDOWS\SYSTEM32\ntdll.dll
0x00007ffb68850000 - 0x00007ffb68902000 	C:\WINDOWS\System32\KERNEL32.DLL
0x00007ffb66f30000 - 0x00007ffb671d3000 	C:\WINDOWS\System32\KERNELBASE.dll
0x00007ffb67f00000 - 0x00007ffb67fa3000 	C:\WINDOWS\System32\ADVAPI32.dll
0x00007ffb678d0000 - 0x00007ffb6796e000 	C:\WINDOWS\System32\msvcrt.dll
0x00007ffb68d20000 - 0x00007ffb68db7000 	C:\WINDOWS\System32\sechost.dll
0x00007ffb67b00000 - 0x00007ffb67c20000 	C:\WINDOWS\System32\RPCRT4.dll
0x00007ffb67680000 - 0x00007ffb67814000 	C:\WINDOWS\System32\USER32.dll
0x00007ffb671e0000 - 0x00007ffb67201000 	C:\WINDOWS\System32\win32u.dll
0x00007ffb679f0000 - 0x00007ffb67a16000 	C:\WINDOWS\System32\GDI32.dll
0x00007ffb66170000 - 0x00007ffb66304000 	C:\WINDOWS\System32\gdi32full.dll
0x00007ffb66be0000 - 0x00007ffb66c7e000 	C:\WINDOWS\System32\msvcp_win.dll
0x00007ffb66c80000 - 0x00007ffb66d7a000 	C:\WINDOWS\System32\ucrtbase.dll
0x00007ffb4ee10000 - 0x00007ffb4f095000 	C:\WINDOWS\WinSxS\amd64_microsoft.windows.common-controls_6595b64144ccf1df_6.0.18362.535_none_e6c3b34713100821\COMCTL32.dll
0x00007ffb68dc0000 - 0x00007ffb690f6000 	C:\WINDOWS\System32\combase.dll
0x00007ffb66d80000 - 0x00007ffb66e00000 	C:\WINDOWS\System32\bcryptPrimitives.dll
0x00007ffb67ed0000 - 0x00007ffb67efe000 	C:\WINDOWS\System32\IMM32.DLL
0x0000000058680000 - 0x0000000058752000 	D:\Tool\jdk1.8.0_111\jre\bin\msvcr100.dll
0x00000000566a0000 - 0x0000000056f3a000 	D:\Tool\jdk1.8.0_111\jre\bin\server\jvm.dll
0x00007ffb68b70000 - 0x00007ffb68b78000 	C:\WINDOWS\System32\PSAPI.DLL
0x00007ffb62de0000 - 0x00007ffb62de9000 	C:\WINDOWS\SYSTEM32\WSOCK32.dll
0x00007ffb67c20000 - 0x00007ffb67c8f000 	C:\WINDOWS\System32\WS2_32.dll
0x00007ffb61840000 - 0x00007ffb61864000 	C:\WINDOWS\SYSTEM32\WINMM.dll
0x00007ffb57bf0000 - 0x00007ffb57bfa000 	C:\WINDOWS\SYSTEM32\VERSION.dll
0x00007ffb61810000 - 0x00007ffb6183d000 	C:\WINDOWS\SYSTEM32\WINMMBASE.dll
0x00007ffb66ee0000 - 0x00007ffb66f2a000 	C:\WINDOWS\System32\cfgmgr32.dll
0x0000000058670000 - 0x000000005867f000 	D:\Tool\jdk1.8.0_111\jre\bin\verify.dll
0x0000000058640000 - 0x0000000058669000 	D:\Tool\jdk1.8.0_111\jre\bin\java.dll
0x0000000058570000 - 0x0000000058593000 	D:\Tool\jdk1.8.0_111\jre\bin\instrument.dll
0x0000000058620000 - 0x0000000058636000 	D:\Tool\jdk1.8.0_111\jre\bin\zip.dll
0x00007ffb67fc0000 - 0x00007ffb686a5000 	C:\WINDOWS\System32\SHELL32.dll
0x00007ffb67820000 - 0x00007ffb678c9000 	C:\WINDOWS\System32\shcore.dll
0x00007ffb66310000 - 0x00007ffb66a8f000 	C:\WINDOWS\System32\windows.storage.dll
0x00007ffb66060000 - 0x00007ffb6607f000 	C:\WINDOWS\System32\profapi.dll
0x00007ffb660a0000 - 0x00007ffb660ea000 	C:\WINDOWS\System32\powrprof.dll
0x00007ffb66030000 - 0x00007ffb66040000 	C:\WINDOWS\System32\UMPDC.dll
0x00007ffb67a20000 - 0x00007ffb67a72000 	C:\WINDOWS\System32\shlwapi.dll
0x00007ffb66080000 - 0x00007ffb66091000 	C:\WINDOWS\System32\kernel.appcore.dll
0x00007ffb660f0000 - 0x00007ffb66107000 	C:\WINDOWS\System32\cryptsp.dll
0x00007ffb5d750000 - 0x00007ffb5d76a000 	C:\Program Files\JetBrains\IntelliJ IDEA 2018.3.5\bin\breakgen64.dll
0x00000000585d0000 - 0x00000000585ea000 	D:\Tool\jdk1.8.0_111\jre\bin\net.dll
0x00007ffb658a0000 - 0x00007ffb65907000 	C:\WINDOWS\system32\mswsock.dll
0x00000000585a0000 - 0x00000000585b1000 	D:\Tool\jdk1.8.0_111\jre\bin\nio.dll
0x0000000058610000 - 0x000000005861d000 	D:\Tool\jdk1.8.0_111\jre\bin\management.dll
0x00007ffb5da80000 - 0x00007ffb5da96000 	C:\WINDOWS\system32\napinsp.dll
0x00007ffb58440000 - 0x00007ffb5845a000 	C:\WINDOWS\system32\pnrpnsp.dll
0x00007ffb61b80000 - 0x00007ffb61b95000 	C:\WINDOWS\system32\wshbth.dll
0x00007ffb62c40000 - 0x00007ffb62c5c000 	C:\WINDOWS\system32\NLAapi.dll
0x00007ffb655b0000 - 0x00007ffb655ea000 	C:\WINDOWS\SYSTEM32\IPHLPAPI.DLL
0x00007ffb655f0000 - 0x00007ffb656ba000 	C:\WINDOWS\SYSTEM32\DNSAPI.dll
0x00007ffb67a80000 - 0x00007ffb67a88000 	C:\WINDOWS\System32\NSI.dll
0x00007ffb60a00000 - 0x00007ffb60a0e000 	C:\WINDOWS\System32\winrnr.dll
0x00007ffb59ab0000 - 0x00007ffb59aba000 	C:\Windows\System32\rasadhlp.dll
0x00007ffb5df00000 - 0x00007ffb5df77000 	C:\WINDOWS\System32\fwpuclnt.dll
0x00007ffb66eb0000 - 0x00007ffb66ed6000 	C:\WINDOWS\System32\bcrypt.dll
0x00007ffb492d0000 - 0x00007ffb494c4000 	C:\WINDOWS\SYSTEM32\dbghelp.dll

VM Arguments:
jvm_args: -ea -Didea.test.cyclic.buffer.size=1048576 -javaagent:C:\Program Files\JetBrains\IntelliJ IDEA 2018.3.5\lib\idea_rt.jar=52268:C:\Program Files\JetBrains\IntelliJ IDEA 2018.3.5\bin -Dfile.encoding=UTF-8 
java_command: com.intellij.rt.execution.junit.JUnitStarter -ideVersion5 -junit5 com.example.weixin.WeixinApplicationTests,testCar
java_class_path (initial): C:\Program Files\JetBrains\IntelliJ IDEA 2018.3.5\lib\idea_rt.jar;C:\Program Files\JetBrains\IntelliJ IDEA 2018.3.5\plugins\junit\lib\junit-rt.jar;C:\Program Files\JetBrains\IntelliJ IDEA 2018.3.5\plugins\junit\lib\junit5-rt.jar;C:\Users\wl\.m2\repository\org\junit\platform\junit-platform-launcher\1.5.2\junit-platform-launcher-1.5.2.jar;C:\Users\wl\.m2\repository\org\apiguardian\apiguardian-api\1.1.0\apiguardian-api-1.1.0.jar;C:\Users\wl\.m2\repository\org\junit\platform\junit-platform-engine\1.5.2\junit-platform-engine-1.5.2.jar;C:\Users\wl\.m2\repository\org\opentest4j\opentest4j\1.2.0\opentest4j-1.2.0.jar;C:\Users\wl\.m2\repository\org\junit\platform\junit-platform-commons\1.5.2\junit-platform-commons-1.5.2.jar;D:\Tool\jdk1.8.0_111\jre\lib\charsets.jar;D:\Tool\jdk1.8.0_111\jre\lib\deploy.jar;D:\Tool\jdk1.8.0_111\jre\lib\ext\access-bridge-64.jar;D:\Tool\jdk1.8.0_111\jre\lib\ext\cldrdata.jar;D:\Tool\jdk1.8.0_111\jre\lib\ext\dnsns.jar;D:\Tool\jdk1.8.0_111\jre\lib\ext\jaccess.jar;D:\Tool\jdk1.8.0_111\jre\lib\ext\jfxrt.jar;D:\Tool\jdk1.8.0_111\jre\lib\ext\localedata.jar;D:\Tool\jdk1.8.0_111\jre\lib\ext\nashorn.jar;D:\Tool\jdk1.8.0_111\jre\lib\ext\sunec.jar;D:\Tool\jdk1.8.0_111\jre\lib\ext\sunjce_provider.jar;D:\Tool\jdk1.8.0_111\jre\lib\ext\sunmscapi.jar;D:\Tool\jdk1.8.0_111\jre\lib\ext\sunpkcs11.jar;D:\Tool\jdk1.8.0_111\jre\lib\ext\zipfs.jar;D:\Tool\jdk1.8.0_111\jre\lib\javaws.jar;D:\Tool\jdk1.8.0_111\jre\lib\jce.jar;D:\Tool\jdk1.8.0_111\jre\lib\jfr.jar;D:\Tool\jdk1.8.0_111\jre\lib\jfxswt.jar;D:\Tool\jdk1.8.0_111\jre\lib\jsse.jar;D:\Tool\jdk1.8.0_111\jre\lib\management-agent.jar;D:\Tool\jdk1.8.0_111\jre\lib\plugin.jar;D:\Tool\jdk1.8.0_111\jre\lib\resources.jar;D:\Tool\jdk1.8.0_111\jre\lib\rt.jar;D:\weixin\target\test-classes;D:\weixin\target\classes;D:\Tool\apache-maven-3.5.4\maven-repository\org\springframework\boot\spring-boot-starter\2.2.2.RELEASE\spring-boot-starter-2.2.2.RELEASE.jar;D:\Tool\apache-maven-3.5.4\maven-repository\org\spr
Launcher Type: SUN_STANDARD

Environment Variables:
JAVA_HOME=D:\Tool\jdk1.8.0_111
PATH=D:\Tool\jdk1.8.0_111\bin;D:\Tool\apache-maven-3.5.0\bin;D:\Tool\apache-tomcat-8.5.50\bin;C:\ProgramData\Oracle\Java\javapath;C:\WINDOWS\system32;C:\WINDOWS;C:\WINDOWS\System32\Wbem;C:\WINDOWS\System32\WindowsPowerShell\v1.0\;C:\WINDOWS\System32\OpenSSH\;C:\Program Files\Git\cmd;C:\Program Files (x86)\Common Files\Thunder Network\KanKan\Codecs;D:\python\Scripts\;D:\python\;C:\Users\wl\AppData\Local\Microsoft\WindowsApps;C:\Program Files\Bandizip\7z;C:\Users\wl\AppData\Local\Programs\Microsoft VS Code\bin
USERNAME=wl
OS=Windows_NT
PROCESSOR_IDENTIFIER=Intel64 Family 6 Model 78 Stepping 3, GenuineIntel



---------------  S Y S T E M  ---------------

OS: Windows 10.0 , 64 bit Build 18362 (10.0.18362.329)

CPU:total 4 (2 cores per cpu, 2 threads per core) family 6 model 78 stepping 3, cmov, cx8, fxsr, mmx, sse, sse2, sse3, ssse3, sse4.1, sse4.2, popcnt, avx, avx2, aes, clmul, erms, 3dnowpref, lzcnt, ht, tsc, tscinvbit, bmi1, bmi2, adx

Memory: 4k page, physical 16657576k(10245488k free), swap 19147944k(11182824k free)

vm_info: Java HotSpot(TM) 64-Bit Server VM (25.111-b14) for windows-amd64 JRE (1.8.0_111-b14), built on Sep 22 2016 19:24:05 by "java_re" with MS VC++ 10.0 (VS2010)

time: Mon Jan 06 19:44:01 2020
elapsed time: 3 seconds (0d 0h 0m 3s)

