#
# A fatal error has been detected by the Java Runtime Environment:
#
#  EXCEPTION_ACCESS_VIOLATION (0xc0000005) at pc=0x00000000629620d3, pid=1396, tid=0x0000000000000a08
#
# JRE version: Java(TM) SE Runtime Environment (8.0_111-b14) (build 1.8.0_111-b14)
# Java VM: Java HotSpot(TM) 64-Bit Server VM (25.111-b14 mixed mode windows-amd64 compressed oops)
# Problematic frame:
# V  [jvm.dll+0x4220d3]
#
# Failed to write core dump. Minidumps are not enabled by default on client versions of Windows
#
# If you would like to submit a bug report, please visit:
#   http://bugreport.java.com/bugreport/crash.jsp
#

---------------  T H R E A D  ---------------

Current thread (0x000000001dc9d000):  JavaThread "C1 CompilerThread2" daemon [_thread_in_native, id=2568, stack(0x000000001e280000,0x000000001e380000)]

siginfo: ExceptionCode=0xc0000005, reading address 0x00000000000000d9

Registers:
RAX=0x0000000000000001, RBX=0x00000000000000d9, RCX=0x000000001e52a5d0, RDX=0x000000001e52a510
RSP=0x000000001e37ebd0, RBP=0x000000001e52a510, RSI=0x0000000000000000, RDI=0x000000001ea37b70
R8 =0x0000000000000000, R9 =0x0000000000000001, R10=0x0000000000000001, R11=0x0000000062b969c8
R12=0x0000000000000001, R13=0x0000000062540000, R14=0x0000000000000000, R15=0x0000000000000000
RIP=0x00000000629620d3, EFLAGS=0x0000000000010286

Top of Stack: (sp=0x000000001e37ebd0)
0x000000001e37ebd0:   0000000000000700 000000001e529f60
0x000000001e37ebe0:   0000000000000001 0000000000000000
0x000000001e37ebf0:   0000000000000000 0000000000000000
0x000000001e37ec00:   0000000062540000 000000001e37ee90
0x000000001e37ec10:   000000001e37ec90 000000006295eaf0
0x000000001e37ec20:   000000001e52a510 0000000000000000
0x000000001e37ec30:   0000000000000001 0000000062962412
0x000000001e37ec40:   000000001e6722b0 000000001e672200
0x000000001e37ec50:   000000001e673131 0000000000000000
0x000000001e37ec60:   0000000000000000 000000001e673130
0x000000001e37ec70:   000000001e67331d 000000001e673134
0x000000001e37ec80:   000000c6000000c6 0000000000000001
0x000000001e37ec90:   0000000000000000 ffffffffffffffff
0x000000001e37eca0:   0000000000000000 000000001e37ee90
0x000000001e37ecb0:   000000001dbaf380 000000001ea37b70
0x000000001e37ecc0:   000000001e52a040 000000006295f01d 

Instructions: (pc=0x00000000629620d3)
0x00000000629620b3:   49 1a e5 ff 48 8b 87 c8 00 00 00 4c 89 24 d8 8d
0x00000000629620c3:   43 01 49 8d 9c 24 d8 00 00 00 89 87 c0 00 00 00
0x00000000629620d3:   4c 63 23 4c 8d 4b 10 45 3b 21 7c 10 45 8b c4 ba
0x00000000629620e3:   08 00 00 00 48 8b cb e8 11 1a e5 ff 48 8b 43 08 


Register to memory mapping:

RAX=0x0000000000000001 is an unknown value
RBX=0x00000000000000d9 is an unknown value
RCX=0x000000001e52a5d0 is an unknown value
RDX=0x000000001e52a510 is an unknown value
RSP=0x000000001e37ebd0 is pointing into the stack for thread: 0x000000001dc9d000
RBP=0x000000001e52a510 is an unknown value
RSI=0x0000000000000000 is an unknown value
RDI=0x000000001ea37b70 is an unknown value
R8 =0x0000000000000000 is an unknown value
R9 =0x0000000000000001 is an unknown value
R10=0x0000000000000001 is an unknown value
R11=0x0000000062b969c8 is an unknown value
R12=0x0000000000000001 is an unknown value
R13=0x0000000062540000 is an unknown value
R14=0x0000000000000000 is an unknown value
R15=0x0000000000000000 is an unknown value


Stack: [0x000000001e280000,0x000000001e380000],  sp=0x000000001e37ebd0,  free space=1018k
Native frames: (J=compiled Java code, j=interpreted, Vv=VM code, C=native code)
V  [jvm.dll+0x4220d3]
V  [jvm.dll+0x41eaf0]
V  [jvm.dll+0x41f01d]
V  [jvm.dll+0x41f412]
V  [jvm.dll+0x4244f5]
V  [jvm.dll+0x424600]
V  [jvm.dll+0x40ddb8]
V  [jvm.dll+0x40e021]
V  [jvm.dll+0x40e1e2]
V  [jvm.dll+0x40e3b1]
V  [jvm.dll+0x40e5bf]
V  [jvm.dll+0xa5742]
V  [jvm.dll+0xa607f]
V  [jvm.dll+0x244b7f]
V  [jvm.dll+0x29c43a]
C  [msvcr100.dll+0x21d9f]
C  [msvcr100.dll+0x21e3b]
C  [KERNEL32.DLL+0x17bd4]
C  [ntdll.dll+0x6ced1]


Current CompileTask:
C1:   7358 2501   !   1       java.util.concurrent.ConcurrentHashMap::computeIfAbsent (493 bytes)


---------------  P R O C E S S  ---------------

Java Threads: ( => current thread )
  0x000000001e6f9000 JavaThread "container-0" [_thread_blocked, id=6132, stack(0x0000000021420000,0x0000000021520000)]
  0x000000001e6f8800 JavaThread "Catalina-utility-2" [_thread_blocked, id=3532, stack(0x0000000021320000,0x0000000021420000)]
  0x000000001ffd2000 JavaThread "Catalina-utility-1" [_thread_blocked, id=16328, stack(0x0000000021220000,0x0000000021320000)]
  0x000000001e8b9000 JavaThread "RMI Scheduler(0)" daemon [_thread_blocked, id=12816, stack(0x000000001f550000,0x000000001f650000)]
  0x000000001e864800 JavaThread "RMI TCP Connection(1)-192.168.154.1" daemon [_thread_in_native, id=9056, stack(0x000000001f450000,0x000000001f550000)]
  0x000000001e534000 JavaThread "RMI TCP Accept-0" daemon [_thread_in_native, id=9076, stack(0x000000001eca0000,0x000000001eda0000)]
  0x000000001dcb8800 JavaThread "Service Thread" daemon [_thread_blocked, id=15008, stack(0x000000001e380000,0x000000001e480000)]
=>0x000000001dc9d000 JavaThread "C1 CompilerThread2" daemon [_thread_in_native, id=2568, stack(0x000000001e280000,0x000000001e380000)]
  0x000000001dbf7000 JavaThread "C2 CompilerThread1" daemon [_thread_blocked, id=7280, stack(0x000000001e180000,0x000000001e280000)]
  0x000000001dbf6800 JavaThread "C2 CompilerThread0" daemon [_thread_blocked, id=16056, stack(0x000000001e080000,0x000000001e180000)]
  0x000000001db7b800 JavaThread "Monitor Ctrl-Break" daemon [_thread_in_native, id=10636, stack(0x000000001df80000,0x000000001e080000)]
  0x000000001c5c3000 JavaThread "Attach Listener" daemon [_thread_blocked, id=3196, stack(0x000000001de80000,0x000000001df80000)]
  0x000000001c5c2000 JavaThread "Signal Dispatcher" daemon [_thread_blocked, id=4108, stack(0x000000001dd80000,0x000000001de80000)]
  0x0000000002fd8000 JavaThread "Finalizer" daemon [_thread_blocked, id=14712, stack(0x000000001d820000,0x000000001d920000)]
  0x0000000002fd3000 JavaThread "Reference Handler" daemon [_thread_blocked, id=6740, stack(0x000000001d720000,0x000000001d820000)]
  0x0000000002ee4800 JavaThread "main" [_thread_in_native, id=3760, stack(0x0000000002c50000,0x0000000002d50000)]

Other Threads:
  0x000000001c576000 VMThread [stack: 0x000000001d620000,0x000000001d720000] [id=10664]
  0x000000001e53a800 WatcherThread [stack: 0x000000001eda0000,0x000000001eea0000] [id=6696]

VM state:not at safepoint (normal execution)

VM Mutex/Monitor currently owned by a thread: None

Heap:
 PSYoungGen      total 76288K, used 38480K [0x000000076b400000, 0x0000000772700000, 0x00000007c0000000)
  eden space 65536K, 46% used [0x000000076b400000,0x000000076d1c3838,0x000000076f400000)
  from space 10752K, 74% used [0x000000076f400000,0x000000076fbd0b10,0x000000076fe80000)
  to   space 10752K, 0% used [0x0000000771c80000,0x0000000771c80000,0x0000000772700000)
 ParOldGen       total 110080K, used 10104K [0x00000006c1c00000, 0x00000006c8780000, 0x000000076b400000)
  object space 110080K, 9% used [0x00000006c1c00000,0x00000006c25de098,0x00000006c8780000)
 Metaspace       used 27021K, capacity 28550K, committed 28928K, reserved 1075200K
  class space    used 3673K, capacity 3969K, committed 4096K, reserved 1048576K

Card table byte_map: [0x00000000123a0000,0x0000000012ba0000] byte_map_base: 0x000000000ed92000

Marking Bits: (ParMarkBitMap*) 0x0000000062d5a6c0
 Begin Bits: [0x00000000134f0000, 0x0000000017480000)
 End Bits:   [0x0000000017480000, 0x000000001b410000)

Polling page: 0x00000000009f0000

CodeCache: size=245760Kb used=5040Kb max_used=5040Kb free=240719Kb
 bounds [0x0000000002fe0000, 0x00000000034d0000, 0x0000000011fe0000]
 total_blobs=2917 nmethods=2500 adapters=329
 compilation: enabled

Compilation events (10 events):
Event: 7.272 Thread 0x000000001dc9d000 nmethod 2496 0x00000000034cb410 code [0x00000000034cb560, 0x00000000034cb670]
Event: 7.273 Thread 0x000000001dc9d000 2497       1       java.lang.invoke.LambdaForm$DMH/2030562336::invokeStatic_L4_L (20 bytes)
Event: 7.273 Thread 0x000000001dc9d000 nmethod 2497 0x00000000034cb6d0 code [0x00000000034cb840, 0x00000000034cb9b8]
Event: 7.273 Thread 0x000000001dc9d000 2498       1       org.springframework.beans.factory.support.DefaultListableBeanFactory::isConfigurationFrozen (5 bytes)
Event: 7.274 Thread 0x000000001dc9d000 nmethod 2498 0x00000000034cbad0 code [0x00000000034cbc20, 0x00000000034cbd30]
Event: 7.274 Thread 0x000000001dc9d000 2499       1       java.util.ArrayDeque::<init> (14 bytes)
Event: 7.274 Thread 0x000000001dc9d000 nmethod 2499 0x00000000034cbd90 code [0x00000000034cbee0, 0x00000000034cc090]
Event: 7.274 Thread 0x000000001dc9d000 2500       1       java.util.Collections$SingletonList::size (2 bytes)
Event: 7.274 Thread 0x000000001dc9d000 nmethod 2500 0x00000000034cc110 code [0x00000000034cc260, 0x00000000034cc370]
Event: 7.276 Thread 0x000000001dc9d000 2501   !   1       java.util.concurrent.ConcurrentHashMap::computeIfAbsent (493 bytes)

GC Heap History (8 events):
Event: 4.069 GC heap before
{Heap before GC invocations=1 (full 0):
 PSYoungGen      total 76288K, used 65536K [0x000000076b400000, 0x0000000770900000, 0x00000007c0000000)
  eden space 65536K, 100% used [0x000000076b400000,0x000000076f400000,0x000000076f400000)
  from space 10752K, 0% used [0x000000076fe80000,0x000000076fe80000,0x0000000770900000)
  to   space 10752K, 0% used [0x000000076f400000,0x000000076f400000,0x000000076fe80000)
 ParOldGen       total 175104K, used 0K [0x00000006c1c00000, 0x00000006cc700000, 0x000000076b400000)
  object space 175104K, 0% used [0x00000006c1c00000,0x00000006c1c00000,0x00000006cc700000)
 Metaspace       used 15107K, capacity 15646K, committed 15744K, reserved 1062912K
  class space    used 1991K, capacity 2119K, committed 2176K, reserved 1048576K
Event: 4.082 GC heap after
Heap after GC invocations=1 (full 0):
 PSYoungGen      total 76288K, used 8291K [0x000000076b400000, 0x0000000770900000, 0x00000007c0000000)
  eden space 65536K, 0% used [0x000000076b400000,0x000000076b400000,0x000000076f400000)
  from space 10752K, 77% used [0x000000076f400000,0x000000076fc18ee8,0x000000076fe80000)
  to   space 10752K, 0% used [0x000000076fe80000,0x000000076fe80000,0x0000000770900000)
 ParOldGen       total 175104K, used 16K [0x00000006c1c00000, 0x00000006cc700000, 0x000000076b400000)
  object space 175104K, 0% used [0x00000006c1c00000,0x00000006c1c04000,0x00000006cc700000)
 Metaspace       used 15107K, capacity 15646K, committed 15744K, reserved 1062912K
  class space    used 1991K, capacity 2119K, committed 2176K, reserved 1048576K
}
Event: 5.293 GC heap before
{Heap before GC invocations=2 (full 0):
 PSYoungGen      total 76288K, used 64573K [0x000000076b400000, 0x0000000770900000, 0x00000007c0000000)
  eden space 65536K, 85% used [0x000000076b400000,0x000000076eaf6560,0x000000076f400000)
  from space 10752K, 77% used [0x000000076f400000,0x000000076fc18ee8,0x000000076fe80000)
  to   space 10752K, 0% used [0x000000076fe80000,0x000000076fe80000,0x0000000770900000)
 ParOldGen       total 175104K, used 16K [0x00000006c1c00000, 0x00000006cc700000, 0x000000076b400000)
  object space 175104K, 0% used [0x00000006c1c00000,0x00000006c1c04000,0x00000006cc700000)
 Metaspace       used 20476K, capacity 21272K, committed 21296K, reserved 1067008K
  class space    used 2742K, capacity 2934K, committed 2944K, reserved 1048576K
Event: 5.305 GC heap after
Heap after GC invocations=2 (full 0):
 PSYoungGen      total 76288K, used 10417K [0x000000076b400000, 0x0000000770900000, 0x00000007c0000000)
  eden space 65536K, 0% used [0x000000076b400000,0x000000076b400000,0x000000076f400000)
  from space 10752K, 96% used [0x000000076fe80000,0x00000007708ac730,0x0000000770900000)
  to   space 10752K, 0% used [0x000000076f400000,0x000000076f400000,0x000000076fe80000)
 ParOldGen       total 175104K, used 24K [0x00000006c1c00000, 0x00000006cc700000, 0x000000076b400000)
  object space 175104K, 0% used [0x00000006c1c00000,0x00000006c1c06000,0x00000006cc700000)
 Metaspace       used 20476K, capacity 21272K, committed 21296K, reserved 1067008K
  class space    used 2742K, capacity 2934K, committed 2944K, reserved 1048576K
}
Event: 5.305 GC heap before
{Heap before GC invocations=3 (full 1):
 PSYoungGen      total 76288K, used 10417K [0x000000076b400000, 0x0000000770900000, 0x00000007c0000000)
  eden space 65536K, 0% used [0x000000076b400000,0x000000076b400000,0x000000076f400000)
  from space 10752K, 96% used [0x000000076fe80000,0x00000007708ac730,0x0000000770900000)
  to   space 10752K, 0% used [0x000000076f400000,0x000000076f400000,0x000000076fe80000)
 ParOldGen       total 175104K, used 24K [0x00000006c1c00000, 0x00000006cc700000, 0x000000076b400000)
  object space 175104K, 0% used [0x00000006c1c00000,0x00000006c1c06000,0x00000006cc700000)
 Metaspace       used 20476K, capacity 21272K, committed 21296K, reserved 1067008K
  class space    used 2742K, capacity 2934K, committed 2944K, reserved 1048576K
Event: 5.343 GC heap after
Heap after GC invocations=3 (full 1):
 PSYoungGen      total 76288K, used 0K [0x000000076b400000, 0x0000000770900000, 0x00000007c0000000)
  eden space 65536K, 0% used [0x000000076b400000,0x000000076b400000,0x000000076f400000)
  from space 10752K, 0% used [0x000000076fe80000,0x000000076fe80000,0x0000000770900000)
  to   space 10752K, 0% used [0x000000076f400000,0x000000076f400000,0x000000076fe80000)
 ParOldGen       total 110080K, used 10096K [0x00000006c1c00000, 0x00000006c8780000, 0x000000076b400000)
  object space 110080K, 9% used [0x00000006c1c00000,0x00000006c25dc098,0x00000006c8780000)
 Metaspace       used 20476K, capacity 21272K, committed 21296K, reserved 1067008K
  class space    used 2742K, capacity 2934K, committed 2944K, reserved 1048576K
}
Event: 6.711 GC heap before
{Heap before GC invocations=4 (full 1):
 PSYoungGen      total 76288K, used 65536K [0x000000076b400000, 0x0000000770900000, 0x00000007c0000000)
  eden space 65536K, 100% used [0x000000076b400000,0x000000076f400000,0x000000076f400000)
  from space 10752K, 0% used [0x000000076fe80000,0x000000076fe80000,0x0000000770900000)
  to   space 10752K, 0% used [0x000000076f400000,0x000000076f400000,0x000000076fe80000)
 ParOldGen       total 110080K, used 10096K [0x00000006c1c00000, 0x00000006c8780000, 0x000000076b400000)
  object space 110080K, 9% used [0x00000006c1c00000,0x00000006c25dc098,0x00000006c8780000)
 Metaspace       used 25368K, capacity 26834K, committed 27136K, reserved 1073152K
  class space    used 3454K, capacity 3751K, committed 3840K, reserved 1048576K
Event: 6.719 GC heap after
Heap after GC invocations=4 (full 1):
 PSYoungGen      total 76288K, used 8002K [0x000000076b400000, 0x0000000772700000, 0x00000007c0000000)
  eden space 65536K, 0% used [0x000000076b400000,0x000000076b400000,0x000000076f400000)
  from space 10752K, 74% used [0x000000076f400000,0x000000076fbd0b10,0x000000076fe80000)
  to   space 10752K, 0% used [0x0000000771c80000,0x0000000771c80000,0x0000000772700000)
 ParOldGen       total 110080K, used 10104K [0x00000006c1c00000, 0x00000006c8780000, 0x000000076b400000)
  object space 110080K, 9% used [0x00000006c1c00000,0x00000006c25de098,0x00000006c8780000)
 Metaspace       used 25368K, capacity 26834K, committed 27136K, reserved 1073152K
  class space    used 3454K, capacity 3751K, committed 3840K, reserved 1048576K
}

Deoptimization events (0 events):
No events

Internal exceptions (10 events):
Event: 7.224 Thread 0x0000000002ee4800 Exception <a 'java/lang/ArrayIndexOutOfBoundsException'> (0x000000076cd5bf90) thrown at [C:\re\workspace\8-2-build-windows-amd64-cygwin\jdk8u111\7883\hotspot\src\share\vm\runtime\sharedRuntime.cpp, line 605]
Event: 7.225 Thread 0x0000000002ee4800 Exception <a 'java/lang/ArrayIndexOutOfBoundsException'> (0x000000076cd5dc10) thrown at [C:\re\workspace\8-2-build-windows-amd64-cygwin\jdk8u111\7883\hotspot\src\share\vm\runtime\sharedRuntime.cpp, line 605]
Event: 7.226 Thread 0x0000000002ee4800 Exception <a 'java/lang/ArrayIndexOutOfBoundsException'> (0x000000076cd702f8) thrown at [C:\re\workspace\8-2-build-windows-amd64-cygwin\jdk8u111\7883\hotspot\src\share\vm\runtime\sharedRuntime.cpp, line 605]
Event: 7.227 Thread 0x0000000002ee4800 Exception <a 'java/lang/ArrayIndexOutOfBoundsException'> (0x000000076cd7aeb0) thrown at [C:\re\workspace\8-2-build-windows-amd64-cygwin\jdk8u111\7883\hotspot\src\share\vm\runtime\sharedRuntime.cpp, line 605]
Event: 7.227 Thread 0x0000000002ee4800 Exception <a 'java/lang/ArrayIndexOutOfBoundsException'> (0x000000076cd7c690) thrown at [C:\re\workspace\8-2-build-windows-amd64-cygwin\jdk8u111\7883\hotspot\src\share\vm\runtime\sharedRuntime.cpp, line 605]
Event: 7.227 Thread 0x0000000002ee4800 Exception <a 'java/lang/ArrayIndexOutOfBoundsException'> (0x000000076cd7d750) thrown at [C:\re\workspace\8-2-build-windows-amd64-cygwin\jdk8u111\7883\hotspot\src\share\vm\runtime\sharedRuntime.cpp, line 605]
Event: 7.294 Thread 0x0000000002ee4800 Exception <a 'java/lang/ArrayIndexOutOfBoundsException'> (0x000000076cf8e018) thrown at [C:\re\workspace\8-2-build-windows-amd64-cygwin\jdk8u111\7883\hotspot\src\share\vm\runtime\sharedRuntime.cpp, line 605]
Event: 7.297 Thread 0x0000000002ee4800 Exception <a 'java/lang/ArrayIndexOutOfBoundsException'> (0x000000076cfae8d0) thrown at [C:\re\workspace\8-2-build-windows-amd64-cygwin\jdk8u111\7883\hotspot\src\share\vm\runtime\sharedRuntime.cpp, line 605]
Event: 7.297 Thread 0x0000000002ee4800 Exception <a 'java/lang/ArrayIndexOutOfBoundsException'> (0x000000076cfb0100) thrown at [C:\re\workspace\8-2-build-windows-amd64-cygwin\jdk8u111\7883\hotspot\src\share\vm\runtime\sharedRuntime.cpp, line 605]
Event: 7.297 Thread 0x0000000002ee4800 Exception <a 'java/lang/ArrayIndexOutOfBoundsException'> (0x000000076cfb8c28) thrown at [C:\re\workspace\8-2-build-windows-amd64-cygwin\jdk8u111\7883\hotspot\src\share\vm\runtime\sharedRuntime.cpp, line 605]

Events (10 events):
Event: 7.298 loading class org/springframework/http/HttpInputMessage
Event: 7.298 loading class org/springframework/http/HttpInputMessage done
Event: 7.299 loading class org/springframework/http/converter/HttpMessageNotReadableException
Event: 7.299 loading class org/springframework/http/converter/HttpMessageNotReadableException done
Event: 7.300 loading class org/springframework/http/converter/HttpMessageConversionException
Event: 7.300 loading class org/springframework/http/converter/HttpMessageConversionException done
Event: 7.300 loading class org/springframework/http/HttpOutputMessage
Event: 7.300 loading class org/springframework/http/HttpOutputMessage done
Event: 7.301 loading class org/springframework/http/converter/HttpMessageNotWritableException
Event: 7.301 loading class org/springframework/http/converter/HttpMessageNotWritableException done


Dynamic libraries:
0x00007ff713d00000 - 0x00007ff713d37000 	D:\Tool\jdk1.8.0_111\bin\java.exe
0x00007ffa8fb80000 - 0x00007ffa8fd70000 	C:\WINDOWS\SYSTEM32\ntdll.dll
0x00007ffa8eda0000 - 0x00007ffa8ee52000 	C:\WINDOWS\System32\KERNEL32.DLL
0x00007ffa8d370000 - 0x00007ffa8d613000 	C:\WINDOWS\System32\KERNELBASE.dll
0x00007ffa8fa90000 - 0x00007ffa8fb33000 	C:\WINDOWS\System32\ADVAPI32.dll
0x00007ffa8e510000 - 0x00007ffa8e5ae000 	C:\WINDOWS\System32\msvcrt.dll
0x00007ffa8dc30000 - 0x00007ffa8dcc7000 	C:\WINDOWS\System32\sechost.dll
0x00007ffa8ee60000 - 0x00007ffa8ef80000 	C:\WINDOWS\System32\RPCRT4.dll
0x00007ffa8eac0000 - 0x00007ffa8ec54000 	C:\WINDOWS\System32\USER32.dll
0x00007ffa8dab0000 - 0x00007ffa8dad1000 	C:\WINDOWS\System32\win32u.dll
0x00007ffa8f200000 - 0x00007ffa8f226000 	C:\WINDOWS\System32\GDI32.dll
0x00007ffa8d910000 - 0x00007ffa8daa4000 	C:\WINDOWS\System32\gdi32full.dll
0x00007ffa8d670000 - 0x00007ffa8d70e000 	C:\WINDOWS\System32\msvcp_win.dll
0x00007ffa8d710000 - 0x00007ffa8d80a000 	C:\WINDOWS\System32\ucrtbase.dll
0x00007ffa74480000 - 0x00007ffa74705000 	C:\WINDOWS\WinSxS\amd64_microsoft.windows.common-controls_6595b64144ccf1df_6.0.18362.535_none_e6c3b34713100821\COMCTL32.dll
0x00007ffa8e1d0000 - 0x00007ffa8e506000 	C:\WINDOWS\System32\combase.dll
0x00007ffa8cb10000 - 0x00007ffa8cb90000 	C:\WINDOWS\System32\bcryptPrimitives.dll
0x00007ffa8e700000 - 0x00007ffa8e72e000 	C:\WINDOWS\System32\IMM32.DLL
0x0000000064540000 - 0x0000000064612000 	D:\Tool\jdk1.8.0_111\jre\bin\msvcr100.dll
0x0000000062540000 - 0x0000000062dda000 	D:\Tool\jdk1.8.0_111\jre\bin\server\jvm.dll
0x00007ffa8dd50000 - 0x00007ffa8dd58000 	C:\WINDOWS\System32\PSAPI.DLL
0x00007ffa897e0000 - 0x00007ffa897e9000 	C:\WINDOWS\SYSTEM32\WSOCK32.dll
0x00007ffa8ec60000 - 0x00007ffa8eccf000 	C:\WINDOWS\System32\WS2_32.dll
0x00007ffa88df0000 - 0x00007ffa88e14000 	C:\WINDOWS\SYSTEM32\WINMM.dll
0x00007ffa7ef70000 - 0x00007ffa7ef7a000 	C:\WINDOWS\SYSTEM32\VERSION.dll
0x00007ffa889c0000 - 0x00007ffa889ed000 	C:\WINDOWS\SYSTEM32\WINMMBASE.dll
0x00007ffa8d620000 - 0x00007ffa8d66a000 	C:\WINDOWS\System32\cfgmgr32.dll
0x0000000064530000 - 0x000000006453f000 	D:\Tool\jdk1.8.0_111\jre\bin\verify.dll
0x0000000064500000 - 0x0000000064529000 	D:\Tool\jdk1.8.0_111\jre\bin\java.dll
0x00000000644d0000 - 0x00000000644f3000 	D:\Tool\jdk1.8.0_111\jre\bin\instrument.dll
0x00000000644b0000 - 0x00000000644c6000 	D:\Tool\jdk1.8.0_111\jre\bin\zip.dll
0x00007ffa8f290000 - 0x00007ffa8f975000 	C:\WINDOWS\System32\SHELL32.dll
0x00007ffa8efa0000 - 0x00007ffa8f049000 	C:\WINDOWS\System32\shcore.dll
0x00007ffa8cbf0000 - 0x00007ffa8d36f000 	C:\WINDOWS\System32\windows.storage.dll
0x00007ffa8cad0000 - 0x00007ffa8caef000 	C:\WINDOWS\System32\profapi.dll
0x00007ffa8ca80000 - 0x00007ffa8caca000 	C:\WINDOWS\System32\powrprof.dll
0x00007ffa8ca50000 - 0x00007ffa8ca60000 	C:\WINDOWS\System32\UMPDC.dll
0x00007ffa8e9e0000 - 0x00007ffa8ea32000 	C:\WINDOWS\System32\shlwapi.dll
0x00007ffa8ca60000 - 0x00007ffa8ca71000 	C:\WINDOWS\System32\kernel.appcore.dll
0x00007ffa8d8c0000 - 0x00007ffa8d8d7000 	C:\WINDOWS\System32\cryptsp.dll
0x00007ffa6cff0000 - 0x00007ffa6d00a000 	C:\Program Files\JetBrains\IntelliJ IDEA 2018.3.5\bin\breakgen64.dll
0x00000000643a0000 - 0x00000000643ba000 	D:\Tool\jdk1.8.0_111\jre\bin\net.dll
0x00007ffa8c2c0000 - 0x00007ffa8c327000 	C:\WINDOWS\system32\mswsock.dll
0x00007ffa8c010000 - 0x00007ffa8c0da000 	C:\WINDOWS\SYSTEM32\DNSAPI.dll
0x00007ffa8e870000 - 0x00007ffa8e878000 	C:\WINDOWS\System32\NSI.dll
0x00007ffa8bfd0000 - 0x00007ffa8c00a000 	C:\WINDOWS\SYSTEM32\IPHLPAPI.DLL
0x00007ffa80b00000 - 0x00007ffa80b0a000 	C:\Windows\System32\rasadhlp.dll
0x00007ffa81720000 - 0x00007ffa81797000 	C:\WINDOWS\System32\fwpuclnt.dll
0x00007ffa8d8e0000 - 0x00007ffa8d906000 	C:\WINDOWS\System32\bcrypt.dll
0x00000000644a0000 - 0x00000000644ad000 	D:\Tool\jdk1.8.0_111\jre\bin\management.dll
0x0000000064380000 - 0x0000000064391000 	D:\Tool\jdk1.8.0_111\jre\bin\nio.dll
0x00007ffa8be30000 - 0x00007ffa8be63000 	C:\WINDOWS\system32\rsaenh.dll
0x00007ffa8c970000 - 0x00007ffa8c995000 	C:\WINDOWS\SYSTEM32\USERENV.dll
0x00007ffa8c490000 - 0x00007ffa8c49c000 	C:\WINDOWS\SYSTEM32\CRYPTBASE.dll
0x00007ffa84ff0000 - 0x00007ffa85006000 	C:\WINDOWS\SYSTEM32\dhcpcsvc6.DLL
0x00007ffa84fd0000 - 0x00007ffa84fec000 	C:\WINDOWS\SYSTEM32\dhcpcsvc.DLL
0x00007ffa7ff90000 - 0x00007ffa7ffa6000 	C:\WINDOWS\system32\napinsp.dll
0x00007ffa7ff70000 - 0x00007ffa7ff8a000 	C:\WINDOWS\system32\pnrpnsp.dll
0x00007ffa88730000 - 0x00007ffa88745000 	C:\WINDOWS\system32\wshbth.dll
0x00007ffa89590000 - 0x00007ffa895ac000 	C:\WINDOWS\system32\NLAapi.dll
0x00007ffa87b30000 - 0x00007ffa87b3e000 	C:\WINDOWS\System32\winrnr.dll
0x0000000180000000 - 0x0000000180282000 	D:\Tool\apache-tomcat-8.5.50\bin\tcnative-1.dll
0x00007ffa8dae0000 - 0x00007ffa8dc29000 	C:\WINDOWS\System32\CRYPT32.dll
0x00007ffa8caf0000 - 0x00007ffa8cb02000 	C:\WINDOWS\System32\MSASN1.dll
0x00007ffa6f990000 - 0x00007ffa6fb84000 	C:\WINDOWS\SYSTEM32\dbghelp.dll

VM Arguments:
jvm_args: -XX:TieredStopAtLevel=1 -Xverify:none -Dspring.output.ansi.enabled=always -Dcom.sun.management.jmxremote -Dspring.liveBeansView.mbeanDomain -Dspring.application.admin.enabled=true -javaagent:C:\Program Files\JetBrains\IntelliJ IDEA 2018.3.5\lib\idea_rt.jar=50292:C:\Program Files\JetBrains\IntelliJ IDEA 2018.3.5\bin -Dfile.encoding=UTF-8 
java_command: com.example.weixin.WeixinApplication
java_class_path (initial): D:\Tool\jdk1.8.0_111\jre\lib\charsets.jar;D:\Tool\jdk1.8.0_111\jre\lib\deploy.jar;D:\Tool\jdk1.8.0_111\jre\lib\ext\access-bridge-64.jar;D:\Tool\jdk1.8.0_111\jre\lib\ext\cldrdata.jar;D:\Tool\jdk1.8.0_111\jre\lib\ext\dnsns.jar;D:\Tool\jdk1.8.0_111\jre\lib\ext\jaccess.jar;D:\Tool\jdk1.8.0_111\jre\lib\ext\jfxrt.jar;D:\Tool\jdk1.8.0_111\jre\lib\ext\localedata.jar;D:\Tool\jdk1.8.0_111\jre\lib\ext\nashorn.jar;D:\Tool\jdk1.8.0_111\jre\lib\ext\sunec.jar;D:\Tool\jdk1.8.0_111\jre\lib\ext\sunjce_provider.jar;D:\Tool\jdk1.8.0_111\jre\lib\ext\sunmscapi.jar;D:\Tool\jdk1.8.0_111\jre\lib\ext\sunpkcs11.jar;D:\Tool\jdk1.8.0_111\jre\lib\ext\zipfs.jar;D:\Tool\jdk1.8.0_111\jre\lib\javaws.jar;D:\Tool\jdk1.8.0_111\jre\lib\jce.jar;D:\Tool\jdk1.8.0_111\jre\lib\jfr.jar;D:\Tool\jdk1.8.0_111\jre\lib\jfxswt.jar;D:\Tool\jdk1.8.0_111\jre\lib\jsse.jar;D:\Tool\jdk1.8.0_111\jre\lib\management-agent.jar;D:\Tool\jdk1.8.0_111\jre\lib\plugin.jar;D:\Tool\jdk1.8.0_111\jre\lib\resources.jar;D:\Tool\jdk1.8.0_111\jre\lib\rt.jar;D:\weixin\target\classes;D:\Tool\apache-maven-3.5.4\maven-repository\org\springframework\boot\spring-boot-starter\2.2.2.RELEASE\spring-boot-starter-2.2.2.RELEASE.jar;D:\Tool\apache-maven-3.5.4\maven-repository\org\springframework\boot\spring-boot\2.2.2.RELEASE\spring-boot-2.2.2.RELEASE.jar;D:\Tool\apache-maven-3.5.4\maven-repository\org\springframework\spring-context\5.2.2.RELEASE\spring-context-5.2.2.RELEASE.jar;D:\Tool\apache-maven-3.5.4\maven-repository\org\springframework\boot\spring-boot-autoconfigure\2.2.2.RELEASE\spring-boot-autoconfigure-2.2.2.RELEASE.jar;D:\Tool\apache-maven-3.5.4\maven-repository\org\springframework\boot\spring-boot-starter-logging\2.2.2.RELEASE\spring-boot-starter-logging-2.2.2.RELEASE.jar;D:\Tool\apache-maven-3.5.4\maven-repository\ch\qos\logback\logback-classic\1.2.3\logback-classic-1.2.3.jar;D:\Tool\apache-maven-3.5.4\maven-repository\ch\qos\logback\logback-core\1.2.3\logback-core-1.2.3.jar;D:\Tool\apache-maven-3.5.4\maven-rep
Launcher Type: SUN_STANDARD

Environment Variables:
JAVA_HOME=D:\Tool\jdk1.8.0_111
PATH=D:\Tool\jdk1.8.0_111\bin;D:\Tool\apache-maven-3.5.0\bin;D:\Tool\apache-tomcat-8.5.50\bin;C:\ProgramData\Oracle\Java\javapath;C:\WINDOWS\system32;C:\WINDOWS;C:\WINDOWS\System32\Wbem;C:\WINDOWS\System32\WindowsPowerShell\v1.0\;C:\WINDOWS\System32\OpenSSH\;C:\Program Files\Git\cmd;D:\python\Scripts\;D:\python\;C:\Users\wl\AppData\Local\Microsoft\WindowsApps;C:\Program Files\Bandizip\7z;C:\Users\wl\AppData\Local\Programs\Microsoft VS Code\bin
USERNAME=wl
OS=Windows_NT
PROCESSOR_IDENTIFIER=Intel64 Family 6 Model 78 Stepping 3, GenuineIntel



---------------  S Y S T E M  ---------------

OS: Windows 10.0 , 64 bit Build 18362 (10.0.18362.329)

CPU:total 4 (2 cores per cpu, 2 threads per core) family 6 model 78 stepping 3, cmov, cx8, fxsr, mmx, sse, sse2, sse3, ssse3, sse4.1, sse4.2, popcnt, avx, avx2, aes, clmul, erms, 3dnowpref, lzcnt, ht, tsc, tscinvbit, bmi1, bmi2, adx

Memory: 4k page, physical 16657576k(10349816k free), swap 19147944k(10029596k free)

vm_info: Java HotSpot(TM) 64-Bit Server VM (25.111-b14) for windows-amd64 JRE (1.8.0_111-b14), built on Sep 22 2016 19:24:05 by "java_re" with MS VC++ 10.0 (VS2010)

time: Sat Jan 04 11:40:02 2020
elapsed time: 7 seconds (0d 0h 0m 7s)

